<?xml version="1.0" encoding="UTF-8"?>
<testsuite name="brut.androlib.BuildAndDecodeJarTest" tests="1" skipped="0" failures="0" errors="0" timestamp="2016-04-23T20:23:13" hostname="box395.localdomain" time="0.0">
  <properties/>
  <testcase name="buildAndDecodeTest" classname="brut.androlib.BuildAndDecodeJarTest" time="0.0"/>
  <system-out><![CDATA[]]></system-out>
  <system-err><![CDATA[Apr 23, 2016 8:23:12 PM brut.androlib.BuildAndDecodeJarTest beforeClass
INFO: Unpacking testjar...
Apr 23, 2016 8:23:12 PM brut.androlib.BuildAndDecodeJarTest beforeClass
INFO: Building testjar.jar...
Apr 23, 2016 8:23:12 PM brut.androlib.Androlib build
INFO: Using Apktool 2.1.1-d05dc3-SNAPSHOT
Apr 23, 2016 8:23:12 PM brut.androlib.Androlib buildSourcesSmali
INFO: Checking whether sources has changed...
Apr 23, 2016 8:23:12 PM brut.androlib.Androlib buildSourcesSmali
INFO: Smaling smali folder into classes.dex...
Apr 23, 2016 8:23:13 PM brut.androlib.Androlib buildResources
WARNING: Could not find resources
Apr 23, 2016 8:23:13 PM brut.androlib.Androlib buildApk
INFO: Building apk file...
Apr 23, 2016 8:23:13 PM brut.androlib.BuildAndDecodeJarTest beforeClass
INFO: Decoding testjar.jar...
Apr 23, 2016 8:23:13 PM brut.androlib.ApkDecoder decode
INFO: Using Apktool 2.1.1-d05dc3-SNAPSHOT on testjar.jar
Apr 23, 2016 8:23:13 PM brut.androlib.Androlib decodeSourcesSmali
INFO: Baksmaling classes.dex...
Apr 23, 2016 8:23:13 PM brut.androlib.Androlib decodeRawFiles
INFO: Copying assets and libs...
Apr 23, 2016 8:23:13 PM brut.androlib.Androlib decodeUnknownFiles
INFO: Copying unknown files...
Apr 23, 2016 8:23:13 PM brut.androlib.Androlib writeOriginalFiles
INFO: Copying original files...
]]></system-err>
</testsuite>
