<?xml version="1.0" encoding="UTF-8"?>
<testsuite name="brut.androlib.SharedLibraryTest" tests="3" skipped="0" failures="0" errors="0" timestamp="2016-04-23T20:23:35" hostname="box395.localdomain" time="0.811">
  <properties/>
  <testcase name="isFrameworkTaggingWorking" classname="brut.androlib.SharedLibraryTest" time="0.005"/>
  <testcase name="isFrameworkInstallingWorking" classname="brut.androlib.SharedLibraryTest" time="0.003"/>
  <testcase name="isSharedResourceDecodingAndRebuildingWorking" classname="brut.androlib.SharedLibraryTest" time="0.802"/>
  <system-out><![CDATA[]]></system-out>
  <system-err><![CDATA[Apr 23, 2016 8:23:35 PM brut.androlib.res.AndrolibResources installFramework
INFO: Framework installed to: /tmp/BRUT8726891594845644915.tmp/2-building.apk
Apr 23, 2016 8:23:35 PM brut.androlib.res.AndrolibResources installFramework
INFO: Framework installed to: /tmp/BRUT8726891594845644915.tmp/2.apk
Apr 23, 2016 8:23:35 PM brut.androlib.res.AndrolibResources installFramework
INFO: Framework installed to: /tmp/BRUT8726891594845644915.tmp/2-shared.apk
Apr 23, 2016 8:23:35 PM brut.androlib.ApkDecoder decode
INFO: Using Apktool 2.1.1-d05dc3-SNAPSHOT on client.apk
Apr 23, 2016 8:23:35 PM brut.androlib.res.AndrolibResources loadMainPkg
INFO: Loading resource table...
Apr 23, 2016 8:23:35 PM brut.androlib.res.decoder.ARSCDecoder readLibraryType
INFO: Decoding Shared Library (com.google.android.test.shared_library), pkgId: 2
Apr 23, 2016 8:23:35 PM brut.androlib.res.AndrolibResources decodeManifestWithResources
INFO: Decoding AndroidManifest.xml with resources...
Apr 23, 2016 8:23:35 PM brut.androlib.res.AndrolibResources loadFrameworkPkg
INFO: Loading resource table from file: /tmp/BRUT8726891594845644915.tmp/1.apk
Apr 23, 2016 8:23:35 PM brut.androlib.res.AndrolibResources adjustPackageManifest
INFO: Regular manifest package...
Apr 23, 2016 8:23:35 PM brut.androlib.res.AndrolibResources decode
INFO: Decoding file-resources...
Apr 23, 2016 8:23:35 PM brut.androlib.res.AndrolibResources loadFrameworkPkg
INFO: Loading resource table from file: /tmp/BRUT8726891594845644915.tmp/2-shared.apk
Apr 23, 2016 8:23:35 PM brut.androlib.res.AndrolibResources decode
INFO: Decoding values */* XMLs...
Apr 23, 2016 8:23:35 PM brut.androlib.Androlib decodeSourcesSmali
INFO: Baksmaling classes.dex...
Apr 23, 2016 8:23:35 PM brut.androlib.Androlib decodeRawFiles
INFO: Copying assets and libs...
Apr 23, 2016 8:23:35 PM brut.androlib.Androlib decodeUnknownFiles
INFO: Copying unknown files...
Apr 23, 2016 8:23:35 PM brut.androlib.Androlib writeOriginalFiles
INFO: Copying original files...
Apr 23, 2016 8:23:35 PM brut.androlib.ApkDecoder decode
INFO: Using Apktool 2.1.1-d05dc3-SNAPSHOT on library.apk
Apr 23, 2016 8:23:35 PM brut.androlib.res.AndrolibResources loadMainPkg
INFO: Loading resource table...
Apr 23, 2016 8:23:35 PM brut.androlib.res.AndrolibResources decodeManifestWithResources
INFO: Decoding AndroidManifest.xml with resources...
Apr 23, 2016 8:23:35 PM brut.androlib.res.AndrolibResources loadFrameworkPkg
INFO: Loading resource table from file: /tmp/BRUT8726891594845644915.tmp/1.apk
Apr 23, 2016 8:23:36 PM brut.androlib.res.AndrolibResources adjustPackageManifest
INFO: Regular manifest package...
Apr 23, 2016 8:23:36 PM brut.androlib.res.AndrolibResources decode
INFO: Decoding file-resources...
Apr 23, 2016 8:23:36 PM brut.androlib.res.AndrolibResources decode
INFO: Decoding values */* XMLs...
Apr 23, 2016 8:23:36 PM brut.androlib.Androlib decodeSourcesSmali
INFO: Baksmaling classes.dex...
Apr 23, 2016 8:23:36 PM brut.androlib.Androlib decodeRawFiles
INFO: Copying assets and libs...
Apr 23, 2016 8:23:36 PM brut.androlib.Androlib decodeUnknownFiles
INFO: Copying unknown files...
Apr 23, 2016 8:23:36 PM brut.androlib.Androlib writeOriginalFiles
INFO: Copying original files...
Apr 23, 2016 8:23:36 PM brut.androlib.Androlib build
INFO: Using Apktool 2.1.1-d05dc3-SNAPSHOT
Apr 23, 2016 8:23:36 PM brut.androlib.Androlib buildSourcesSmali
INFO: Checking whether sources has changed...
Apr 23, 2016 8:23:36 PM brut.androlib.Androlib buildSourcesSmali
INFO: Smaling smali folder into classes.dex...
Apr 23, 2016 8:23:36 PM brut.androlib.Androlib buildResourcesFull
INFO: Checking whether resources has changed...
Apr 23, 2016 8:23:36 PM brut.androlib.Androlib buildResourcesFull
INFO: Building resources...
Apr 23, 2016 8:23:36 PM brut.androlib.Androlib buildApk
INFO: Building apk file...
Apr 23, 2016 8:23:36 PM brut.androlib.Androlib buildUnknownFiles
INFO: Copying unknown files/dir...
Apr 23, 2016 8:23:36 PM brut.androlib.Androlib build
INFO: Using Apktool 2.1.1-d05dc3-SNAPSHOT
Apr 23, 2016 8:23:36 PM brut.androlib.Androlib buildSourcesSmali
INFO: Checking whether sources has changed...
Apr 23, 2016 8:23:36 PM brut.androlib.Androlib buildSourcesSmali
INFO: Smaling smali folder into classes.dex...
Apr 23, 2016 8:23:36 PM brut.androlib.Androlib buildResourcesFull
INFO: Checking whether resources has changed...
Apr 23, 2016 8:23:36 PM brut.androlib.Androlib buildResourcesFull
INFO: Building resources...
Apr 23, 2016 8:23:36 PM brut.androlib.Androlib buildApk
INFO: Building apk file...
Apr 23, 2016 8:23:36 PM brut.androlib.Androlib buildUnknownFiles
INFO: Copying unknown files/dir...
]]></system-err>
</testsuite>
