<?xml version="1.0" encoding="UTF-8"?>
<testsuite name="brut.androlib.AndResGuardTest" tests="1" skipped="0" failures="0" errors="0" timestamp="2016-04-23T20:23:11" hostname="box395.localdomain" time="1.49">
  <properties/>
  <testcase name="checkifAndResDecodeRemapsRFolder" classname="brut.androlib.AndResGuardTest" time="1.49"/>
  <system-out><![CDATA[]]></system-out>
  <system-err><![CDATA[Apr 23, 2016 8:23:11 PM brut.androlib.ApkDecoder decode
INFO: Using Apktool 2.1.1-d05dc3-SNAPSHOT on issue1170.apk
Apr 23, 2016 8:23:11 PM brut.androlib.res.AndrolibResources loadMainPkg
INFO: Loading resource table...
Apr 23, 2016 8:23:11 PM brut.androlib.res.AndrolibResources decodeManifestWithResources
INFO: Decoding AndroidManifest.xml with resources...
Apr 23, 2016 8:23:11 PM brut.androlib.res.AndrolibResources loadFrameworkPkg
INFO: Loading resource table from file: /root/apktool/framework/1.apk
Apr 23, 2016 8:23:12 PM brut.androlib.res.AndrolibResources adjustPackageManifest
INFO: Regular manifest package...
Apr 23, 2016 8:23:12 PM brut.androlib.res.AndrolibResources decode
INFO: Decoding file-resources...
Apr 23, 2016 8:23:12 PM brut.androlib.res.AndrolibResources decode
INFO: Decoding values */* XMLs...
Apr 23, 2016 8:23:12 PM brut.androlib.Androlib decodeSourcesSmali
INFO: Baksmaling classes.dex...
Apr 23, 2016 8:23:12 PM brut.androlib.Androlib decodeRawFiles
INFO: Copying assets and libs...
Apr 23, 2016 8:23:12 PM brut.androlib.Androlib decodeUnknownFiles
INFO: Copying unknown files...
Apr 23, 2016 8:23:12 PM brut.androlib.Androlib writeOriginalFiles
INFO: Copying original files...
]]></system-err>
</testsuite>
