<?xml version="1.0" encoding="UTF-8"?>
<testsuite name="brut.androlib.LargeIntsInManifestTest" tests="1" skipped="0" failures="0" errors="0" timestamp="2016-04-23T20:23:14" hostname="box395.localdomain" time="19.181">
  <properties/>
  <testcase name="checkIfLargeIntsAreHandledTest" classname="brut.androlib.LargeIntsInManifestTest" time="19.181"/>
  <system-out><![CDATA[]]></system-out>
  <system-err><![CDATA[Apr 23, 2016 8:23:14 PM brut.androlib.ApkDecoder decode
INFO: Using Apktool 2.1.1-d05dc3-SNAPSHOT on issue767.apk
Apr 23, 2016 8:23:14 PM brut.androlib.res.AndrolibResources loadMainPkg
INFO: Loading resource table...
Apr 23, 2016 8:23:14 PM brut.androlib.res.AndrolibResources decodeManifestWithResources
INFO: Decoding AndroidManifest.xml with resources...
Apr 23, 2016 8:23:14 PM brut.androlib.res.AndrolibResources loadFrameworkPkg
INFO: Loading resource table from file: /root/apktool/framework/1.apk
Apr 23, 2016 8:23:14 PM brut.androlib.res.AndrolibResources adjustPackageManifest
INFO: Regular manifest package...
Apr 23, 2016 8:23:14 PM brut.androlib.res.AndrolibResources decode
INFO: Decoding file-resources...
Apr 23, 2016 8:23:15 PM brut.androlib.res.AndrolibResources decode
INFO: Decoding values */* XMLs...
Apr 23, 2016 8:23:15 PM brut.androlib.Androlib decodeSourcesSmali
INFO: Baksmaling classes.dex...
Apr 23, 2016 8:23:19 PM brut.androlib.Androlib decodeRawFiles
INFO: Copying assets and libs...
Apr 23, 2016 8:23:19 PM brut.androlib.Androlib decodeUnknownFiles
INFO: Copying unknown files...
Apr 23, 2016 8:23:19 PM brut.androlib.Androlib writeOriginalFiles
INFO: Copying original files...
Apr 23, 2016 8:23:19 PM brut.androlib.Androlib build
INFO: Using Apktool 2.1.1-d05dc3-SNAPSHOT
Apr 23, 2016 8:23:19 PM brut.androlib.Androlib buildSourcesSmali
INFO: Checking whether sources has changed...
Apr 23, 2016 8:23:19 PM brut.androlib.Androlib buildSourcesSmali
INFO: Smaling smali folder into classes.dex...
Apr 23, 2016 8:23:30 PM brut.androlib.Androlib buildResourcesFull
INFO: Checking whether resources has changed...
Apr 23, 2016 8:23:30 PM brut.androlib.Androlib buildResourcesFull
INFO: Building resources...
Apr 23, 2016 8:23:31 PM brut.androlib.Androlib buildApk
INFO: Building apk file...
Apr 23, 2016 8:23:31 PM brut.androlib.Androlib buildUnknownFiles
INFO: Copying unknown files/dir...
Apr 23, 2016 8:23:31 PM brut.androlib.ApkDecoder decode
INFO: Using Apktool 2.1.1-d05dc3-SNAPSHOT on issue767.apk
Apr 23, 2016 8:23:31 PM brut.androlib.res.AndrolibResources loadMainPkg
INFO: Loading resource table...
Apr 23, 2016 8:23:31 PM brut.androlib.res.AndrolibResources decodeManifestWithResources
INFO: Decoding AndroidManifest.xml with resources...
Apr 23, 2016 8:23:31 PM brut.androlib.res.AndrolibResources loadFrameworkPkg
INFO: Loading resource table from file: /root/apktool/framework/1.apk
Apr 23, 2016 8:23:32 PM brut.androlib.res.AndrolibResources adjustPackageManifest
INFO: Regular manifest package...
Apr 23, 2016 8:23:32 PM brut.androlib.res.AndrolibResources decode
INFO: Decoding file-resources...
Apr 23, 2016 8:23:32 PM brut.androlib.res.AndrolibResources decode
INFO: Decoding values */* XMLs...
Apr 23, 2016 8:23:32 PM brut.androlib.Androlib decodeSourcesSmali
INFO: Baksmaling classes.dex...
Apr 23, 2016 8:23:33 PM brut.androlib.Androlib decodeRawFiles
INFO: Copying assets and libs...
Apr 23, 2016 8:23:33 PM brut.androlib.Androlib decodeUnknownFiles
INFO: Copying unknown files...
Apr 23, 2016 8:23:33 PM brut.androlib.Androlib writeOriginalFiles
INFO: Copying original files...
]]></system-err>
</testsuite>
