<?xml version="1.0" encoding="UTF-8"?>
<testsuite name="jadx.tests.integration.conditions.TestConditions15" tests="1" skipped="0" failures="0" errors="0" timestamp="2016-04-22T15:40:49" hostname="box723" time="0.16">
  <properties/>
  <testcase name="test" classname="jadx.tests.integration.conditions.TestConditions15" time="0.16"/>
  <system-out><![CDATA[15:40:49 INFO  - converting to dex: jadx-tmp-713004701773453734484917893937718.jar ...
15:40:49 INFO  - loading ...
15:40:49 DEBUG - Load: /tmp/jadx-tmp-713004701773453734484917893937718.jar
15:40:50 DEBUG - '.arsc' file not found
15:40:50 WARN  - Unknown 'R' class, create references to 'R'
-----------------------------------------------------------
package jadx.tests.integration.conditions;

public class TestConditions15$TestCls {
    private static boolean test(String name) {
        if (isEmpty(name) || "1".equals(name) || "2".equals(name) || "3".equals(name) || "4".equals(name) || "5".equals(name) || "6".equals(name) || "7".equals(name) || "8".equals(name) || "9".equals(name) || "10".equals(name) || "11".equals(name) || "12".equals(name) || "13".equals(name) || "14".equals(name) || "15".equals(name) || "16".equals(name) || "17".equals(name) || "18".equals(name) || "19".equals(name) || "20".equals(name) || "22".equals(name) || "22".equals(name) || "23".equals(name) || "24".equals(name) || "25".equals(name) || "26".equals(name) || "27".equals(name) || "28".equals(name) || "29".equals(name) || "30".equals(name)) {
            return false;
        }
        return true;
    }

    private static boolean isEmpty(String name) {
        return name.isEmpty();
    }
}
-----------------------------------------------------------
Compilation: PASSED
]]></system-out>
  <system-err><![CDATA[]]></system-err>
</testsuite>
