<?xml version="1.0" encoding="UTF-8"?>
<testsuite name="jadx.tests.integration.conditions.TestTernary2" tests="1" skipped="0" failures="0" errors="0" timestamp="2016-04-22T15:40:51" hostname="box723" time="0.05">
  <properties/>
  <testcase name="test" classname="jadx.tests.integration.conditions.TestTernary2" time="0.05"/>
  <system-out><![CDATA[15:40:51 INFO  - converting to dex: jadx-tmp-518252860208614500084919221792883.jar ...
15:40:51 INFO  - loading ...
15:40:51 DEBUG - Load: /tmp/jadx-tmp-518252860208614500084919221792883.jar
15:40:51 DEBUG - '.arsc' file not found
15:40:51 WARN  - Unknown 'R' class, create references to 'R'
-----------------------------------------------------------
package jadx.tests.integration.conditions;

import org.junit.Assert;

public class TestTernary2$TestCls {
    public void test() {
        boolean z = true;
        if (f(1, 0) != 0) {
            z = false;
        }
        Assert.assertTrue(z);
    }

    private int f(int a, int b) {
        return a + b;
    }
}
-----------------------------------------------------------
Compilation: PASSED
]]></system-out>
  <system-err><![CDATA[]]></system-err>
</testsuite>
