<?xml version="1.0" encoding="UTF-8"?>
<testsuite name="jadx.tests.integration.conditions.TestElseIf" tests="1" skipped="0" failures="0" errors="0" timestamp="2016-04-22T15:40:50" hostname="box723" time="0.064">
  <properties/>
  <testcase name="test" classname="jadx.tests.integration.conditions.TestElseIf" time="0.064"/>
  <system-out><![CDATA[15:40:50 INFO  - converting to dex: jadx-tmp-462934318133742975684918876725464.jar ...
15:40:50 INFO  - loading ...
15:40:50 DEBUG - Load: /tmp/jadx-tmp-462934318133742975684918876725464.jar
15:40:50 DEBUG - '.arsc' file not found
15:40:50 WARN  - Unknown 'R' class, create references to 'R'
-----------------------------------------------------------
package jadx.tests.integration.conditions;

public class TestElseIf$TestCls {
    public int testIfElse(String str) {
        int r;
        if (str.equals("a")) {
            r = 1;
        } else if (str.equals("b")) {
            r = 2;
        } else if (str.equals("3")) {
            r = 3;
        } else if (str.equals("$")) {
            r = 4;
        } else {
            r = -1;
        }
        return Math.abs(r * 10);
    }
}
-----------------------------------------------------------
Compilation: PASSED
]]></system-out>
  <system-err><![CDATA[]]></system-err>
</testsuite>
