<?xml version="1.0" encoding="UTF-8"?>
<testsuite name="jadx.tests.integration.loops.TestBreakInLoop" tests="1" skipped="0" failures="0" errors="0" timestamp="2016-04-22T15:40:57" hostname="box723" time="0.049">
  <properties/>
  <testcase name="test" classname="jadx.tests.integration.loops.TestBreakInLoop" time="0.049"/>
  <system-out><![CDATA[15:40:57 INFO  - converting to dex: jadx-tmp-47071635963769113884925760929393.jar ...
15:40:57 INFO  - loading ...
15:40:57 DEBUG - Load: /tmp/jadx-tmp-47071635963769113884925760929393.jar
15:40:57 DEBUG - '.arsc' file not found
15:40:57 WARN  - Unknown 'R' class, create references to 'R'
-----------------------------------------------------------
package jadx.tests.integration.loops;

public class TestBreakInLoop$TestCls {
    private int f;

    private void test(int[] a, int b) {
        for (int i = 0; i < a.length; i++) {
            a[i] = a[i] + 1;
            if (i < b) {
                break;
            }
        }
        this.f++;
    }
}
-----------------------------------------------------------
Compilation: PASSED
]]></system-out>
  <system-err><![CDATA[]]></system-err>
</testsuite>
