<?xml version="1.0" encoding="UTF-8"?>
<testsuite name="jadx.tests.integration.switches.TestSwitch2" tests="1" skipped="0" failures="0" errors="0" timestamp="2016-04-22T15:41:00" hostname="box723" time="0.052">
  <properties/>
  <testcase name="test" classname="jadx.tests.integration.switches.TestSwitch2" time="0.052"/>
  <system-out><![CDATA[15:41:00 INFO  - converting to dex: jadx-tmp-384329825338983191184928916629769.jar ...
15:41:00 INFO  - loading ...
15:41:00 DEBUG - Load: /tmp/jadx-tmp-384329825338983191184928916629769.jar
15:41:00 DEBUG - '.arsc' file not found
15:41:00 WARN  - Unknown 'R' class, create references to 'R'
-----------------------------------------------------------
package jadx.tests.integration.switches;

public class TestSwitch2$TestCls {
    boolean isCanZoomIn;
    boolean isCanZoomOut;
    boolean isLongtouchable;
    boolean isMultiTouchZoom;
    boolean isScrolling;
    float multiTouchZoomOldDist;

    void test(int action) {
        switch (action & 255) {
            case 0:
                this.isLongtouchable = true;
                break;
            case 1:
            case 6:
                if (this.isMultiTouchZoom) {
                    this.isMultiTouchZoom = false;
                    break;
                }
                break;
            case 2:
                if (this.isMultiTouchZoom) {
                    float dist = this.multiTouchZoomOldDist;
                    if (Math.abs(dist - this.multiTouchZoomOldDist) > 10.0f) {
                        float scale = dist / this.multiTouchZoomOldDist;
                        if ((scale > 1.0f && this.isCanZoomIn) || (scale < 1.0f && this.isCanZoomOut)) {
                            this.multiTouchZoomOldDist = dist;
                            return;
                        }
                        return;
                    }
                    return;
                }
                break;
            case 5:
                this.multiTouchZoomOldDist = (float) action;
                if (this.multiTouchZoomOldDist > 10.0f) {
                    this.isMultiTouchZoom = true;
                    this.isLongtouchable = false;
                    return;
                }
                break;
        }
        if (this.isScrolling && action == 1) {
            this.isScrolling = false;
        }
    }
}
-----------------------------------------------------------
Compilation: PASSED
]]></system-out>
  <system-err><![CDATA[]]></system-err>
</testsuite>
