<?xml version="1.0" encoding="UTF-8"?>
<testsuite name="jadx.tests.integration.invoke.TestInvoke1" tests="1" skipped="0" failures="0" errors="0" timestamp="2016-04-22T15:40:56" hostname="box723" time="0.079">
  <properties/>
  <testcase name="test" classname="jadx.tests.integration.invoke.TestInvoke1" time="0.079"/>
  <system-out><![CDATA[15:40:56 INFO  - converting to dex: jadx-tmp-294032105096905051084924381699293.jar ...
15:40:56 INFO  - loading ...
15:40:56 DEBUG - Load: /tmp/jadx-tmp-294032105096905051084924381699293.jar
15:40:56 DEBUG - '.arsc' file not found
15:40:56 WARN  - Unknown 'R' class, create references to 'R'
-----------------------------------------------------------
package jadx.tests.integration.invoke;

import java.io.IOException;

public class TestInvoke1$TestCls {
    private A is;

    private final class A {
        private A() {
        }

        public int readInt32() {
            return 0;
        }

        public String readString16Fixed(int i) {
            return null;
        }
    }

    private static final class C {
        public C(int id, String name, String[] types, String[] keys) {
        }
    }

    private C test(int start) throws IOException {
        int id = this.is.readInt32();
        String name = this.is.readString16Fixed(128);
        long keyStringsOffset = (long) (this.is.readInt32() + start);
        String[] types = null;
        if (((long) (this.is.readInt32() + start)) != 0) {
            types = strs();
        }
        String[] keys = null;
        if (keyStringsOffset != 0) {
            keys = strs();
        }
        C pkg = new C(id, name, types, keys);
        if (id == 127) {
            this.is.readInt32();
        }
        return pkg;
    }

    private String[] strs() {
        return new String[0];
    }
}
-----------------------------------------------------------
Compilation: PASSED
]]></system-out>
  <system-err><![CDATA[]]></system-err>
</testsuite>
