<?xml version="1.0" encoding="UTF-8"?>
<testsuite name="jadx.tests.integration.enums.TestEnums" tests="1" skipped="0" failures="0" errors="0" timestamp="2016-04-22T15:40:51" hostname="box723" time="0.166">
  <properties/>
  <testcase name="test" classname="jadx.tests.integration.enums.TestEnums" time="0.166"/>
  <system-out><![CDATA[15:40:51 INFO  - converting to dex: jadx-tmp-918530223344481993784919853596720.jar ...
15:40:51 INFO  - loading ...
15:40:51 DEBUG - Load: /tmp/jadx-tmp-918530223344481993784919853596720.jar
15:40:51 DEBUG - '.arsc' file not found
15:40:51 WARN  - Unknown 'R' class, create references to 'R'
-----------------------------------------------------------
package jadx.tests.integration.enums;

public class TestEnums$TestCls {

    public enum Direction {
        NORTH,
        SOUTH,
        EAST,
        WEST
    }

    public enum EmptyEnum2 {
        ;

        public static void mth() {
        }
    }

    public enum EmptyEnum {
    }

    public enum Singleton {
        INSTANCE;

        public String test() {
            return "";
        }
    }
}
-----------------------------------------------------------
Compilation: PASSED
]]></system-out>
  <system-err><![CDATA[]]></system-err>
</testsuite>
