<?xml version="1.0" encoding="UTF-8"?>
<testsuite name="jadx.tests.integration.loops.TestBreakInComplexIf" tests="2" skipped="0" failures="0" errors="0" timestamp="2016-04-22T15:40:57" hostname="box723" time="0.26">
  <properties/>
  <testcase name="test" classname="jadx.tests.integration.loops.TestBreakInComplexIf" time="0.132"/>
  <testcase name="testNoDebug" classname="jadx.tests.integration.loops.TestBreakInComplexIf" time="0.128"/>
  <system-out><![CDATA[15:40:57 INFO  - converting to dex: jadx-tmp-339806908931332375984925158049676.jar ...
15:40:57 INFO  - loading ...
15:40:57 DEBUG - Load: /tmp/jadx-tmp-339806908931332375984925158049676.jar
15:40:57 DEBUG - '.arsc' file not found
15:40:57 WARN  - Unknown 'R' class, create references to 'R'
-----------------------------------------------------------
package jadx.tests.integration.loops;

import java.util.HashMap;
import java.util.Map;
import org.hamcrest.Matchers;
import org.junit.Assert;

public class TestBreakInComplexIf$TestCls {

    class Point {
        public final int x;
        public final int y;

        Point(int x, int y) {
            this.x = x;
            this.y = y;
        }
    }

    private int test(Map<String, Point> map, int mapX) {
        int length = 1;
        for (int x = mapX + 1; x < 100; x++) {
            Point tile = (Point) map.get(x + "");
            if (tile == null || tile.y != 100) {
                break;
            }
            length++;
        }
        return length;
    }

    public void check() {
        Map<String, Point> map = new HashMap();
        map.put("3", new Point(100, 100));
        map.put("4", new Point(60, 100));
        Assert.assertThat(Integer.valueOf(test(map, 2)), Matchers.is(Integer.valueOf(3)));
    }
}
-----------------------------------------------------------
Compilation: PASSED
Auto check: PASSED
15:40:57 INFO  - converting to dex: jadx-tmp-212820412759827584284925340443452.jar ...
15:40:57 INFO  - loading ...
15:40:57 DEBUG - Load: /tmp/jadx-tmp-212820412759827584284925340443452.jar
15:40:57 DEBUG - '.arsc' file not found
15:40:57 WARN  - Unknown 'R' class, create references to 'R'
-----------------------------------------------------------
package jadx.tests.integration.loops;

import java.util.HashMap;
import java.util.Map;
import org.hamcrest.Matchers;
import org.junit.Assert;

public class TestBreakInComplexIf$TestCls {

    class Point {
        public final int x;
        public final int y;

        Point(int i, int i2) {
            this.x = i;
            this.y = i2;
        }
    }

    private int test(Map<String, Point> map, int i) {
        int i2 = 1;
        for (int i3 = i + 1; i3 < 100; i3++) {
            Point point = (Point) map.get(i3 + "");
            if (point == null || point.y != 100) {
                break;
            }
            i2++;
        }
        return i2;
    }

    public void check() {
        Map hashMap = new HashMap();
        hashMap.put("3", new Point(100, 100));
        hashMap.put("4", new Point(60, 100));
        Assert.assertThat(Integer.valueOf(test(hashMap, 2)), Matchers.is(Integer.valueOf(3)));
    }
}
-----------------------------------------------------------
Compilation: PASSED
Auto check: PASSED
]]></system-out>
  <system-err><![CDATA[Note: /jadx/tests/integration/loops/TestBreakInComplexIf$TestCls.java uses unchecked or unsafe operations.
Note: Recompile with -Xlint:unchecked for details.
Note: /jadx/tests/integration/loops/TestBreakInComplexIf$TestCls.java uses unchecked or unsafe operations.
Note: Recompile with -Xlint:unchecked for details.
]]></system-err>
</testsuite>
