<?xml version="1.0" encoding="UTF-8"?>
<testsuite name="jadx.tests.integration.switches.TestSwitchInLoop" tests="1" skipped="0" failures="0" errors="0" timestamp="2016-04-22T15:41:01" hostname="box723" time="0.083">
  <properties/>
  <testcase name="test" classname="jadx.tests.integration.switches.TestSwitchInLoop" time="0.083"/>
  <system-out><![CDATA[15:41:01 INFO  - converting to dex: jadx-tmp-846204371302869665784929155140348.jar ...
15:41:01 INFO  - loading ...
15:41:01 DEBUG - Load: /tmp/jadx-tmp-846204371302869665784929155140348.jar
15:41:01 DEBUG - '.arsc' file not found
15:41:01 WARN  - Unknown 'R' class, create references to 'R'
-----------------------------------------------------------
package jadx.tests.integration.switches;

import org.junit.Assert;

public class TestSwitchInLoop$TestCls {
    public int test(int k) {
        int a = 0;
        while (true) {
            switch (k) {
                case 0:
                    return a;
                default:
                    a++;
                    k >>= 1;
            }
        }
    }

    public void check() {
        Assert.assertEquals(1, (long) test(1));
    }
}
-----------------------------------------------------------
Compilation: PASSED
Auto check: PASSED
]]></system-out>
  <system-err><![CDATA[]]></system-err>
</testsuite>
