<?xml version="1.0" encoding="UTF-8"?>
<testsuite name="jadx.tests.integration.trycatch.TestTryCatchFinally3" tests="1" skipped="0" failures="0" errors="0" timestamp="2016-04-22T15:41:03" hostname="box723" time="0.09">
  <properties/>
  <testcase name="test" classname="jadx.tests.integration.trycatch.TestTryCatchFinally3" time="0.09"/>
  <system-out><![CDATA[15:41:03 INFO  - converting to dex: jadx-tmp-582453199400715225784931271748298.jar ...
15:41:03 INFO  - loading ...
15:41:03 DEBUG - Load: /tmp/jadx-tmp-582453199400715225784931271748298.jar
15:41:03 DEBUG - '.arsc' file not found
15:41:03 WARN  - Unknown 'R' class, create references to 'R'
-----------------------------------------------------------
package jadx.tests.integration.trycatch;

import jadx.core.dex.nodes.ClassNode;
import jadx.core.dex.visitors.DepthTraversal;
import jadx.core.dex.visitors.IDexTreeVisitor;
import java.util.List;
import org.slf4j.Logger;
import org.slf4j.LoggerFactory;

public class TestTryCatchFinally3$TestCls {
    private static final Logger LOG = LoggerFactory.getLogger(TestTryCatchFinally3$TestCls.class);

    public static void process(ClassNode cls, List<IDexTreeVisitor> passes) {
        try {
            cls.load();
            for (IDexTreeVisitor visitor : passes) {
                DepthTraversal.visit(visitor, cls);
            }
        } catch (Exception e) {
            LOG.error("Class process exception: {}", cls, e);
        } finally {
            cls.unload();
        }
    }
}
-----------------------------------------------------------
Compilation: PASSED
]]></system-out>
  <system-err><![CDATA[]]></system-err>
</testsuite>
