<?xml version="1.0" encoding="UTF-8"?>
<testsuite name="jadx.tests.integration.loops.TestTryCatchInLoop2" tests="1" skipped="0" failures="0" errors="0" timestamp="2016-04-22T15:40:59" hostname="box723" time="0.065">
  <properties/>
  <testcase name="test" classname="jadx.tests.integration.loops.TestTryCatchInLoop2" time="0.065"/>
  <system-out><![CDATA[15:40:59 INFO  - converting to dex: jadx-tmp-41042046985128011384927567681693.jar ...
15:40:59 INFO  - loading ...
15:40:59 DEBUG - Load: /tmp/jadx-tmp-41042046985128011384927567681693.jar
15:40:59 DEBUG - '.arsc' file not found
15:40:59 WARN  - Unknown 'R' class, create references to 'R'
-----------------------------------------------------------
package jadx.tests.integration.loops;

import java.util.HashMap;
import java.util.Map;

public class TestTryCatchInLoop2$TestCls<T extends String> {
    private final Map<Integer, MyItem> mCache = new HashMap();

    private static class MyItem {
        int idx;
        String name;

        private MyItem() {
        }
    }

    void test(MyItem[] items) {
        synchronized (this.mCache) {
            for (int i = 0; i < items.length; i++) {
                MyItem existingItem = (MyItem) this.mCache.get(Integer.valueOf(items[i].idx));
                if (existingItem == null) {
                    this.mCache.put(Integer.valueOf(items[i].idx), items[i]);
                } else {
                    existingItem.name = items[i].name;
                }
            }
        }
    }
}
-----------------------------------------------------------
Compilation: PASSED
]]></system-out>
  <system-err><![CDATA[Note: /jadx/tests/integration/loops/TestTryCatchInLoop2$TestCls.java uses unchecked or unsafe operations.
Note: Recompile with -Xlint:unchecked for details.
]]></system-err>
</testsuite>
