<?xml version="1.0" encoding="UTF-8"?>
<testsuite name="jadx.tests.integration.trycatch.TestTryCatch2" tests="1" skipped="0" failures="0" errors="0" timestamp="2016-04-22T15:41:02" hostname="box723" time="0.059">
  <properties/>
  <testcase name="test" classname="jadx.tests.integration.trycatch.TestTryCatch2" time="0.059"/>
  <system-out><![CDATA[15:41:02 INFO  - converting to dex: jadx-tmp-300463272423840946284930389054754.jar ...
15:41:02 INFO  - loading ...
15:41:02 DEBUG - Load: /tmp/jadx-tmp-300463272423840946284930389054754.jar
15:41:02 DEBUG - '.arsc' file not found
15:41:02 WARN  - Unknown 'R' class, create references to 'R'
-----------------------------------------------------------
package jadx.tests.integration.trycatch;

public class TestTryCatch2$TestCls {
    private static final Object obj = new Object();

    private static boolean test() {
        try {
            synchronized (obj) {
                obj.wait(5);
            }
            return true;
        } catch (InterruptedException e) {
            return false;
        }
    }
}
-----------------------------------------------------------
Compilation: PASSED
]]></system-out>
  <system-err><![CDATA[]]></system-err>
</testsuite>
