<?xml version="1.0" encoding="UTF-8"?>
<testsuite name="jadx.tests.integration.others.TestLoopInTry" tests="1" skipped="0" failures="0" errors="0" timestamp="2016-04-22T15:41:00" hostname="box723" time="0.092">
  <properties/>
  <testcase name="test" classname="jadx.tests.integration.others.TestLoopInTry" time="0.092"/>
  <system-out><![CDATA[15:41:00 INFO  - converting to dex: jadx-tmp-756002680463317701984928638507871.jar ...
15:41:00 INFO  - loading ...
15:41:00 DEBUG - Load: /tmp/jadx-tmp-756002680463317701984928638507871.jar
15:41:00 DEBUG - '.arsc' file not found
15:41:00 WARN  - Unknown 'R' class, create references to 'R'
-----------------------------------------------------------
package jadx.tests.integration.others;

public class TestLoopInTry$TestCls {
    private static boolean b = true;

    public int test() {
        try {
            if (b) {
                throw new Exception();
            }
            while (f()) {
                s();
            }
            return 0;
        } catch (Exception e) {
            System.out.println("exception");
            return 1;
        }
    }

    private static void s() {
    }

    private static boolean f() {
        return false;
    }
}
-----------------------------------------------------------
Compilation: PASSED
]]></system-out>
  <system-err><![CDATA[]]></system-err>
</testsuite>
