<?xml version="1.0" encoding="UTF-8"?>
<testsuite name="jadx.tests.integration.names.TestSameMethodsNames" tests="1" skipped="0" failures="0" errors="0" timestamp="2016-04-22T15:40:59" hostname="box723" time="0.046">
  <properties/>
  <testcase name="test" classname="jadx.tests.integration.names.TestSameMethodsNames" time="0.046"/>
  <system-out><![CDATA[15:40:59 INFO  - converting to dex: jadx-tmp-97504348705231444784927738041015.jar ...
15:40:59 INFO  - loading ...
15:40:59 DEBUG - Load: /tmp/jadx-tmp-97504348705231444784927738041015.jar
15:40:59 DEBUG - '.arsc' file not found
15:40:59 WARN  - Unknown 'R' class, create references to 'R'
-----------------------------------------------------------
package jadx.tests.integration.names;

public class TestSameMethodsNames$TestCls<V> {

    public static class Bug {
        public Bug() {
            System.out.println("constructor");
        }

        void Bug() {
            System.out.println("Bug");
        }
    }

    public static void test() {
        new Bug().Bug();
    }
}
-----------------------------------------------------------
Compilation: PASSED
]]></system-out>
  <system-err><![CDATA[]]></system-err>
</testsuite>
