<?xml version="1.0" encoding="UTF-8"?>
<testsuite name="jadx.tests.integration.TestRedundantBrackets" tests="1" skipped="0" failures="0" errors="0" timestamp="2016-04-22T15:40:46" hostname="box723" time="0.155">
  <properties/>
  <testcase name="test" classname="jadx.tests.integration.TestRedundantBrackets" time="0.155"/>
  <system-out><![CDATA[15:40:46 INFO  - converting to dex: jadx-tmp-15307324619067958084914570316262.jar ...
15:40:46 INFO  - loading ...
15:40:46 DEBUG - Load: /tmp/jadx-tmp-15307324619067958084914570316262.jar
15:40:46 DEBUG - '.arsc' file not found
15:40:46 WARN  - Unknown 'R' class, create references to 'R'
-----------------------------------------------------------
package jadx.tests.integration;

public class TestRedundantBrackets$TestCls {
    public boolean method(String str) {
        return str.indexOf(97) != -1;
    }

    public int method2(Object obj) {
        return obj instanceof String ? ((String) obj).length() : 0;
    }

    public int method3(int a, int b) {
        if (a + b < 10) {
            return a;
        }
        return (a & b) != 0 ? a * b : b;
    }

    public void method4(int num) {
        if (num == 4 || num == 6 || num == 8 || num == 10) {
            method2(null);
        }
    }

    public void method5(int[] a, int n) {
        a[1] = n * 2;
        a[n - 1] = 1;
    }
}
-----------------------------------------------------------
Compilation: PASSED
]]></system-out>
  <system-err><![CDATA[]]></system-err>
</testsuite>
