<?xml version="1.0" encoding="UTF-8"?>
<testsuite name="jadx.tests.integration.trycatch.TestTryCatchInIf" tests="1" skipped="0" failures="0" errors="0" timestamp="2016-04-22T15:41:03" hostname="box723" time="0.072">
  <properties/>
  <testcase name="test" classname="jadx.tests.integration.trycatch.TestTryCatchInIf" time="0.072"/>
  <system-out><![CDATA[15:41:03 INFO  - converting to dex: jadx-tmp-502752457271687146784931616836176.jar ...
15:41:03 INFO  - loading ...
15:41:03 DEBUG - Load: /tmp/jadx-tmp-502752457271687146784931616836176.jar
15:41:03 DEBUG - '.arsc' file not found
15:41:03 WARN  - Unknown 'R' class, create references to 'R'
-----------------------------------------------------------
package jadx.tests.integration.trycatch;

import org.junit.Assert;

public class TestTryCatchInIf$TestCls {
    private String test(String name, String value) {
        if (value != null) {
            try {
                int key;
                if (value.startsWith("0x")) {
                    key = Integer.parseInt(value.substring(2), 16);
                } else {
                    key = Integer.parseInt(value);
                }
                return name + "=" + key;
            } catch (NumberFormatException e) {
                return "Failed to parse number";
            }
        }
        System.out.println("?");
        return null;
    }

    public void check() {
        Assert.assertEquals(null, test("n", null));
        Assert.assertEquals("n=7", test("n", "7"));
        Assert.assertEquals("n=77", test("n", "0x" + Integer.toHexString(77)));
        Assert.assertEquals("Failed to parse number", test("n", "abc"));
        Assert.assertEquals("Failed to parse number", test("n", "0xabX"));
    }
}
-----------------------------------------------------------
Compilation: PASSED
?
?
Auto check: PASSED
]]></system-out>
  <system-err><![CDATA[]]></system-err>
</testsuite>
