<?xml version="1.0" encoding="UTF-8"?>
<testsuite name="jadx.tests.integration.inline.TestInline3" tests="1" skipped="0" failures="0" errors="0" timestamp="2016-04-22T15:40:54" hostname="box723" time="0.079">
  <properties/>
  <testcase name="test" classname="jadx.tests.integration.inline.TestInline3" time="0.079"/>
  <system-out><![CDATA[15:40:54 INFO  - converting to dex: jadx-tmp-217886662708820734584922145745251.jar ...
15:40:54 INFO  - loading ...
15:40:54 DEBUG - Load: /tmp/jadx-tmp-217886662708820734584922145745251.jar
15:40:54 DEBUG - '.arsc' file not found
15:40:54 WARN  - Unknown 'R' class, create references to 'R'
-----------------------------------------------------------
package jadx.tests.integration.inline;

public class TestInline3$TestCls {

    public class A extends TestInline3$TestCls {
        public A(int a) {
            super(a, a);
        }
    }

    public TestInline3$TestCls(int b1, int b2) {
        this(b1, b2, 0, 0, 0);
    }

    public TestInline3$TestCls(int a1, int a2, int a3, int a4, int a5) {
    }
}
-----------------------------------------------------------
Compilation: PASSED
]]></system-out>
  <system-err><![CDATA[]]></system-err>
</testsuite>
