<?xml version="1.0" encoding="UTF-8"?>
<testsuite name="jadx.tests.integration.conditions.TestCmpOp2" tests="1" skipped="0" failures="0" errors="0" timestamp="2016-04-22T15:40:49" hostname="box723" time="0.052">
  <properties/>
  <testcase name="test" classname="jadx.tests.integration.conditions.TestCmpOp2" time="0.052"/>
  <system-out><![CDATA[15:40:49 INFO  - converting to dex: jadx-tmp-705126579133470011184917278239728.jar ...
15:40:49 INFO  - loading ...
15:40:49 DEBUG - Load: /tmp/jadx-tmp-705126579133470011184917278239728.jar
15:40:49 DEBUG - '.arsc' file not found
15:40:49 WARN  - Unknown 'R' class, create references to 'R'
-----------------------------------------------------------
package jadx.tests.integration.conditions;

public class TestCmpOp2$TestCls {
    public boolean testGT(float a, float b) {
        return a > b;
    }

    public boolean testLT(float c, double d) {
        return ((double) c) < d;
    }
}
-----------------------------------------------------------
Compilation: PASSED
]]></system-out>
  <system-err><![CDATA[]]></system-err>
</testsuite>
