<?xml version="1.0" encoding="UTF-8"?>
<testsuite name="jadx.tests.integration.conditions.TestTernary" tests="1" skipped="0" failures="0" errors="0" timestamp="2016-04-22T15:40:51" hostname="box723" time="0.065">
  <properties/>
  <testcase name="test" classname="jadx.tests.integration.conditions.TestTernary" time="0.065"/>
  <system-out><![CDATA[15:40:51 INFO  - converting to dex: jadx-tmp-710142006892690727684919154539083.jar ...
15:40:51 INFO  - loading ...
15:40:51 DEBUG - Load: /tmp/jadx-tmp-710142006892690727684919154539083.jar
15:40:51 DEBUG - '.arsc' file not found
15:40:51 WARN  - Unknown 'R' class, create references to 'R'
-----------------------------------------------------------
package jadx.tests.integration.conditions;

import org.junit.Assert;

public class TestTernary$TestCls {
    public boolean test1(int a) {
        return a != 2;
    }

    public void test2(int a) {
        Assert.assertTrue(a == 3);
    }

    public int test3(int a) {
        return a > 0 ? 1 : (a + 2) * 3;
    }
}
-----------------------------------------------------------
Compilation: PASSED
]]></system-out>
  <system-err><![CDATA[]]></system-err>
</testsuite>
