<?xml version="1.0" encoding="UTF-8"?>
<testsuite name="jadx.tests.integration.trycatch.TestTryCatchFinally4" tests="1" skipped="0" failures="0" errors="0" timestamp="2016-04-22T15:41:03" hostname="box723" time="0.063">
  <properties/>
  <testcase name="test" classname="jadx.tests.integration.trycatch.TestTryCatchFinally4" time="0.063"/>
  <system-out><![CDATA[15:41:03 INFO  - converting to dex: jadx-tmp-767345326154236232384931364826219.jar ...
15:41:03 INFO  - loading ...
15:41:03 DEBUG - Load: /tmp/jadx-tmp-767345326154236232384931364826219.jar
15:41:03 DEBUG - '.arsc' file not found
15:41:03 WARN  - Unknown 'R' class, create references to 'R'
-----------------------------------------------------------
package jadx.tests.integration.trycatch;

import java.io.File;
import java.io.FileOutputStream;
import java.io.IOException;
import java.io.OutputStream;

public class TestTryCatchFinally4$TestCls {
    public void test() throws IOException {
        File file = File.createTempFile("test", "txt");
        OutputStream outputStream = new FileOutputStream(file);
        try {
            outputStream.write(1);
        } finally {
            try {
                outputStream.close();
                file.delete();
            } catch (IOException e) {
            }
        }
    }
}
-----------------------------------------------------------
Compilation: PASSED
]]></system-out>
  <system-err><![CDATA[]]></system-err>
</testsuite>
