<?xml version="1.0" encoding="UTF-8"?>
<testsuite name="jadx.tests.integration.loops.TestArrayForEach" tests="1" skipped="0" failures="0" errors="0" timestamp="2016-04-22T15:40:56" hostname="box723" time="0.054">
  <properties/>
  <testcase name="test" classname="jadx.tests.integration.loops.TestArrayForEach" time="0.054"/>
  <system-out><![CDATA[15:40:56 INFO  - converting to dex: jadx-tmp-765330857424543654684924912022988.jar ...
15:40:56 INFO  - loading ...
15:40:56 DEBUG - Load: /tmp/jadx-tmp-765330857424543654684924912022988.jar
15:40:56 DEBUG - '.arsc' file not found
15:40:56 WARN  - Unknown 'R' class, create references to 'R'
-----------------------------------------------------------
package jadx.tests.integration.loops;

public class TestArrayForEach$TestCls {
    private int test(int[] a) {
        int sum = 0;
        for (int n : a) {
            sum += n;
        }
        return sum;
    }
}
-----------------------------------------------------------
Compilation: PASSED
]]></system-out>
  <system-err><![CDATA[]]></system-err>
</testsuite>
