<?xml version="1.0" encoding="UTF-8"?>
<testsuite name="jadx.tests.integration.debuginfo.TestReturnSourceLine" tests="1" skipped="0" failures="0" errors="0" timestamp="2016-04-22T15:40:51" hostname="box723" time="0.094">
  <properties/>
  <testcase name="test" classname="jadx.tests.integration.debuginfo.TestReturnSourceLine" time="0.094"/>
  <system-out><![CDATA[15:40:51 INFO  - converting to dex: jadx-tmp-128386663699379877384919755891857.jar ...
15:40:51 INFO  - loading ...
15:40:51 DEBUG - Load: /tmp/jadx-tmp-128386663699379877384919755891857.jar
15:40:51 DEBUG - '.arsc' file not found
15:40:51 WARN  - Unknown 'R' class, create references to 'R'
-----------------------------------------------------------
package jadx.tests.integration.debuginfo;

public class TestReturnSourceLine$TestCls {
    public int test1(boolean v) {
        if (v) {
            f();
            return 1;
        }
        f();
        return 0;
    }

    public int test2(int v) {
        if (v == 0) {
            f();
            return v - 1;
        }
        f();
        return v + 1;
    }

    public int test3(int v) {
        if (v == 0) {
            f();
            return v;
        }
        f();
        return v + 1;
    }

    private void f() {
    }
}
-----------------------------------------------------------
Compilation: PASSED
]]></system-out>
  <system-err><![CDATA[]]></system-err>
</testsuite>
