<?xml version="1.0" encoding="UTF-8"?>
<testsuite name="jadx.tests.integration.inner.TestAnonymousClass4" tests="1" skipped="0" failures="0" errors="0" timestamp="2016-04-22T15:40:55" hostname="box723" time="0.064">
  <properties/>
  <testcase name="test" classname="jadx.tests.integration.inner.TestAnonymousClass4" time="0.064"/>
  <system-out><![CDATA[15:40:55 INFO  - converting to dex: jadx-tmp-457224206557328297184923171179617.jar ...
15:40:55 INFO  - loading ...
15:40:55 DEBUG - Load: /tmp/jadx-tmp-457224206557328297184923171179617.jar
15:40:55 DEBUG - '.arsc' file not found
15:40:55 WARN  - Unknown 'R' class, create references to 'R'
-----------------------------------------------------------
package jadx.tests.integration.inner;

public class TestAnonymousClass4$TestCls {

    public static class Inner {
        private double d;
        private int f;

        public void test() {
            new Thread() {
                {
                    Inner.this.f = 1;
                }

                public void run() {
                    Inner.this.d = 7.5d;
                }
            }.start();
        }
    }
}
-----------------------------------------------------------
Compilation: PASSED
]]></system-out>
  <system-err><![CDATA[]]></system-err>
</testsuite>
