<?xml version="1.0" encoding="UTF-8"?>
<testsuite name="jadx.tests.integration.switches.TestSwitchContinue" tests="1" skipped="0" failures="0" errors="0" timestamp="2016-04-22T15:41:01" hostname="box723" time="0.056">
  <properties/>
  <testcase name="test" classname="jadx.tests.integration.switches.TestSwitchContinue" time="0.056"/>
  <system-out><![CDATA[15:41:01 INFO  - converting to dex: jadx-tmp-636519784627457378184929097911297.jar ...
15:41:01 INFO  - loading ...
15:41:01 DEBUG - Load: /tmp/jadx-tmp-636519784627457378184929097911297.jar
15:41:01 DEBUG - '.arsc' file not found
15:41:01 WARN  - Unknown 'R' class, create references to 'R'
-----------------------------------------------------------
package jadx.tests.integration.switches;

public class TestSwitchContinue$TestCls {
    public String test(int a) {
        String s = "";
        while (a > 0) {
            switch (a % 4) {
                case 1:
                    s = s + "1";
                    break;
                case 3:
                case 4:
                    s = s + "4";
                    break;
                case 5:
                    a -= 2;
                    continue;
            }
            s = s + "-";
            a--;
        }
        return s;
    }
}
-----------------------------------------------------------
Compilation: PASSED
]]></system-out>
  <system-err><![CDATA[]]></system-err>
</testsuite>
