<?xml version="1.0" encoding="UTF-8"?>
<testsuite name="jadx.tests.integration.synchronize.TestSynchronized" tests="1" skipped="0" failures="0" errors="0" timestamp="2016-04-22T15:41:01" hostname="box723" time="0.044">
  <properties/>
  <testcase name="test" classname="jadx.tests.integration.synchronize.TestSynchronized" time="0.044"/>
  <system-out><![CDATA[15:41:01 INFO  - converting to dex: jadx-tmp-769005987726035998584929879265567.jar ...
15:41:01 INFO  - loading ...
15:41:01 DEBUG - Load: /tmp/jadx-tmp-769005987726035998584929879265567.jar
15:41:01 DEBUG - '.arsc' file not found
15:41:01 WARN  - Unknown 'R' class, create references to 'R'
-----------------------------------------------------------
package jadx.tests.integration.synchronize;

public class TestSynchronized$TestCls {
    public boolean f = false;
    public int i = 7;
    public final Object o = new Object();

    public synchronized boolean test1() {
        return this.f;
    }

    public int test2() {
        int i;
        synchronized (this.o) {
            i = this.i;
        }
        return i;
    }
}
-----------------------------------------------------------
Compilation: PASSED
]]></system-out>
  <system-err><![CDATA[]]></system-err>
</testsuite>
