<?xml version="1.0" encoding="UTF-8"?>
<testsuite name="jadx.tests.integration.trycatch.TestTryCatchFinally6" tests="1" skipped="0" failures="0" errors="0" timestamp="2016-04-22T15:41:03" hostname="box723" time="0.086">
  <properties/>
  <testcase name="test" classname="jadx.tests.integration.trycatch.TestTryCatchFinally6" time="0.086"/>
  <system-out><![CDATA[15:41:03 INFO  - converting to dex: jadx-tmp-525683458435943541684931529313165.jar ...
15:41:03 INFO  - loading ...
15:41:03 DEBUG - Load: /tmp/jadx-tmp-525683458435943541684931529313165.jar
15:41:03 DEBUG - '.arsc' file not found
15:41:03 WARN  - Unknown 'R' class, create references to 'R'
-----------------------------------------------------------
package jadx.tests.integration.trycatch;

import java.io.FileInputStream;
import java.io.IOException;
import java.io.InputStream;

public class TestTryCatchFinally6$TestCls {
    public static void test() throws IOException {
        InputStream is = null;
        try {
            is = new FileInputStream("1.txt");
        } finally {
            if (is != null) {
                is.close();
            }
        }
    }
}
-----------------------------------------------------------
Compilation: PASSED
]]></system-out>
  <system-err><![CDATA[]]></system-err>
</testsuite>
