<?xml version="1.0" encoding="UTF-8"?>
<testsuite name="jadx.tests.integration.loops.TestLoopCondition4" tests="1" skipped="0" failures="0" errors="0" timestamp="2016-04-22T15:40:58" hostname="box723" time="0.049">
  <properties/>
  <testcase name="test" classname="jadx.tests.integration.loops.TestLoopCondition4" time="0.049"/>
  <system-out><![CDATA[15:40:58 INFO  - converting to dex: jadx-tmp-811495019808257769684926920698592.jar ...
15:40:58 INFO  - loading ...
15:40:58 DEBUG - Load: /tmp/jadx-tmp-811495019808257769684926920698592.jar
15:40:58 DEBUG - '.arsc' file not found
15:40:58 WARN  - Unknown 'R' class, create references to 'R'
-----------------------------------------------------------
package jadx.tests.integration.loops;

public class TestLoopCondition4$TestCls {
    public static void test() {
        int n = -1;
        while (n < 0) {
            n += 12;
        }
        while (n > 11) {
            n -= 12;
        }
        System.out.println(n);
    }
}
-----------------------------------------------------------
Compilation: PASSED
]]></system-out>
  <system-err><![CDATA[]]></system-err>
</testsuite>
