<?xml version="1.0" encoding="UTF-8"?>
<testsuite name="jadx.tests.integration.loops.TestContinueInLoop" tests="1" skipped="0" failures="0" errors="0" timestamp="2016-04-22T15:40:57" hostname="box723" time="0.079">
  <properties/>
  <testcase name="test" classname="jadx.tests.integration.loops.TestContinueInLoop" time="0.079"/>
  <system-out><![CDATA[15:40:57 INFO  - converting to dex: jadx-tmp-181195502585348003484925958150906.jar ...
15:40:57 INFO  - loading ...
15:40:57 DEBUG - Load: /tmp/jadx-tmp-181195502585348003484925958150906.jar
15:40:58 DEBUG - '.arsc' file not found
15:40:58 WARN  - Unknown 'R' class, create references to 'R'
15:40:58 DEBUG -  Duplicated block: B:11:0x0020 in jadx.tests.integration.loops.TestContinueInLoop$TestCls.test(int[], int):void
-----------------------------------------------------------
package jadx.tests.integration.loops;

public class TestContinueInLoop$TestCls {
    private int f;

    private void test(int[] a, int b) {
        for (int i = 0; i < a.length; i++) {
            int v = a[i];
            if (v < b) {
                a[i] = a[i] + 1;
            } else if (v > b) {
                a[i] = a[i] - 1;
            } else {
                continue;
            }
            if (i < b) {
                break;
            }
        }
        this.f++;
    }
}
-----------------------------------------------------------
Compilation: PASSED
]]></system-out>
  <system-err><![CDATA[]]></system-err>
</testsuite>
