<?xml version="1.0" encoding="UTF-8"?>
<testsuite name="jadx.tests.integration.loops.TestIfInLoop3" tests="1" skipped="0" failures="0" errors="0" timestamp="2016-04-22T15:40:58" hostname="box723" time="0.127">
  <properties/>
  <testcase name="test" classname="jadx.tests.integration.loops.TestIfInLoop3" time="0.127"/>
  <system-out><![CDATA[15:40:58 INFO  - converting to dex: jadx-tmp-715976182701636665784926301975901.jar ...
15:40:58 INFO  - loading ...
15:40:58 DEBUG - Load: /tmp/jadx-tmp-715976182701636665784926301975901.jar
15:40:58 DEBUG - '.arsc' file not found
15:40:58 WARN  - Unknown 'R' class, create references to 'R'
-----------------------------------------------------------
package jadx.tests.integration.loops;

import java.lang.reflect.Array;
import org.junit.Assert;

public class TestIfInLoop3$TestCls {
    static boolean[][] occupied = ((boolean[][]) Array.newInstance(Boolean.TYPE, new int[]{70, 70}));
    static boolean placingStone = true;

    private static boolean test(int xx, int yy) {
        int[] extraArray = new int[]{10, 45, 50, 50, 20, 20};
        if (extraArray != null && placingStone) {
            for (int i = 0; i < extraArray.length; i += 2) {
                int tX;
                int tY;
                if (yy % 2 == 0) {
                    if (extraArray[i + 1] % 2 == 0) {
                        tX = xx + extraArray[i];
                    } else {
                        tX = (extraArray[i] + xx) - 1;
                    }
                    tY = yy + extraArray[i + 1];
                } else {
                    tX = xx + extraArray[i];
                    tY = yy + extraArray[i + 1];
                }
                if (tX < 0 || tY < 0 || ((tY % 2 != 0 && tX > 28) || tY > 70 || occupied[tX][tY])) {
                    return false;
                }
            }
        }
        return true;
    }

    public void check() {
        Assert.assertTrue(test(14, 2));
    }
}
-----------------------------------------------------------
Compilation: PASSED
Auto check: PASSED
]]></system-out>
  <system-err><![CDATA[]]></system-err>
</testsuite>
