<?xml version="1.0" encoding="UTF-8"?>
<testsuite name="jadx.tests.integration.inline.TestInline" tests="1" skipped="0" failures="0" errors="0" timestamp="2016-04-22T15:40:53" hostname="box723" time="0.081">
  <properties/>
  <testcase name="test" classname="jadx.tests.integration.inline.TestInline" time="0.081"/>
  <system-out><![CDATA[15:40:53 INFO  - converting to dex: jadx-tmp-830359315940352283484921926749117.jar ...
15:40:53 INFO  - loading ...
15:40:53 DEBUG - Load: /tmp/jadx-tmp-830359315940352283484921926749117.jar
15:40:53 DEBUG - '.arsc' file not found
15:40:53 WARN  - Unknown 'R' class, create references to 'R'
-----------------------------------------------------------
package jadx.tests.integration.inline;

public class TestInline$TestCls {
    public static void main(String[] args) throws Exception {
        System.out.println("Test: " + new TestInline$TestCls().testRun());
    }

    private boolean testRun() {
        return false;
    }
}
-----------------------------------------------------------
Compilation: PASSED
]]></system-out>
  <system-err><![CDATA[]]></system-err>
</testsuite>
