<?xml version="1.0" encoding="UTF-8"?>
<testsuite name="jadx.tests.integration.arrays.TestArrays" tests="1" skipped="0" failures="0" errors="0" timestamp="2016-04-22T15:40:48" hostname="box723" time="0.141">
  <properties/>
  <testcase name="test" classname="jadx.tests.integration.arrays.TestArrays" time="0.141"/>
  <system-out><![CDATA[15:40:48 INFO  - converting to dex: jadx-tmp-338293015389151523784916719603451.jar ...
15:40:48 INFO  - loading ...
15:40:48 DEBUG - Load: /tmp/jadx-tmp-338293015389151523784916719603451.jar
15:40:48 DEBUG - '.arsc' file not found
15:40:48 WARN  - Unknown 'R' class, create references to 'R'
-----------------------------------------------------------
package jadx.tests.integration.arrays;

import java.lang.reflect.Array;

public class TestArrays$TestCls {
    public int test1(int i) {
        return new int[]{1, 2, 3, 5}[i];
    }

    public int test2(int i) {
        return ((int[][]) Array.newInstance(Integer.TYPE, new int[]{i, i + 1})).length;
    }
}
-----------------------------------------------------------
Compilation: PASSED
]]></system-out>
  <system-err><![CDATA[]]></system-err>
</testsuite>
