<?xml version="1.0" encoding="UTF-8"?>
<testsuite name="jadx.tests.integration.loops.TestLoopCondition" tests="1" skipped="0" failures="0" errors="0" timestamp="2016-04-22T15:40:58" hostname="box723" time="0.066">
  <properties/>
  <testcase name="test" classname="jadx.tests.integration.loops.TestLoopCondition" time="0.066"/>
  <system-out><![CDATA[15:40:58 INFO  - converting to dex: jadx-tmp-77446264533233408884926728362705.jar ...
15:40:58 INFO  - loading ...
15:40:58 DEBUG - Load: /tmp/jadx-tmp-77446264533233408884926728362705.jar
15:40:58 DEBUG - '.arsc' file not found
15:40:58 WARN  - Unknown 'R' class, create references to 'R'
-----------------------------------------------------------
package jadx.tests.integration.loops;

import java.util.ArrayList;

public class TestLoopCondition$TestCls {
    public String f;

    private void setEnabled(boolean r1z) {
    }

    private void testIfInLoop() {
        int j = 0;
        for (int i = 0; i < this.f.length(); i++) {
            if (this.f.charAt(i) == '/') {
                j++;
                if (j == 2) {
                    setEnabled(true);
                    return;
                }
            }
        }
        setEnabled(false);
    }

    private void testMoreComplexIfInLoop(ArrayList<String> list) throws Exception {
        int i = 0;
        while (i != 16 && i < 255) {
            list.set(i, "ABC");
            if (i != 128) {
                list.set(i, "DEF");
                i++;
            } else {
                return;
            }
        }
    }
}
-----------------------------------------------------------
Compilation: PASSED
]]></system-out>
  <system-err><![CDATA[]]></system-err>
</testsuite>
