<?xml version="1.0" encoding="UTF-8"?>
<testsuite name="jadx.tests.integration.inner.TestAnonymousClass2" tests="1" skipped="0" failures="0" errors="0" timestamp="2016-04-22T15:40:55" hostname="box723" time="0.073">
  <properties/>
  <testcase name="test" classname="jadx.tests.integration.inner.TestAnonymousClass2" time="0.073"/>
  <system-out><![CDATA[15:40:55 INFO  - converting to dex: jadx-tmp-219828060036923509784922994019539.jar ...
15:40:55 INFO  - loading ...
15:40:55 DEBUG - Load: /tmp/jadx-tmp-219828060036923509784922994019539.jar
15:40:55 DEBUG - '.arsc' file not found
15:40:55 WARN  - Unknown 'R' class, create references to 'R'
-----------------------------------------------------------
package jadx.tests.integration.inner;

public class TestAnonymousClass2$TestCls {

    public static class Inner {
        private int f;

        public Runnable test() {
            return new Runnable() {
                public void run() {
                    Inner.this.f = 1;
                }
            };
        }

        public Runnable test2() {
            return new Runnable() {
                public void run() {
                    Inner obj = Inner.this;
                }
            };
        }
    }
}
-----------------------------------------------------------
Compilation: PASSED
]]></system-out>
  <system-err><![CDATA[]]></system-err>
</testsuite>
