<?xml version="1.0" encoding="UTF-8"?>
<testsuite name="jadx.tests.integration.debuginfo.TestLineNumbers" tests="1" skipped="0" failures="0" errors="0" timestamp="2016-04-22T15:40:51" hostname="box723" time="0.092">
  <properties/>
  <testcase name="test" classname="jadx.tests.integration.debuginfo.TestLineNumbers" time="0.092"/>
  <system-out><![CDATA[15:40:51 INFO  - converting to dex: jadx-tmp-50777251557471079984919544338533.jar ...
15:40:51 INFO  - loading ...
15:40:51 DEBUG - Load: /tmp/jadx-tmp-50777251557471079984919544338533.jar
15:40:51 DEBUG - '.arsc' file not found
15:40:51 WARN  - Unknown 'R' class, create references to 'R'
-----------------------------------------------------------
package jadx.tests.integration.debuginfo;

public class TestLineNumbers$TestCls {
    int field;

    public static class Inner {
        int innerField;

        public void innerFunc() {
        }

        public void innerFunc2() {
            new Runnable() {
                public void run() {
                }
            }.run();
        }

        public void innerFunc3() {
        }
    }

    public void func() {
    }
}
-----------------------------------------------------------
Compilation: PASSED
]]></system-out>
  <system-err><![CDATA[]]></system-err>
</testsuite>
