<?xml version="1.0" encoding="UTF-8"?>
<testsuite name="jadx.tests.integration.conditions.TestConditions7" tests="1" skipped="0" failures="0" errors="0" timestamp="2016-04-22T15:40:50" hostname="box723" time="0.075">
  <properties/>
  <testcase name="test" classname="jadx.tests.integration.conditions.TestConditions7" time="0.075"/>
  <system-out><![CDATA[15:40:50 INFO  - converting to dex: jadx-tmp-341886435705862496784918640041159.jar ...
15:40:50 INFO  - loading ...
15:40:50 DEBUG - Load: /tmp/jadx-tmp-341886435705862496784918640041159.jar
15:40:50 DEBUG - '.arsc' file not found
15:40:50 WARN  - Unknown 'R' class, create references to 'R'
-----------------------------------------------------------
package jadx.tests.integration.conditions;

public class TestConditions7$TestCls {
    public void test(int[] a, int i) {
        if (i >= 0 && i < a.length) {
            a[i] = a[i] + 1;
        }
    }
}
-----------------------------------------------------------
Compilation: PASSED
]]></system-out>
  <system-err><![CDATA[]]></system-err>
</testsuite>
