<?xml version="1.0" encoding="UTF-8"?>
<testsuite name="jadx.tests.integration.arrays.TestArrays3" tests="1" skipped="0" failures="0" errors="0" timestamp="2016-04-22T15:40:49" hostname="box723" time="0.136">
  <properties/>
  <testcase name="test" classname="jadx.tests.integration.arrays.TestArrays3" time="0.136"/>
  <system-out><![CDATA[15:40:49 INFO  - converting to dex: jadx-tmp-786164503148602213784917083699721.jar ...
15:40:49 INFO  - loading ...
15:40:49 DEBUG - Load: /tmp/jadx-tmp-786164503148602213784917083699721.jar
15:40:49 DEBUG - '.arsc' file not found
15:40:49 WARN  - Unknown 'R' class, create references to 'R'
-----------------------------------------------------------
package jadx.tests.integration.arrays;

import org.hamcrest.CoreMatchers;
import org.junit.Assert;

public class TestArrays3$TestCls {
    private Object test(byte[] bArr) {
        return new Object[]{bArr};
    }

    public void check() {
        Assert.assertThat(test(new byte[]{(byte) 1, (byte) 2}), CoreMatchers.instanceOf(Object[].class));
    }
}
-----------------------------------------------------------
Compilation: PASSED
Auto check: PASSED
]]></system-out>
  <system-err><![CDATA[]]></system-err>
</testsuite>
