<?xml version="1.0" encoding="UTF-8"?>
<testsuite name="jadx.tests.integration.synchronize.TestSynchronized3" tests="1" skipped="0" failures="0" errors="0" timestamp="2016-04-22T15:41:01" hostname="box723" time="0.073">
  <properties/>
  <testcase name="test" classname="jadx.tests.integration.synchronize.TestSynchronized3" time="0.073"/>
  <system-out><![CDATA[15:41:01 INFO  - converting to dex: jadx-tmp-712858216100993911784929972245168.jar ...
15:41:02 INFO  - loading ...
15:41:02 DEBUG - Load: /tmp/jadx-tmp-712858216100993911784929972245168.jar
15:41:02 DEBUG - '.arsc' file not found
15:41:02 WARN  - Unknown 'R' class, create references to 'R'
-----------------------------------------------------------
package jadx.tests.integration.synchronize;

public class TestSynchronized3$TestCls {
    private int x;

    public void f() {
    }

    public void test() {
        while (true) {
            synchronized (this) {
                if (this.x == 0) {
                    throw new IllegalStateException("bad luck");
                }
                this.x++;
                if (this.x == 10) {
                    return;
                }
            }
            this.x++;
            f();
        }
    }
}
-----------------------------------------------------------
Compilation: PASSED
]]></system-out>
  <system-err><![CDATA[]]></system-err>
</testsuite>
