<?xml version="1.0" encoding="UTF-8"?>
<testsuite name="jadx.tests.integration.conditions.TestConditions12" tests="1" skipped="0" failures="0" errors="0" timestamp="2016-04-22T15:40:49" hostname="box723" time="0.149">
  <properties/>
  <testcase name="test" classname="jadx.tests.integration.conditions.TestConditions12" time="0.149"/>
  <system-out><![CDATA[15:40:49 INFO  - converting to dex: jadx-tmp-480756615715339156384917527550658.jar ...
15:40:49 INFO  - loading ...
15:40:49 DEBUG - Load: /tmp/jadx-tmp-480756615715339156384917527550658.jar
15:40:49 DEBUG - '.arsc' file not found
15:40:49 WARN  - Unknown 'R' class, create references to 'R'
-----------------------------------------------------------
package jadx.tests.integration.conditions;

public class TestConditions12$TestCls {
    static boolean autoStop = true;
    static int lastValidRaw = -1;
    static boolean qualityReading = false;

    public static void main(String[] args) throws Exception {
        dataProcess(5, 30);
    }

    public static void dataProcess(int raw, int quality) {
        if (quality >= 10 && raw != 0) {
            System.out.println("OK" + raw);
            qualityReading = false;
        } else if (raw == 0 || quality < 6 || !qualityReading) {
            System.out.println("Not OK" + raw);
        } else {
            System.out.println("Quit OK" + raw);
        }
        if (quality < 30) {
            int timeLeft = 30 - quality;
            if (quality >= 10) {
                System.out.println("Processing" + timeLeft);
            }
        } else {
            System.out.println("Finish Processing");
            if (raw > 0) {
                lastValidRaw = raw;
            }
        }
        if (quality >= 30 && autoStop) {
            System.out.println("Finished");
        }
        if (!autoStop && lastValidRaw > -1 && quality < 10) {
            System.out.println("Finished");
        }
    }
}
-----------------------------------------------------------
Compilation: PASSED
]]></system-out>
  <system-err><![CDATA[]]></system-err>
</testsuite>
