<?xml version="1.0" encoding="UTF-8"?>
<testsuite name="jadx.tests.integration.trycatch.TestTryCatch6" tests="1" skipped="0" failures="0" errors="0" timestamp="2016-04-22T15:41:02" hostname="box723" time="0.083">
  <properties/>
  <testcase name="test" classname="jadx.tests.integration.trycatch.TestTryCatch6" time="0.083"/>
  <system-out><![CDATA[15:41:02 INFO  - converting to dex: jadx-tmp-403845743300811353384930767860518.jar ...
15:41:02 INFO  - loading ...
15:41:02 DEBUG - Load: /tmp/jadx-tmp-403845743300811353384930767860518.jar
15:41:02 DEBUG - '.arsc' file not found
15:41:02 WARN  - Unknown 'R' class, create references to 'R'
-----------------------------------------------------------
package jadx.tests.integration.trycatch;

import java.io.IOException;
import org.junit.Assert;

public class TestTryCatch6$TestCls {
    private static boolean exc(Object obj) throws IOException {
        if (obj != null) {
            return true;
        }
        throw new IOException();
    }

    private static boolean test(Object obj) {
        Object obj2 = obj;
        while (true) {
            try {
                return exc(obj2);
            } catch (IOException e) {
            } catch (Throwable th) {
                if (obj2 == null) {
                    obj2 = new Object();
                }
            }
        }
    }

    public void check() {
        Assert.assertTrue(test(new Object()));
    }
}
-----------------------------------------------------------
Compilation: PASSED
Auto check: PASSED
]]></system-out>
  <system-err><![CDATA[]]></system-err>
</testsuite>
