<?xml version="1.0" encoding="UTF-8"?>
<testsuite name="jadx.tests.integration.generics.TestGenerics6" tests="1" skipped="0" failures="0" errors="0" timestamp="2016-04-22T15:40:53" hostname="box723" time="0.085">
  <properties/>
  <testcase name="test" classname="jadx.tests.integration.generics.TestGenerics6" time="0.085"/>
  <system-out><![CDATA[15:40:53 INFO  - converting to dex: jadx-tmp-481010109914784246084921838812247.jar ...
15:40:53 INFO  - loading ...
15:40:53 DEBUG - Load: /tmp/jadx-tmp-481010109914784246084921838812247.jar
15:40:53 DEBUG - '.arsc' file not found
15:40:53 WARN  - Unknown 'R' class, create references to 'R'
-----------------------------------------------------------
package jadx.tests.integration.generics;

import java.util.Collection;

public class TestGenerics6$TestCls {

    private interface I {
        void f();
    }

    private class A implements I {
        private A() {
        }

        public void f() {
        }
    }

    public void test1(Collection<? extends A> as) {
        for (A a : as) {
            a.f();
        }
    }

    public void test2(Collection<? extends A> is) {
        for (I i : is) {
            i.f();
        }
    }
}
-----------------------------------------------------------
Compilation: PASSED
]]></system-out>
  <system-err><![CDATA[]]></system-err>
</testsuite>
