<?xml version="1.0" encoding="UTF-8"?>
<testsuite name="jadx.tests.integration.conditions.TestConditions16" tests="1" skipped="0" failures="0" errors="0" timestamp="2016-04-22T15:40:50" hostname="box723" time="0.079">
  <properties/>
  <testcase name="test" classname="jadx.tests.integration.conditions.TestConditions16" time="0.079"/>
  <system-out><![CDATA[15:40:50 INFO  - converting to dex: jadx-tmp-659523973248240723284918057230035.jar ...
15:40:50 INFO  - loading ...
15:40:50 DEBUG - Load: /tmp/jadx-tmp-659523973248240723284918057230035.jar
15:40:50 DEBUG - '.arsc' file not found
15:40:50 WARN  - Unknown 'R' class, create references to 'R'
-----------------------------------------------------------
package jadx.tests.integration.conditions;

import org.junit.Assert;

public class TestConditions16$TestCls {
    private static boolean test(int a, int b) {
        return a < 0 || ((b % 2 != 0 && a > 28) || b < 0);
    }

    public void check() {
        Assert.assertTrue(test(-1, 1));
        Assert.assertTrue(test(1, -1));
        Assert.assertTrue(test(29, 3));
        Assert.assertFalse(test(2, 2));
    }
}
-----------------------------------------------------------
Compilation: PASSED
Auto check: PASSED
]]></system-out>
  <system-err><![CDATA[]]></system-err>
</testsuite>
