<?xml version="1.0" encoding="UTF-8"?>
<testsuite name="jadx.tests.integration.loops.TestLoopDetection2" tests="1" skipped="0" failures="0" errors="0" timestamp="2016-04-22T15:40:59" hostname="box723" time="0.045">
  <properties/>
  <testcase name="test" classname="jadx.tests.integration.loops.TestLoopDetection2" time="0.045"/>
  <system-out><![CDATA[15:40:59 INFO  - converting to dex: jadx-tmp-373276701520078540784927078872601.jar ...
15:40:59 INFO  - loading ...
15:40:59 DEBUG - Load: /tmp/jadx-tmp-373276701520078540784927078872601.jar
15:40:59 DEBUG - '.arsc' file not found
15:40:59 WARN  - Unknown 'R' class, create references to 'R'
-----------------------------------------------------------
package jadx.tests.integration.loops;

public class TestLoopDetection2$TestCls {
    public int test(int a, int b) {
        int c = a + b;
        for (int i = a; i < b; i++) {
            if (i == 7) {
                c += 2;
            } else {
                c *= 2;
            }
        }
        return c - 1;
    }
}
-----------------------------------------------------------
Compilation: PASSED
]]></system-out>
  <system-err><![CDATA[]]></system-err>
</testsuite>
