<?xml version="1.0" encoding="UTF-8"?>
<testsuite name="jadx.tests.integration.conditions.TestConditions" tests="1" skipped="0" failures="0" errors="0" timestamp="2016-04-22T15:40:49" hostname="box723" time="0.054">
  <properties/>
  <testcase name="test" classname="jadx.tests.integration.conditions.TestConditions" time="0.054"/>
  <system-out><![CDATA[15:40:49 INFO  - converting to dex: jadx-tmp-675767054855419868484917338520160.jar ...
15:40:49 INFO  - loading ...
15:40:49 DEBUG - Load: /tmp/jadx-tmp-675767054855419868484917338520160.jar
15:40:49 DEBUG - '.arsc' file not found
15:40:49 WARN  - Unknown 'R' class, create references to 'R'
-----------------------------------------------------------
package jadx.tests.integration.conditions;

public class TestConditions$TestCls {
    private boolean test(boolean a, boolean b, boolean c) {
        return (a && b) || c;
    }
}
-----------------------------------------------------------
Compilation: PASSED
]]></system-out>
  <system-err><![CDATA[]]></system-err>
</testsuite>
