<?xml version="1.0" encoding="UTF-8"?>
<testsuite name="jadx.tests.integration.conditions.TestConditions10" tests="1" skipped="0" failures="0" errors="0" timestamp="2016-04-22T15:40:49" hostname="box723" time="0.073">
  <properties/>
  <testcase name="test" classname="jadx.tests.integration.conditions.TestConditions10" time="0.073"/>
  <system-out><![CDATA[15:40:49 INFO  - converting to dex: jadx-tmp-787385719178734918484917394575675.jar ...
15:40:49 INFO  - loading ...
15:40:49 DEBUG - Load: /tmp/jadx-tmp-787385719178734918484917394575675.jar
15:40:49 DEBUG - '.arsc' file not found
15:40:49 WARN  - Unknown 'R' class, create references to 'R'
-----------------------------------------------------------
package jadx.tests.integration.conditions;

public class TestConditions10$TestCls {
    public void test(boolean a, int b) throws Exception {
        if (a || b > 2) {
            b++;
        }
        if (!a || (b >= 0 && b <= 11)) {
            System.out.println("1");
        } else {
            System.out.println("2");
        }
        System.out.println("3");
    }
}
-----------------------------------------------------------
Compilation: PASSED
]]></system-out>
  <system-err><![CDATA[]]></system-err>
</testsuite>
