<?xml version="1.0" encoding="UTF-8"?>
<testsuite name="jadx.tests.integration.annotations.TestAnnotations" tests="1" skipped="0" failures="0" errors="0" timestamp="2016-04-22T15:40:47" hostname="box723" time="0.096">
  <properties/>
  <testcase name="test" classname="jadx.tests.integration.annotations.TestAnnotations" time="0.096"/>
  <system-out><![CDATA[15:40:47 INFO  - converting to dex: jadx-tmp-284723898435273284884915479511224.jar ...
15:40:47 INFO  - loading ...
15:40:47 DEBUG - Load: /tmp/jadx-tmp-284723898435273284884915479511224.jar
15:40:47 DEBUG - '.arsc' file not found
15:40:47 WARN  - Unknown 'R' class, create references to 'R'
-----------------------------------------------------------
package jadx.tests.integration.annotations;

public class TestAnnotations$TestCls {

    private @interface A {
        int a();
    }

    private @interface D {
        float value() default 1.1f;
    }

    private @interface V {
        boolean value();
    }

    @A(a = -1)
    public void methodA1() {
    }

    @A(a = -253)
    public void methodA2() {
    }

    @A(a = -11253)
    public void methodA3() {
    }

    @V(false)
    public void methodV() {
    }

    @D
    public void methodD() {
    }
}
-----------------------------------------------------------
Compilation: PASSED
]]></system-out>
  <system-err><![CDATA[]]></system-err>
</testsuite>
