<?xml version="1.0" encoding="UTF-8"?>
<testsuite name="jadx.tests.integration.loops.TestLoopDetection4" tests="1" skipped="0" failures="0" errors="0" timestamp="2016-04-22T15:40:59" hostname="box723" time="0.065">
  <properties/>
  <testcase name="test" classname="jadx.tests.integration.loops.TestLoopDetection4" time="0.065"/>
  <system-out><![CDATA[15:40:59 INFO  - converting to dex: jadx-tmp-297906046450304819884927203305055.jar ...
15:40:59 INFO  - loading ...
15:40:59 DEBUG - Load: /tmp/jadx-tmp-297906046450304819884927203305055.jar
15:40:59 DEBUG - '.arsc' file not found
15:40:59 WARN  - Unknown 'R' class, create references to 'R'
-----------------------------------------------------------
package jadx.tests.integration.loops;

import java.util.Iterator;

public class TestLoopDetection4$TestCls {
    private SomeCls filter;
    private Iterator<String> iterator;

    private class SomeCls {
        private SomeCls() {
        }

        public String filter(String str) {
            return str;
        }
    }

    private String test() {
        while (this.iterator.hasNext()) {
            String filtered = this.filter.filter((String) this.iterator.next());
            if (filtered != null) {
                return filtered;
            }
        }
        return null;
    }
}
-----------------------------------------------------------
Compilation: PASSED
]]></system-out>
  <system-err><![CDATA[]]></system-err>
</testsuite>
