<?xml version="1.0" encoding="UTF-8"?>
<testsuite name="jadx.tests.integration.switches.TestSwitchWithFallThroughCase" tests="1" skipped="0" failures="0" errors="0" timestamp="2016-04-22T15:41:01" hostname="box723" time="0.081">
  <properties/>
  <testcase name="test" classname="jadx.tests.integration.switches.TestSwitchWithFallThroughCase" time="0.081"/>
  <system-out><![CDATA[15:41:01 INFO  - converting to dex: jadx-tmp-59115397688670818684929643117874.jar ...
15:41:01 INFO  - loading ...
15:41:01 DEBUG - Load: /tmp/jadx-tmp-59115397688670818684929643117874.jar
15:41:01 DEBUG - '.arsc' file not found
15:41:01 WARN  - Unknown 'R' class, create references to 'R'
-----------------------------------------------------------
package jadx.tests.integration.switches;

import org.junit.Assert;

public class TestSwitchWithFallThroughCase$TestCls {
    public String test(int a, boolean b, boolean c) {
        String str = "";
        switch (a % 4) {
            case 1:
                str = str + ">";
                if (a == 5 && b) {
                    if (!c) {
                        str = str + "!c";
                        break;
                    }
                    str = str + "1";
                    break;
                }
            case 2:
                if (b) {
                    str = str + "2";
                    break;
                }
                break;
            case 3:
                break;
            default:
                str = str + "default";
                break;
        }
        return str + ";";
    }

    public void check() {
        Assert.assertEquals(">1;", test(5, true, true));
        Assert.assertEquals(">2;", test(1, true, true));
        Assert.assertEquals(";", test(3, true, true));
        Assert.assertEquals("default;", test(0, true, true));
    }
}
-----------------------------------------------------------
Compilation: PASSED
Auto check: PASSED
]]></system-out>
  <system-err><![CDATA[]]></system-err>
</testsuite>
