<?xml version="1.0" encoding="UTF-8"?>
<testsuite name="jadx.tests.integration.inner.TestAnonymousClass9" tests="1" skipped="0" failures="0" errors="0" timestamp="2016-04-22T15:40:55" hostname="box723" time="0.101">
  <properties/>
  <testcase name="test" classname="jadx.tests.integration.inner.TestAnonymousClass9" time="0.101"/>
  <system-out><![CDATA[15:40:55 INFO  - converting to dex: jadx-tmp-423473874709621203984923610104879.jar ...
15:40:55 INFO  - loading ...
15:40:55 DEBUG - Load: /tmp/jadx-tmp-423473874709621203984923610104879.jar
15:40:55 DEBUG - '.arsc' file not found
15:40:55 WARN  - Unknown 'R' class, create references to 'R'
-----------------------------------------------------------
package jadx.tests.integration.inner;

import java.util.concurrent.Callable;
import java.util.concurrent.FutureTask;

public class TestAnonymousClass9$TestCls {
    public Callable<String> c = new Callable<String>() {
        public String call() throws Exception {
            return "str";
        }
    };

    public Runnable test() {
        return new FutureTask<String>(this.c) {
            public void run() {
                System.out.println(6);
            }
        };
    }
}
-----------------------------------------------------------
Compilation: PASSED
]]></system-out>
  <system-err><![CDATA[]]></system-err>
</testsuite>
