<?xml version="1.0" encoding="UTF-8"?>
<testsuite name="jadx.tests.integration.arith.TestFieldIncrement2" tests="1" skipped="0" failures="0" errors="0" timestamp="2016-04-22T15:40:47" hostname="box723" time="0.076">
  <properties/>
  <testcase name="test" classname="jadx.tests.integration.arith.TestFieldIncrement2" time="0.076"/>
  <system-out><![CDATA[15:40:47 INFO  - converting to dex: jadx-tmp-24925969626899918684915958458339.jar ...
15:40:48 INFO  - loading ...
15:40:48 DEBUG - Load: /tmp/jadx-tmp-24925969626899918684915958458339.jar
15:40:48 DEBUG - '.arsc' file not found
15:40:48 WARN  - Unknown 'R' class, create references to 'R'
-----------------------------------------------------------
package jadx.tests.integration.arith;

public class TestFieldIncrement2$TestCls {
    public A a;

    private static class A {
        int f = 5;

        private A() {
        }
    }

    public void test1(int n) {
        this.a.f += n;
    }

    public void test2(int n) {
        A a = this.a;
        a.f *= n;
    }
}
-----------------------------------------------------------
Compilation: PASSED
]]></system-out>
  <system-err><![CDATA[]]></system-err>
</testsuite>
