<?xml version="1.0" encoding="UTF-8"?>
<testsuite name="jadx.tests.integration.trycatch.TestTryCatchFinally" tests="1" skipped="0" failures="0" errors="0" timestamp="2016-04-22T15:41:03" hostname="box723" time="0.123">
  <properties/>
  <testcase name="test" classname="jadx.tests.integration.trycatch.TestTryCatchFinally" time="0.123"/>
  <system-out><![CDATA[15:41:03 INFO  - converting to dex: jadx-tmp-706283960024977405284931006970850.jar ...
15:41:03 INFO  - loading ...
15:41:03 DEBUG - Load: /tmp/jadx-tmp-706283960024977405284931006970850.jar
15:41:03 DEBUG - '.arsc' file not found
15:41:03 WARN  - Unknown 'R' class, create references to 'R'
-----------------------------------------------------------
package jadx.tests.integration.trycatch;

import org.junit.Assert;

public class TestTryCatchFinally$TestCls {
    public boolean f;

    private boolean test(Object obj) {
        this.f = false;
        try {
            exc(obj);
        } catch (Exception e) {
            e.getMessage();
        } finally {
            this.f = true;
        }
        return this.f;
    }

    private static boolean exc(Object obj) throws Exception {
        if (obj != null) {
            return obj instanceof String;
        }
        throw new Exception("test");
    }

    public void check() {
        Assert.assertTrue(test("a"));
        Assert.assertTrue(test(null));
    }
}
-----------------------------------------------------------
Compilation: PASSED
Auto check: PASSED
]]></system-out>
  <system-err><![CDATA[]]></system-err>
</testsuite>
