<?xml version="1.0" encoding="UTF-8"?>
<testsuite name="jadx.tests.integration.conditions.TestConditions4" tests="1" skipped="0" failures="0" errors="0" timestamp="2016-04-22T15:40:50" hostname="box723" time="0.083">
  <properties/>
  <testcase name="test" classname="jadx.tests.integration.conditions.TestConditions4" time="0.083"/>
  <system-out><![CDATA[15:40:50 INFO  - converting to dex: jadx-tmp-459017519213970287484918404144250.jar ...
15:40:50 INFO  - loading ...
15:40:50 DEBUG - Load: /tmp/jadx-tmp-459017519213970287484918404144250.jar
15:40:50 DEBUG - '.arsc' file not found
15:40:50 WARN  - Unknown 'R' class, create references to 'R'
-----------------------------------------------------------
package jadx.tests.integration.conditions;

public class TestConditions4$TestCls {
    public int test(int num) {
        boolean inRange = num >= 59 && num <= 66;
        return inRange ? num + 1 : num;
    }
}
-----------------------------------------------------------
Compilation: PASSED
]]></system-out>
  <system-err><![CDATA[]]></system-err>
</testsuite>
