<?xml version="1.0" encoding="UTF-8"?>
<testsuite name="jadx.tests.integration.loops.TestLoopDetection3" tests="1" skipped="0" failures="0" errors="0" timestamp="2016-04-22T15:40:59" hostname="box723" time="0.074">
  <properties/>
  <testcase name="test" classname="jadx.tests.integration.loops.TestLoopDetection3" time="0.074"/>
  <system-out><![CDATA[15:40:59 INFO  - converting to dex: jadx-tmp-416951579924829749184927125103292.jar ...
15:40:59 INFO  - loading ...
15:40:59 DEBUG - Load: /tmp/jadx-tmp-416951579924829749184927125103292.jar
15:40:59 DEBUG - '.arsc' file not found
15:40:59 WARN  - Unknown 'R' class, create references to 'R'
-----------------------------------------------------------
package jadx.tests.integration.loops;

public class TestLoopDetection3$TestCls {
    private void test(TestLoopDetection3$TestCls parent, int pos) {
        Object item;
        do {
            pos--;
            if (pos >= 0) {
                item = parent.get(pos);
            } else {
                return;
            }
        } while (!(item instanceof String));
        func((String) item);
    }

    private Object get(int pos) {
        return null;
    }

    private void func(String item) {
    }
}
-----------------------------------------------------------
Compilation: PASSED
]]></system-out>
  <system-err><![CDATA[]]></system-err>
</testsuite>
