<?xml version="1.0" encoding="UTF-8"?>
<testsuite name="jadx.tests.integration.loops.TestSequentialLoops" tests="1" skipped="0" failures="0" errors="0" timestamp="2016-04-22T15:40:59" hostname="box723" time="0.033">
  <properties/>
  <testcase name="test" classname="jadx.tests.integration.loops.TestSequentialLoops" time="0.033"/>
  <system-out><![CDATA[15:40:59 INFO  - converting to dex: jadx-tmp-509251175926380909984927462573425.jar ...
15:40:59 INFO  - loading ...
15:40:59 DEBUG - Load: /tmp/jadx-tmp-509251175926380909984927462573425.jar
15:40:59 DEBUG - '.arsc' file not found
15:40:59 WARN  - Unknown 'R' class, create references to 'R'
-----------------------------------------------------------
package jadx.tests.integration.loops;

public class TestSequentialLoops$TestCls {
    public int test7(int a, int b) {
        int c = b;
        while (true) {
            int z = c + a;
            if (z >= 7) {
                break;
            }
            c = z;
        }
        while (true) {
            z = c + a;
            if (z < 7) {
                return c;
            }
            c = z;
        }
    }
}
-----------------------------------------------------------
]]></system-out>
  <system-err><![CDATA[]]></system-err>
</testsuite>
