<?xml version="1.0" encoding="UTF-8"?>
<testsuite name="jadx.tests.integration.conditions.TestConditions14" tests="1" skipped="0" failures="0" errors="0" timestamp="2016-04-22T15:40:49" hostname="box723" time="0.09">
  <properties/>
  <testcase name="test" classname="jadx.tests.integration.conditions.TestConditions14" time="0.09"/>
  <system-out><![CDATA[15:40:49 INFO  - converting to dex: jadx-tmp-37871116801799091284917800490044.jar ...
15:40:49 INFO  - loading ...
15:40:49 DEBUG - Load: /tmp/jadx-tmp-37871116801799091284917800490044.jar
15:40:49 DEBUG - '.arsc' file not found
15:40:49 WARN  - Unknown 'R' class, create references to 'R'
-----------------------------------------------------------
package jadx.tests.integration.conditions;

public class TestConditions14$TestCls {
    public static boolean test(Object a, Object b) {
        boolean r = a == null ? b != null : !a.equals(b);
        if (r) {
            return false;
        }
        System.out.println("1");
        return true;
    }
}
-----------------------------------------------------------
Compilation: PASSED
]]></system-out>
  <system-err><![CDATA[]]></system-err>
</testsuite>
