<?xml version="1.0" encoding="UTF-8"?>
<testsuite name="jadx.tests.integration.TestStaticMethod" tests="1" skipped="0" failures="0" errors="0" timestamp="2016-04-22T15:40:47" hostname="box723" time="0.059">
  <properties/>
  <testcase name="test" classname="jadx.tests.integration.TestStaticMethod" time="0.059"/>
  <system-out><![CDATA[15:40:47 INFO  - converting to dex: jadx-tmp-153111307296859389784915071629623.jar ...
15:40:47 INFO  - loading ...
15:40:47 DEBUG - Load: /tmp/jadx-tmp-153111307296859389784915071629623.jar
15:40:47 DEBUG - '.arsc' file not found
15:40:47 WARN  - Unknown 'R' class, create references to 'R'
-----------------------------------------------------------
package jadx.tests.integration;

public class TestStaticMethod$TestCls {
    static {
        f();
    }

    private static void f() {
    }
}
-----------------------------------------------------------
Compilation: PASSED
]]></system-out>
  <system-err><![CDATA[]]></system-err>
</testsuite>
