<?xml version="1.0" encoding="UTF-8"?>
<testsuite name="jadx.tests.integration.switches.TestSwitchNoDefault" tests="1" skipped="0" failures="0" errors="0" timestamp="2016-04-22T15:41:01" hostname="box723" time="0.064">
  <properties/>
  <testcase name="test" classname="jadx.tests.integration.switches.TestSwitchNoDefault" time="0.064"/>
  <system-out><![CDATA[15:41:01 INFO  - converting to dex: jadx-tmp-621777036197227392184929478789111.jar ...
15:41:01 INFO  - loading ...
15:41:01 DEBUG - Load: /tmp/jadx-tmp-621777036197227392184929478789111.jar
15:41:01 DEBUG - '.arsc' file not found
15:41:01 WARN  - Unknown 'R' class, create references to 'R'
-----------------------------------------------------------
package jadx.tests.integration.switches;

public class TestSwitchNoDefault$TestCls {
    public void test(int a) {
        String s = null;
        switch (a) {
            case 1:
                s = "1";
                break;
            case 2:
                s = "2";
                break;
            case 3:
                s = "3";
                break;
            case 4:
                s = "4";
                break;
        }
        System.out.println(s);
    }
}
-----------------------------------------------------------
Compilation: PASSED
]]></system-out>
  <system-err><![CDATA[]]></system-err>
</testsuite>
