<?xml version="1.0" encoding="UTF-8"?>
<testsuite name="jadx.tests.functional.TemplateFileTest" tests="1" skipped="0" failures="0" errors="0" timestamp="2016-04-22T15:40:43" hostname="box723" time="0.009">
  <properties/>
  <testcase name="testBuildGradle" classname="jadx.tests.functional.TemplateFileTest" time="0.009"/>
  <system-out><![CDATA[buildscript {
    repositories {
        jcenter()
    }
    dependencies {
        classpath 'com.android.tools.build:gradle:1.5.0'
    }
}
apply plugin: 'com.android.application'

repositories {
    mavenCentral()
    jcenter()
}

android {
    compileSdkVersion 23
    buildToolsVersion '23.0.1'

    defaultConfig {
        applicationId 'SOME_ID'
        minSdkVersion 1
        targetSdkVersion 2
        versionCode 1
        versionName "1.0"
    }

    lintOptions {
        abortOnError false
    }
}

dependencies {
    // some dependencies
}

]]></system-out>
  <system-err><![CDATA[]]></system-err>
</testsuite>
