<?xml version="1.0" encoding="UTF-8"?>
<testsuite name="jadx.tests.integration.variables.TestVariablesDefinitions" tests="1" skipped="0" failures="0" errors="0" timestamp="2016-04-22T15:41:05" hostname="box723" time="0.083">
  <properties/>
  <testcase name="test" classname="jadx.tests.integration.variables.TestVariablesDefinitions" time="0.083"/>
  <system-out><![CDATA[15:41:05 INFO  - converting to dex: jadx-tmp-619823859430170567484933079197281.jar ...
15:41:05 INFO  - loading ...
15:41:05 DEBUG - Load: /tmp/jadx-tmp-619823859430170567484933079197281.jar
15:41:05 DEBUG - '.arsc' file not found
15:41:05 WARN  - Unknown 'R' class, create references to 'R'
-----------------------------------------------------------
package jadx.tests.integration.variables;

import jadx.core.dex.nodes.ClassNode;
import jadx.core.dex.visitors.DepthTraversal;
import jadx.core.dex.visitors.IDexTreeVisitor;
import java.util.List;
import org.slf4j.Logger;

public class TestVariablesDefinitions$TestCls {
    private static Logger LOG;
    private ClassNode cls;
    private List<IDexTreeVisitor> passes;

    public void run() {
        try {
            this.cls.load();
            for (IDexTreeVisitor pass : this.passes) {
                DepthTraversal.visit(pass, this.cls);
            }
        } catch (Exception e) {
            LOG.error("Decode exception: {}", this.cls, e);
        }
    }
}
-----------------------------------------------------------
Compilation: PASSED
]]></system-out>
  <system-err><![CDATA[]]></system-err>
</testsuite>
