<?xml version="1.0" encoding="UTF-8"?>
<testsuite name="jadx.tests.integration.invoke.TestConstructorInvoke" tests="1" skipped="0" failures="0" errors="0" timestamp="2016-04-22T15:40:56" hostname="box723" time="0.085">
  <properties/>
  <testcase name="test" classname="jadx.tests.integration.invoke.TestConstructorInvoke" time="0.085"/>
  <system-out><![CDATA[15:40:56 INFO  - converting to dex: jadx-tmp-707592363847743756084924294710942.jar ...
15:40:56 INFO  - loading ...
15:40:56 DEBUG - Load: /tmp/jadx-tmp-707592363847743756084924294710942.jar
15:40:56 DEBUG - Class not found: jadx.tests.api.IntegrationTest
15:40:56 DEBUG - '.arsc' file not found
15:40:56 WARN  - Unknown 'R' class, create references to 'R'
-----------------------------------------------------------
package jadx.tests.integration.invoke;

import jadx.tests.api.IntegrationTest;
import org.hamcrest.Matchers;
import org.junit.Assert;
import org.junit.Test;

public class TestConstructorInvoke extends IntegrationTest {

    public class TestCls {

        private final class ViewHolder {
            private int mElements;
            private String mName;
            private final String mRoot;

            private ViewHolder(String root, String name) {
                this.mElements = 0;
                this.mRoot = root;
                this.mName = name;
            }
        }

        void test(String root, String name) {
            ViewHolder viewHolder = new ViewHolder(root, name);
        }
    }

    @Test
    public void test() {
        Assert.assertThat(getClassNode(TestConstructorInvoke.class).getCode().toString(), Matchers.containsString("new ViewHolder(root, name);"));
    }
}
-----------------------------------------------------------
Compilation: PASSED
]]></system-out>
  <system-err><![CDATA[]]></system-err>
</testsuite>
