<?xml version="1.0" encoding="UTF-8"?>
<testsuite name="jadx.tests.integration.trycatch.TestTryCatch7" tests="1" skipped="0" failures="0" errors="0" timestamp="2016-04-22T15:41:02" hostname="box723" time="0.072">
  <properties/>
  <testcase name="test" classname="jadx.tests.integration.trycatch.TestTryCatch7" time="0.072"/>
  <system-out><![CDATA[15:41:02 INFO  - converting to dex: jadx-tmp-35982325274371463484930857072955.jar ...
15:41:02 INFO  - loading ...
15:41:02 DEBUG - Load: /tmp/jadx-tmp-35982325274371463484930857072955.jar
15:41:02 DEBUG - '.arsc' file not found
15:41:02 WARN  - Unknown 'R' class, create references to 'R'
-----------------------------------------------------------
package jadx.tests.integration.trycatch;

public class TestTryCatch7$TestCls {
    private Exception test() {
        Exception exception = new Exception();
        try {
            Thread.sleep(50);
        } catch (Exception e) {
            exception = e;
        }
        exception.printStackTrace();
        return exception;
    }
}
-----------------------------------------------------------
Compilation: PASSED
]]></system-out>
  <system-err><![CDATA[]]></system-err>
</testsuite>
