<?xml version="1.0" encoding="UTF-8"?>
<testsuite name="jadx.tests.integration.invoke.TestVarArg" tests="1" skipped="0" failures="0" errors="0" timestamp="2016-04-22T15:40:56" hostname="box723" time="0.076">
  <properties/>
  <testcase name="test" classname="jadx.tests.integration.invoke.TestVarArg" time="0.076"/>
  <system-out><![CDATA[15:40:56 INFO  - converting to dex: jadx-tmp-321489649970307670484924832446844.jar ...
15:40:56 INFO  - loading ...
15:40:56 DEBUG - Load: /tmp/jadx-tmp-321489649970307670484924832446844.jar
15:40:56 DEBUG - '.arsc' file not found
15:40:56 WARN  - Unknown 'R' class, create references to 'R'
-----------------------------------------------------------
package jadx.tests.integration.invoke;

public class TestVarArg$TestCls {
    void test1(int... a) {
    }

    void test2(int i, Object... a) {
    }

    void test3(int[] a) {
    }

    void call() {
        test1(1, 2);
        test2(3, "1", Integer.valueOf(7));
        test3(new int[]{5, 8});
    }
}
-----------------------------------------------------------
Compilation: PASSED
]]></system-out>
  <system-err><![CDATA[]]></system-err>
</testsuite>
