<?xml version="1.0" encoding="UTF-8"?>
<testsuite name="jadx.tests.integration.generics.TestGenerics3" tests="1" skipped="0" failures="0" errors="0" timestamp="2016-04-22T15:40:53" hostname="box723" time="0.071">
  <properties/>
  <testcase name="test" classname="jadx.tests.integration.generics.TestGenerics3" time="0.071"/>
  <system-out><![CDATA[15:40:53 INFO  - converting to dex: jadx-tmp-50684087483152301484921700236248.jar ...
15:40:53 INFO  - loading ...
15:40:53 DEBUG - Load: /tmp/jadx-tmp-50684087483152301484921700236248.jar
15:40:53 DEBUG - '.arsc' file not found
15:40:53 WARN  - Unknown 'R' class, create references to 'R'
-----------------------------------------------------------
package jadx.tests.integration.generics;

import java.util.List;

public class TestGenerics3$TestCls {
    public static void mthExtendsArray(List<? extends byte[]> list) {
    }

    public static void mthSuperArray(List<? super int[]> list) {
    }

    public static void mthSuperInteger(List<? super Integer> list) {
    }

    public static void mthExtendsString(List<? super String> list) {
    }
}
-----------------------------------------------------------
Compilation: PASSED
]]></system-out>
  <system-err><![CDATA[]]></system-err>
</testsuite>
