<?xml version="1.0" encoding="UTF-8"?>
<testsuite name="jadx.tests.smali.TestArithConst" tests="1" skipped="0" failures="0" errors="0" timestamp="2016-04-22T15:41:05" hostname="box723" time="0.721">
  <properties/>
  <testcase name="test" classname="jadx.tests.smali.TestArithConst" time="0.721"/>
  <system-out><![CDATA[15:41:05 INFO  - loading ...
15:41:05 DEBUG - Load: /tmp/jadx-tmp-375048464511187825184933164823272.dex
15:41:05 DEBUG - Not a zip file: /tmp/jadx-tmp-375048464511187825184933164823272.dex
15:41:05 DEBUG - '.arsc' file not found
15:41:05 WARN  - Unknown 'R' class, create references to 'R'
-----------------------------------------------------------
package defpackage;

public class TestArithConst {
    public static final int CONST_INT = 255;

    private int test(int i) {
        return i + CONST_INT;
    }
}
-----------------------------------------------------------
Compilation: PASSED
]]></system-out>
  <system-err><![CDATA[]]></system-err>
</testsuite>
