<?xml version="1.0" encoding="UTF-8"?>
<testsuite name="jadx.tests.integration.inner.TestAnonymousClass12" tests="1" skipped="0" failures="0" errors="0" timestamp="2016-04-22T15:40:54" hostname="box723" time="0.121">
  <properties/>
  <testcase name="test" classname="jadx.tests.integration.inner.TestAnonymousClass12" time="0.121"/>
  <system-out><![CDATA[15:40:54 INFO  - converting to dex: jadx-tmp-743674781089253126784922871085289.jar ...
15:40:54 INFO  - loading ...
15:40:54 DEBUG - Load: /tmp/jadx-tmp-743674781089253126784922871085289.jar
15:40:54 DEBUG - '.arsc' file not found
15:40:54 WARN  - Unknown 'R' class, create references to 'R'
-----------------------------------------------------------
package jadx.tests.integration.inner;

public class TestAnonymousClass12$TestCls {
    private BasicAbstract inner;
    private BasicAbstract outer;

    public static abstract class BasicAbstract {
        public abstract void doSomething();
    }

    public void test() {
        this.outer = new BasicAbstract() {
            public void doSomething() {
                TestAnonymousClass12$TestCls.this.inner = new BasicAbstract() {
                    public void doSomething() {
                        TestAnonymousClass12$TestCls.this.inner = null;
                    }
                };
            }
        };
    }
}
-----------------------------------------------------------
Compilation: PASSED
]]></system-out>
  <system-err><![CDATA[]]></system-err>
</testsuite>
