<?xml version="1.0" encoding="UTF-8"?>
<testsuite name="jadx.tests.integration.names.TestNameAssign2" tests="1" skipped="0" failures="0" errors="0" timestamp="2016-04-22T15:40:59" hostname="box723" time="0.103">
  <properties/>
  <testcase name="test" classname="jadx.tests.integration.names.TestNameAssign2" time="0.103"/>
  <system-out><![CDATA[15:40:59 INFO  - converting to dex: jadx-tmp-435645594759610665584927633985179.jar ...
15:40:59 INFO  - loading ...
15:40:59 DEBUG - Load: /tmp/jadx-tmp-435645594759610665584927633985179.jar
15:40:59 DEBUG - '.arsc' file not found
15:40:59 WARN  - Unknown 'R' class, create references to 'R'
-----------------------------------------------------------
package jadx.tests.integration.names;

import jadx.core.dex.nodes.BlockNode;
import jadx.core.dex.nodes.MethodNode;
import jadx.core.dex.visitors.ssa.LiveVarAnalysis;
import java.util.BitSet;
import java.util.Deque;
import java.util.LinkedList;
import java.util.List;

public class TestNameAssign2$TestCls {
    private static void test(MethodNode mth, int regNum, LiveVarAnalysis la) {
        int id;
        List<BlockNode> blocks = mth.getBasicBlocks();
        int blocksCount = blocks.size();
        BitSet hasPhi = new BitSet(blocksCount);
        BitSet processed = new BitSet(blocksCount);
        Deque<BlockNode> workList = new LinkedList();
        BitSet assignBlocks = la.getAssignBlocks(regNum);
        for (id = assignBlocks.nextSetBit(0); id >= 0; id = assignBlocks.nextSetBit(id + 1)) {
            processed.set(id);
            workList.add(blocks.get(id));
        }
        while (!workList.isEmpty()) {
            BitSet domFrontier = ((BlockNode) workList.pop()).getDomFrontier();
            id = domFrontier.nextSetBit(0);
            while (id >= 0) {
                if (!hasPhi.get(id) && la.isLive(id, regNum)) {
                    BlockNode df = (BlockNode) blocks.get(id);
                    addPhi(df, regNum);
                    hasPhi.set(id);
                    if (!processed.get(id)) {
                        processed.set(id);
                        workList.add(df);
                    }
                }
                id = domFrontier.nextSetBit(id + 1);
            }
        }
    }

    private static void addPhi(BlockNode df, int regNum) {
    }
}
-----------------------------------------------------------
Compilation: PASSED
]]></system-out>
  <system-err><![CDATA[Note: /jadx/tests/integration/names/TestNameAssign2$TestCls.java uses unchecked or unsafe operations.
Note: Recompile with -Xlint:unchecked for details.
]]></system-err>
</testsuite>
