<?xml version="1.0" encoding="UTF-8"?>
<testsuite name="jadx.tests.integration.annotations.TestParamAnnotations" tests="1" skipped="0" failures="0" errors="0" timestamp="2016-04-22T15:40:47" hostname="box723" time="0.072">
  <properties/>
  <testcase name="test" classname="jadx.tests.integration.annotations.TestParamAnnotations" time="0.072"/>
  <system-out><![CDATA[15:40:47 INFO  - converting to dex: jadx-tmp-469175885903463811584915637135814.jar ...
15:40:47 INFO  - loading ...
15:40:47 DEBUG - Load: /tmp/jadx-tmp-469175885903463811584915637135814.jar
15:40:47 DEBUG - '.arsc' file not found
15:40:47 WARN  - Unknown 'R' class, create references to 'R'
-----------------------------------------------------------
package jadx.tests.integration.annotations;

import java.lang.annotation.ElementType;
import java.lang.annotation.Retention;
import java.lang.annotation.RetentionPolicy;
import java.lang.annotation.Target;

public class TestParamAnnotations$TestCls {

    @Target({ElementType.PARAMETER})
    @Retention(RetentionPolicy.RUNTIME)
    public @interface A {
        int i() default 7;
    }

    void test1(@A int i) {
    }

    void test2(int i, @A int j) {
    }

    void test3(@A(i = 5) int i) {
    }
}
-----------------------------------------------------------
Compilation: PASSED
]]></system-out>
  <system-err><![CDATA[]]></system-err>
</testsuite>
