<?xml version="1.0" encoding="UTF-8"?>
<testsuite name="jadx.tests.integration.trycatch.TestFinallyExtract" tests="1" skipped="0" failures="0" errors="0" timestamp="2016-04-22T15:41:02" hostname="box723" time="0.047">
  <properties/>
  <testcase name="test" classname="jadx.tests.integration.trycatch.TestFinallyExtract" time="0.047"/>
  <system-out><![CDATA[15:41:02 INFO  - converting to dex: jadx-tmp-524297812202915805384930208276218.jar ...
15:41:02 INFO  - loading ...
15:41:02 DEBUG - Load: /tmp/jadx-tmp-524297812202915805384930208276218.jar
15:41:02 DEBUG - '.arsc' file not found
15:41:02 WARN  - Unknown 'R' class, create references to 'R'
-----------------------------------------------------------
package jadx.tests.integration.trycatch;

import java.io.IOException;

public class TestFinallyExtract$TestCls {
    public String test() throws IOException {
        boolean success = false;
        try {
            String value = test();
            success = true;
            return value;
        } finally {
            if (!success) {
                test();
            }
        }
    }
}
-----------------------------------------------------------
Compilation: PASSED
]]></system-out>
  <system-err><![CDATA[]]></system-err>
</testsuite>
