<?xml version="1.0" encoding="UTF-8"?>
<testsuite name="jadx.tests.integration.switches.TestSwitch3" tests="1" skipped="0" failures="0" errors="0" timestamp="2016-04-22T15:41:00" hostname="box723" time="0.062">
  <properties/>
  <testcase name="test" classname="jadx.tests.integration.switches.TestSwitch3" time="0.062"/>
  <system-out><![CDATA[15:41:00 INFO  - converting to dex: jadx-tmp-312655990521210528184928970186695.jar ...
15:41:01 INFO  - loading ...
15:41:01 DEBUG - Load: /tmp/jadx-tmp-312655990521210528184928970186695.jar
15:41:01 DEBUG - '.arsc' file not found
15:41:01 WARN  - Unknown 'R' class, create references to 'R'
-----------------------------------------------------------
package jadx.tests.integration.switches;

import org.hamcrest.Matchers;
import org.junit.Assert;

public class TestSwitch3$TestCls {
    private int i;

    void test(int a) {
        switch (a) {
            case 1:
                this.i = 1;
                return;
            case 2:
            case 3:
                this.i = 2;
                return;
            default:
                this.i = 4;
                this.i = 5;
                return;
        }
    }

    public void check() {
        test(1);
        Assert.assertThat(Integer.valueOf(this.i), Matchers.is(Integer.valueOf(1)));
        test(2);
        Assert.assertThat(Integer.valueOf(this.i), Matchers.is(Integer.valueOf(2)));
        test(3);
        Assert.assertThat(Integer.valueOf(this.i), Matchers.is(Integer.valueOf(2)));
        test(4);
        Assert.assertThat(Integer.valueOf(this.i), Matchers.is(Integer.valueOf(5)));
        test(10);
        Assert.assertThat(Integer.valueOf(this.i), Matchers.is(Integer.valueOf(5)));
    }
}
-----------------------------------------------------------
Compilation: PASSED
Auto check: PASSED
]]></system-out>
  <system-err><![CDATA[]]></system-err>
</testsuite>
