<?xml version="1.0" encoding="UTF-8"?>
<testsuite name="jadx.tests.integration.variables.TestVariables3" tests="1" skipped="0" failures="0" errors="0" timestamp="2016-04-22T15:41:04" hostname="box723" time="0.059">
  <properties/>
  <testcase name="test" classname="jadx.tests.integration.variables.TestVariables3" time="0.059"/>
  <system-out><![CDATA[15:41:04 INFO  - converting to dex: jadx-tmp-399447104242289939184932232791993.jar ...
15:41:04 INFO  - loading ...
15:41:04 DEBUG - Load: /tmp/jadx-tmp-399447104242289939184932232791993.jar
15:41:04 DEBUG - '.arsc' file not found
15:41:04 WARN  - Unknown 'R' class, create references to 'R'
-----------------------------------------------------------
package jadx.tests.integration.variables;

public class TestVariables3$TestCls {
    String test(Object s) {
        int i;
        if (s == null) {
            i = 2;
        } else {
            i = 3;
            s = null;
        }
        return s + " " + i;
    }
}
-----------------------------------------------------------
Compilation: PASSED
]]></system-out>
  <system-err><![CDATA[]]></system-err>
</testsuite>
