<?xml version="1.0" encoding="UTF-8"?>
<testsuite name="jadx.tests.integration.others.TestFieldInit" tests="1" skipped="0" failures="0" errors="0" timestamp="2016-04-22T15:40:59" hostname="box723" time="0.05">
  <properties/>
  <testcase name="test" classname="jadx.tests.integration.others.TestFieldInit" time="0.05"/>
  <system-out><![CDATA[15:40:59 INFO  - converting to dex: jadx-tmp-248104424241697283584927786882730.jar ...
15:40:59 INFO  - loading ...
15:40:59 DEBUG - Load: /tmp/jadx-tmp-248104424241697283584927786882730.jar
15:40:59 DEBUG - '.arsc' file not found
15:40:59 WARN  - Unknown 'R' class, create references to 'R'
-----------------------------------------------------------
package jadx.tests.integration.others;

import java.util.ArrayList;
import java.util.List;
import java.util.Random;

public class TestFieldInit$TestCls {
    private static List<String> s = new ArrayList();
    private A a = new A();
    private int i = (Random.class.getSimpleName().length() + 1);
    private int n = 0;

    public class A {
    }

    public TestFieldInit$TestCls(int z) {
        this.n = z;
        this.n = 0;
    }
}
-----------------------------------------------------------
Compilation: PASSED
]]></system-out>
  <system-err><![CDATA[Note: /jadx/tests/integration/others/TestFieldInit$TestCls.java uses unchecked or unsafe operations.
Note: Recompile with -Xlint:unchecked for details.
]]></system-err>
</testsuite>
