<?xml version="1.0" encoding="UTF-8"?>
<testsuite name="jadx.tests.integration.switches.TestSwitchWithTryCatch" tests="1" skipped="0" failures="0" errors="0" timestamp="2016-04-22T15:41:01" hostname="box723" time="0.08">
  <properties/>
  <testcase name="test" classname="jadx.tests.integration.switches.TestSwitchWithTryCatch" time="0.08"/>
  <system-out><![CDATA[15:41:01 INFO  - converting to dex: jadx-tmp-229581135837656674084929798241014.jar ...
15:41:01 INFO  - loading ...
15:41:01 DEBUG - Load: /tmp/jadx-tmp-229581135837656674084929798241014.jar
15:41:01 DEBUG - '.arsc' file not found
15:41:01 WARN  - Unknown 'R' class, create references to 'R'
-----------------------------------------------------------
package jadx.tests.integration.switches;

public class TestSwitchWithTryCatch$TestCls {
    void test(int a) {
        switch (a) {
            case 0:
                try {
                    exc();
                    return;
                } catch (Exception e) {
                    e.printStackTrace();
                    return;
                }
            case 1:
                try {
                    exc();
                    return;
                } catch (Exception e2) {
                    e2.printStackTrace();
                    break;
                }
            case 2:
                try {
                    exc();
                    break;
                } catch (Exception e22) {
                    e22.printStackTrace();
                    return;
                }
            case 3:
                try {
                    exc();
                    break;
                } catch (Exception e222) {
                    e222.printStackTrace();
                    break;
                }
        }
        if (a == 10) {
            System.out.println(a);
        }
    }

    private void exc() throws Exception {
    }
}
-----------------------------------------------------------
Compilation: PASSED
]]></system-out>
  <system-err><![CDATA[]]></system-err>
</testsuite>
