<?xml version="1.0" encoding="UTF-8"?>
<testsuite name="jadx.tests.integration.others.TestFieldInitInTryCatch" tests="3" skipped="0" failures="0" errors="0" timestamp="2016-04-22T15:40:59" hostname="box723" time="0.182">
  <properties/>
  <testcase name="test" classname="jadx.tests.integration.others.TestFieldInitInTryCatch" time="0.094"/>
  <testcase name="test2" classname="jadx.tests.integration.others.TestFieldInitInTryCatch" time="0.044"/>
  <testcase name="test3" classname="jadx.tests.integration.others.TestFieldInitInTryCatch" time="0.043"/>
  <system-out><![CDATA[15:40:59 INFO  - converting to dex: jadx-tmp-419745984095128467984927897742410.jar ...
15:40:59 INFO  - loading ...
15:40:59 DEBUG - Load: /tmp/jadx-tmp-419745984095128467984927897742410.jar
15:40:59 DEBUG - '.arsc' file not found
15:40:59 WARN  - Unknown 'R' class, create references to 'R'
-----------------------------------------------------------
package jadx.tests.integration.others;

import java.net.MalformedURLException;
import java.net.URL;

public class TestFieldInitInTryCatch$TestCls {
    private static final URL a;

    static {
        try {
            a = new URL("http://www.example.com/");
        } catch (MalformedURLException e) {
            throw new RuntimeException(e);
        }
    }
}
-----------------------------------------------------------
Compilation: PASSED
15:41:00 INFO  - converting to dex: jadx-tmp-655576227321578727284927991880800.jar ...
15:41:00 INFO  - loading ...
15:41:00 DEBUG - Load: /tmp/jadx-tmp-655576227321578727284927991880800.jar
15:41:00 DEBUG - '.arsc' file not found
15:41:00 WARN  - Unknown 'R' class, create references to 'R'
-----------------------------------------------------------
package jadx.tests.integration.others;

import java.net.MalformedURLException;
import java.net.URL;

public class TestFieldInitInTryCatch$TestCls2 {
    private static final URL[] a;

    static {
        try {
            a = new URL[]{new URL("http://www.example.com/")};
        } catch (MalformedURLException e) {
            throw new RuntimeException(e);
        }
    }
}
-----------------------------------------------------------
Compilation: PASSED
15:41:00 INFO  - converting to dex: jadx-tmp-654269691529753824584928036347833.jar ...
15:41:00 INFO  - loading ...
15:41:00 DEBUG - Load: /tmp/jadx-tmp-654269691529753824584928036347833.jar
15:41:00 DEBUG - '.arsc' file not found
15:41:00 WARN  - Unknown 'R' class, create references to 'R'
-----------------------------------------------------------
package jadx.tests.integration.others;

import java.net.MalformedURLException;
import java.net.URL;

public class TestFieldInitInTryCatch$TestCls3 {
    private static final String[] a = new String[]{"a"};

    static {
        try {
            URL url = new URL("http://www.example.com/");
        } catch (MalformedURLException e) {
            throw new RuntimeException(e);
        }
    }
}
-----------------------------------------------------------
Compilation: PASSED
]]></system-out>
  <system-err><![CDATA[]]></system-err>
</testsuite>
