<?xml version="1.0" encoding="UTF-8"?>
<testsuite name="jadx.tests.integration.conditions.TestConditions2" tests="1" skipped="0" failures="0" errors="0" timestamp="2016-04-22T15:40:50" hostname="box723" time="0.07">
  <properties/>
  <testcase name="test" classname="jadx.tests.integration.conditions.TestConditions2" time="0.07"/>
  <system-out><![CDATA[15:40:50 INFO  - converting to dex: jadx-tmp-246287056381424684184918137246197.jar ...
15:40:50 INFO  - loading ...
15:40:50 DEBUG - Load: /tmp/jadx-tmp-246287056381424684184918137246197.jar
15:40:50 DEBUG - '.arsc' file not found
15:40:50 WARN  - Unknown 'R' class, create references to 'R'
-----------------------------------------------------------
package jadx.tests.integration.conditions;

public class TestConditions2$TestCls {
    int c;
    String d;
    String f;

    public void testComplexIf(String a, int b) {
        if (this.d == null || (this.c == 0 && b != -1 && this.d.length() == 0)) {
            this.c = a.codePointAt(this.c);
        } else if (a.hashCode() != 3294) {
            this.c = this.f.compareTo(a);
        }
    }
}
-----------------------------------------------------------
Compilation: PASSED
]]></system-out>
  <system-err><![CDATA[]]></system-err>
</testsuite>
