<?xml version="1.0" encoding="UTF-8"?>
<testsuite name="jadx.tests.integration.loops.TestBreakInComplexIf2" tests="2" skipped="0" failures="0" errors="0" timestamp="2016-04-22T15:40:57" hostname="box723" time="0.337">
  <properties/>
  <testcase name="test" classname="jadx.tests.integration.loops.TestBreakInComplexIf2" time="0.114"/>
  <testcase name="testNoDebug" classname="jadx.tests.integration.loops.TestBreakInComplexIf2" time="0.222"/>
  <system-out><![CDATA[15:40:57 INFO  - converting to dex: jadx-tmp-919095200914784520784925421017174.jar ...
15:40:57 INFO  - loading ...
15:40:57 DEBUG - Load: /tmp/jadx-tmp-919095200914784520784925421017174.jar
15:40:57 DEBUG - '.arsc' file not found
15:40:57 WARN  - Unknown 'R' class, create references to 'R'
-----------------------------------------------------------
package jadx.tests.integration.loops;

import java.util.Arrays;
import java.util.List;
import org.hamcrest.Matchers;
import org.junit.Assert;

public class TestBreakInComplexIf2$TestCls {
    private int test(List<String> list) {
        int length = 0;
        for (String str : list) {
            if (!str.isEmpty() && str.length() <= 4) {
                if (!str.equals("skip")) {
                    if (str.equals("a")) {
                        break;
                    }
                    length++;
                }
            } else {
                break;
            }
        }
        return length;
    }

    public void check() {
        Assert.assertThat(Integer.valueOf(test(Arrays.asList(new String[]{"x", "y", "skip", "z", "a"}))), Matchers.is(Integer.valueOf(3)));
        Assert.assertThat(Integer.valueOf(test(Arrays.asList(new String[]{"x", "skip", ""}))), Matchers.is(Integer.valueOf(1)));
        Assert.assertThat(Integer.valueOf(test(Arrays.asList(new String[]{"skip", "y", "12345"}))), Matchers.is(Integer.valueOf(1)));
    }
}
-----------------------------------------------------------
Compilation: PASSED
Auto check: PASSED
15:40:57 INFO  - converting to dex: jadx-tmp-245421143009841426584925604307585.jar ...
15:40:57 INFO  - loading ...
15:40:57 DEBUG - Load: /tmp/jadx-tmp-245421143009841426584925604307585.jar
15:40:57 DEBUG - '.arsc' file not found
15:40:57 WARN  - Unknown 'R' class, create references to 'R'
-----------------------------------------------------------
package jadx.tests.integration.loops;

import java.util.Arrays;
import java.util.List;
import org.hamcrest.Matchers;
import org.junit.Assert;

public class TestBreakInComplexIf2$TestCls {
    private int test(List<String> list) {
        int i = 0;
        for (String str : list) {
            if (!str.isEmpty() && str.length() <= 4) {
                if (!str.equals("skip")) {
                    if (str.equals("a")) {
                        break;
                    }
                    i++;
                }
            } else {
                break;
            }
        }
        return i;
    }

    public void check() {
        Assert.assertThat(Integer.valueOf(test(Arrays.asList(new String[]{"x", "y", "skip", "z", "a"}))), Matchers.is(Integer.valueOf(3)));
        Assert.assertThat(Integer.valueOf(test(Arrays.asList(new String[]{"x", "skip", ""}))), Matchers.is(Integer.valueOf(1)));
        Assert.assertThat(Integer.valueOf(test(Arrays.asList(new String[]{"skip", "y", "12345"}))), Matchers.is(Integer.valueOf(1)));
    }
}
-----------------------------------------------------------
Compilation: PASSED
Auto check: PASSED
]]></system-out>
  <system-err><![CDATA[]]></system-err>
</testsuite>
