<?xml version="1.0" encoding="UTF-8"?>
<testsuite name="jadx.tests.integration.fallback.TestFallbackMode" tests="1" skipped="0" failures="0" errors="0" timestamp="2016-04-22T15:40:53" hostname="box723" time="0.032">
  <properties/>
  <testcase name="test" classname="jadx.tests.integration.fallback.TestFallbackMode" time="0.032"/>
  <system-out><![CDATA[15:40:53 INFO  - converting to dex: jadx-tmp-529255689458437697584921196004697.jar ...
15:40:53 INFO  - loading ...
15:40:53 DEBUG - Load: /tmp/jadx-tmp-529255689458437697584921196004697.jar
15:40:53 DEBUG - '.arsc' file not found
15:40:53 WARN  - Unknown 'R' class, create references to 'R'
-----------------------------------------------------------
package jadx.tests.integration.fallback;

public class TestFallbackMode$TestCls {
    public TestFallbackMode$TestCls() {
        r0 = this;
        r0.<init>();
        return;
    }

    public int test(int r2) {
        r1 = this;
    L_0x0000:
        r0 = 10;
        if (r2 >= r0) goto L_0x0007;
    L_0x0004:
        r2 = r2 + 1;
        goto L_0x0000;
    L_0x0007:
        return r2;
    }
}
-----------------------------------------------------------
]]></system-out>
  <system-err><![CDATA[]]></system-err>
</testsuite>
