<?xml version="1.0" encoding="UTF-8"?>
<testsuite name="jadx.tests.integration.inner.TestRFieldRestore" tests="1" skipped="0" failures="0" errors="0" timestamp="2016-04-22T15:40:56" hostname="box723" time="0.031">
  <properties/>
  <testcase name="test" classname="jadx.tests.integration.inner.TestRFieldRestore" time="0.031"/>
  <system-out><![CDATA[15:40:56 INFO  - converting to dex: jadx-tmp-63576287860439055284924227472492.jar ...
15:40:56 INFO  - loading ...
15:40:56 DEBUG - Load: /tmp/jadx-tmp-63576287860439055284924227472492.jar
15:40:56 DEBUG - '.arsc' file not found
15:40:56 WARN  - Unknown 'R' class, create references to 'R'
-----------------------------------------------------------
package jadx.tests.integration.inner;

public class TestRFieldRestore$TestCls {
    public int test() {
        return R.id.Button;
    }
}
-----------------------------------------------------------
]]></system-out>
  <system-err><![CDATA[]]></system-err>
</testsuite>
