<?xml version="1.0" encoding="UTF-8"?>
<testsuite name="jadx.tests.integration.conditions.TestConditions8" tests="1" skipped="0" failures="0" errors="0" timestamp="2016-04-22T15:40:50" hostname="box723" time="0.096">
  <properties/>
  <testcase name="test" classname="jadx.tests.integration.conditions.TestConditions8" time="0.096"/>
  <system-out><![CDATA[15:40:50 INFO  - converting to dex: jadx-tmp-804418248094437567884918717610469.jar ...
15:40:50 INFO  - loading ...
15:40:50 DEBUG - Load: /tmp/jadx-tmp-804418248094437567884918717610469.jar
15:40:50 DEBUG - '.arsc' file not found
15:40:50 WARN  - Unknown 'R' class, create references to 'R'
-----------------------------------------------------------
package jadx.tests.integration.conditions;

public class TestConditions8$TestCls {
    private TestConditions8$TestCls listView;
    private TestConditions8$TestCls pager;

    public void test(TestConditions8$TestCls view, int firstVisibleItem, int visibleItemCount, int totalItemCount) {
        if (isUsable() && this.pager.hasMore() && !getLoaderManager().hasRunningLoaders() && this.listView != null && this.listView.getLastVisiblePosition() >= this.pager.size()) {
            showMore();
        }
    }

    private void showMore() {
    }

    private int size() {
        return 0;
    }

    private int getLastVisiblePosition() {
        return 0;
    }

    private boolean hasRunningLoaders() {
        return false;
    }

    private TestConditions8$TestCls getLoaderManager() {
        return null;
    }

    private boolean hasMore() {
        return false;
    }

    private boolean isUsable() {
        return false;
    }
}
-----------------------------------------------------------
Compilation: PASSED
]]></system-out>
  <system-err><![CDATA[]]></system-err>
</testsuite>
