<?xml version="1.0" encoding="UTF-8"?>
<testsuite name="jadx.tests.integration.loops.TestArrayForEachNegative" tests="1" skipped="0" failures="0" errors="0" timestamp="2016-04-22T15:40:57" hostname="box723" time="0.109">
  <properties/>
  <testcase name="test" classname="jadx.tests.integration.loops.TestArrayForEachNegative" time="0.109"/>
  <system-out><![CDATA[15:40:57 INFO  - converting to dex: jadx-tmp-481768147932131798284925047052096.jar ...
15:40:57 INFO  - loading ...
15:40:57 DEBUG - Load: /tmp/jadx-tmp-481768147932131798284925047052096.jar
15:40:57 DEBUG - '.arsc' file not found
15:40:57 WARN  - Unknown 'R' class, create references to 'R'
-----------------------------------------------------------
package jadx.tests.integration.loops;

public class TestArrayForEachNegative$TestCls {
    private int test(int[] a, int[] b) {
        int i;
        int sum = 0;
        for (i = 0; i < a.length; i += 2) {
            sum += a[i];
        }
        for (i = 1; i < a.length; i++) {
            sum += a[i];
        }
        for (i = 0; i < a.length; i--) {
            sum += a[i];
        }
        for (i = 0; i <= a.length; i++) {
            sum += a[i];
        }
        for (i = 0; i + 1 < a.length; i++) {
            sum += a[i];
        }
        for (i = 0; i < a.length; i++) {
            sum += a[i - 1];
        }
        for (i = 0; i < b.length; i++) {
            sum += a[i];
        }
        int j = 0;
        while (0 < a.length) {
            sum += a[j];
            j++;
        }
        return sum;
    }
}
-----------------------------------------------------------
]]></system-out>
  <system-err><![CDATA[]]></system-err>
</testsuite>
