<?xml version="1.0" encoding="UTF-8"?>
<testsuite name="jadx.tests.integration.inner.TestRFieldAccess" tests="1" skipped="0" failures="0" errors="0" timestamp="2016-04-22T15:40:56" hostname="box723" time="0.067">
  <properties/>
  <testcase name="test" classname="jadx.tests.integration.inner.TestRFieldAccess" time="0.067"/>
  <system-out><![CDATA[15:40:56 INFO  - converting to dex: jadx-tmp-33789394663003647084924158259686.jar ...
15:40:56 INFO  - loading ...
15:40:56 DEBUG - Load: /tmp/jadx-tmp-33789394663003647084924158259686.jar
15:40:56 DEBUG - Class not found: jadx.tests.api.IntegrationTest
15:40:56 DEBUG - '.arsc' file not found
-----------------------------------------------------------
package jadx.tests.integration.inner;

import jadx.tests.api.IntegrationTest;
import jadx.tests.api.utils.JadxMatchers;
import org.junit.Assert;
import org.junit.Test;

public class TestRFieldAccess extends IntegrationTest {

    public static class R {

        public static final class id {
            public static final int Button01 = 2131230730;
        }
    }

    public static class TestR {
        public int test() {
            return R.id.Button01;
        }
    }

    @Test
    public void test() {
        Assert.assertThat(getClassNode(TestRFieldAccess.class).getCode().toString(), JadxMatchers.countString(2, "return R.id.Button01;"));
    }
}
-----------------------------------------------------------
Compilation: PASSED
]]></system-out>
  <system-err><![CDATA[]]></system-err>
</testsuite>
