<?xml version="1.0" encoding="UTF-8"?>
<testsuite name="jadx.tests.functional.JadxClasspathTest" tests="1" skipped="0" failures="0" errors="0" timestamp="2016-04-22T15:40:43" hostname="box723" time="0.469">
  <properties/>
  <testcase name="test" classname="jadx.tests.functional.JadxClasspathTest" time="0.469"/>
  <system-out><![CDATA[]]></system-out>
  <system-err><![CDATA[]]></system-err>
</testsuite>
