<?xml version="1.0" encoding="UTF-8"?>
<testsuite name="jadx.tests.integration.conditions.TestConditions5" tests="1" skipped="0" failures="0" errors="0" timestamp="2016-04-22T15:40:50" hostname="box723" time="0.086">
  <properties/>
  <testcase name="test" classname="jadx.tests.integration.conditions.TestConditions5" time="0.086"/>
  <system-out><![CDATA[15:40:50 INFO  - converting to dex: jadx-tmp-863587177753653752184918493058358.jar ...
15:40:50 INFO  - loading ...
15:40:50 DEBUG - Load: /tmp/jadx-tmp-863587177753653752184918493058358.jar
15:40:50 DEBUG - '.arsc' file not found
15:40:50 WARN  - Unknown 'R' class, create references to 'R'
-----------------------------------------------------------
package jadx.tests.integration.conditions;

public class TestConditions5$TestCls {
    public static void assertEquals(Object a1, Object a2) {
        if (a1 == null) {
            if (a2 != null) {
                throw new AssertionError(a1 + " != " + a2);
            }
        } else if (!a1.equals(a2)) {
            throw new AssertionError(a1 + " != " + a2);
        }
    }

    public static void assertEquals2(Object a1, Object a2) {
        if (a1 != null) {
            if (!a1.equals(a2)) {
                throw new AssertionError(a1 + " != " + a2);
            }
        } else if (a2 != null) {
            throw new AssertionError(a1 + " != " + a2);
        }
    }
}
-----------------------------------------------------------
Compilation: PASSED
]]></system-out>
  <system-err><![CDATA[]]></system-err>
</testsuite>
