<?xml version="1.0" encoding="UTF-8"?>
<testsuite name="jadx.tests.integration.conditions.TestNestedIf2" tests="1" skipped="0" failures="0" errors="0" timestamp="2016-04-22T15:40:51" hostname="box723" time="0.074">
  <properties/>
  <testcase name="test" classname="jadx.tests.integration.conditions.TestNestedIf2" time="0.074"/>
  <system-out><![CDATA[15:40:51 INFO  - converting to dex: jadx-tmp-434402014512252149484919006160565.jar ...
15:40:51 INFO  - loading ...
15:40:51 DEBUG - Load: /tmp/jadx-tmp-434402014512252149484919006160565.jar
15:40:51 DEBUG - '.arsc' file not found
15:40:51 WARN  - Unknown 'R' class, create references to 'R'
-----------------------------------------------------------
package jadx.tests.integration.conditions;

public class TestNestedIf2$TestCls {
    static int executedCount = 0;
    static boolean finished = false;
    static int repeatCount = 2;

    static boolean test(float delta, Object object) {
        if (executedCount != repeatCount && isRun(delta, object)) {
            if (finished) {
                return true;
            }
            if (repeatCount == -1) {
                executedCount++;
                action();
                return false;
            }
            executedCount++;
            if (executedCount >= repeatCount) {
                return true;
            }
            action();
        }
        return false;
    }

    public static void action() {
    }

    public static boolean isRun(float delta, Object object) {
        return delta == 0.0f;
    }
}
-----------------------------------------------------------
Compilation: PASSED
]]></system-out>
  <system-err><![CDATA[]]></system-err>
</testsuite>
