<?xml version="1.0" encoding="UTF-8"?>
<testsuite name="jadx.tests.integration.TestRedundantReturn" tests="1" skipped="0" failures="0" errors="0" timestamp="2016-04-22T15:40:46" hostname="box723" time="0.068">
  <properties/>
  <testcase name="test" classname="jadx.tests.integration.TestRedundantReturn" time="0.068"/>
  <system-out><![CDATA[15:40:46 INFO  - converting to dex: jadx-tmp-881729662241695934084914729765787.jar ...
15:40:46 INFO  - loading ...
15:40:46 DEBUG - Load: /tmp/jadx-tmp-881729662241695934084914729765787.jar
15:40:46 DEBUG - '.arsc' file not found
15:40:46 WARN  - Unknown 'R' class, create references to 'R'
-----------------------------------------------------------
package jadx.tests.integration;

import org.junit.Assert;

public class TestRedundantReturn$TestCls {
    public void test(int num) {
        if (num == 4) {
            Assert.fail();
        }
    }
}
-----------------------------------------------------------
Compilation: PASSED
]]></system-out>
  <system-err><![CDATA[]]></system-err>
</testsuite>
