<?xml version="1.0" encoding="UTF-8"?>
<testsuite name="jadx.tests.integration.inline.TestSyntheticInline" tests="1" skipped="0" failures="0" errors="0" timestamp="2016-04-22T15:40:54" hostname="box723" time="0.079">
  <properties/>
  <testcase name="test" classname="jadx.tests.integration.inline.TestSyntheticInline" time="0.079"/>
  <system-out><![CDATA[15:40:54 INFO  - converting to dex: jadx-tmp-451336391236415674984922577173846.jar ...
15:40:54 INFO  - loading ...
15:40:54 DEBUG - Load: /tmp/jadx-tmp-451336391236415674984922577173846.jar
15:40:54 DEBUG - '.arsc' file not found
15:40:54 WARN  - Unknown 'R' class, create references to 'R'
-----------------------------------------------------------
package jadx.tests.integration.inline;

public class TestSyntheticInline$TestCls {
    private int f;

    public class A {
        public int getF() {
            return TestSyntheticInline$TestCls.this.f;
        }

        public void setF(int v) {
            TestSyntheticInline$TestCls.this.f = v;
        }

        public int callFunc() {
            return TestSyntheticInline$TestCls.this.func();
        }
    }

    private int func() {
        return -1;
    }
}
-----------------------------------------------------------
Compilation: PASSED
]]></system-out>
  <system-err><![CDATA[]]></system-err>
</testsuite>
