<?xml version="1.0" encoding="UTF-8"?>
<testsuite name="jadx.tests.integration.loops.TestIterableForEach2" tests="1" skipped="0" failures="0" errors="0" timestamp="2016-04-22T15:40:58" hostname="box723" time="0.095">
  <properties/>
  <testcase name="test" classname="jadx.tests.integration.loops.TestIterableForEach2" time="0.095"/>
  <system-out><![CDATA[15:40:58 INFO  - converting to dex: jadx-tmp-265512520541633317784926551375656.jar ...
15:40:58 INFO  - loading ...
15:40:58 DEBUG - Load: /tmp/jadx-tmp-265512520541633317784926551375656.jar
15:40:58 DEBUG - '.arsc' file not found
15:40:58 WARN  - Unknown 'R' class, create references to 'R'
-----------------------------------------------------------
package jadx.tests.integration.loops;

import java.io.IOException;
import java.util.List;

public class TestIterableForEach2$TestCls {

    private static class Authorization {
        private Authorization() {
        }

        public String getToken() {
            return "";
        }
    }

    private static class Service {
        private Service() {
        }

        public List<Authorization> getAuthorizations() {
            return null;
        }
    }

    public static String test(Service service) throws IOException {
        for (Authorization auth : service.getAuthorizations()) {
            if (isValid(auth)) {
                return auth.getToken();
            }
        }
        return null;
    }

    private static boolean isValid(Authorization auth) {
        return false;
    }
}
-----------------------------------------------------------
Compilation: PASSED
]]></system-out>
  <system-err><![CDATA[]]></system-err>
</testsuite>
