<?xml version="1.0" encoding="UTF-8"?>
<testsuite name="jadx.tests.integration.TestClassGen" tests="1" skipped="0" failures="0" errors="0" timestamp="2016-04-22T15:40:46" hostname="box723" time="0.123">
  <properties/>
  <testcase name="test" classname="jadx.tests.integration.TestClassGen" time="0.123"/>
  <system-out><![CDATA[15:40:46 INFO  - converting to dex: jadx-tmp-634003565648850601984914290047231.jar ...
15:40:46 INFO  - loading ...
15:40:46 DEBUG - Load: /tmp/jadx-tmp-634003565648850601984914290047231.jar
15:40:46 DEBUG - '.arsc' file not found
15:40:46 WARN  - Unknown 'R' class, create references to 'R'
-----------------------------------------------------------
package jadx.tests.integration;

public class TestClassGen$TestCls {

    public static abstract class A {
        public abstract int test2();
    }

    public interface I {
        int test();

        int test3();
    }
}
-----------------------------------------------------------
Compilation: PASSED
]]></system-out>
  <system-err><![CDATA[]]></system-err>
</testsuite>
