<?xml version="1.0" encoding="UTF-8"?>
<testsuite name="jadx.tests.functional.TestIfCondition" tests="6" skipped="0" failures="0" errors="0" timestamp="2016-04-22T15:40:43" hostname="box723" time="0.029">
  <properties/>
  <testcase name="testSimplifyNot" classname="jadx.tests.functional.TestIfCondition" time="0.026"/>
  <testcase name="testSimplify2" classname="jadx.tests.functional.TestIfCondition" time="0.001"/>
  <testcase name="testMerge" classname="jadx.tests.functional.TestIfCondition" time="0.0"/>
  <testcase name="testSimplifyNot2" classname="jadx.tests.functional.TestIfCondition" time="0.001"/>
  <testcase name="testNormalize" classname="jadx.tests.functional.TestIfCondition" time="0.0"/>
  <testcase name="testSimplify" classname="jadx.tests.functional.TestIfCondition" time="0.0"/>
  <system-out><![CDATA[]]></system-out>
  <system-err><![CDATA[]]></system-err>
</testsuite>
