<?xml version="1.0" encoding="UTF-8"?>
<testsuite name="jadx.tests.integration.TestDuplicateCast" tests="1" skipped="0" failures="0" errors="0" timestamp="2016-04-22T15:40:46" hostname="box723" time="0.072">
  <properties/>
  <testcase name="test" classname="jadx.tests.integration.TestDuplicateCast" time="0.072"/>
  <system-out><![CDATA[15:40:46 INFO  - converting to dex: jadx-tmp-349862424103400893384914415395672.jar ...
15:40:46 INFO  - loading ...
15:40:46 DEBUG - Load: /tmp/jadx-tmp-349862424103400893384914415395672.jar
15:40:46 DEBUG - '.arsc' file not found
15:40:46 WARN  - Unknown 'R' class, create references to 'R'
-----------------------------------------------------------
package jadx.tests.integration;

public class TestDuplicateCast$TestCls {
    public int[] method(Object o) {
        return (int[]) o;
    }
}
-----------------------------------------------------------
Compilation: PASSED
]]></system-out>
  <system-err><![CDATA[]]></system-err>
</testsuite>
