<?xml version="1.0" encoding="UTF-8"?>
<testsuite name="jadx.tests.integration.arith.TestArith" tests="1" skipped="0" failures="0" errors="0" timestamp="2016-04-22T15:40:47" hostname="box723" time="0.061">
  <properties/>
  <testcase name="test" classname="jadx.tests.integration.arith.TestArith" time="0.061"/>
  <system-out><![CDATA[15:40:47 INFO  - converting to dex: jadx-tmp-411905111412614636084915710670753.jar ...
15:40:47 INFO  - loading ...
15:40:47 DEBUG - Load: /tmp/jadx-tmp-411905111412614636084915710670753.jar
15:40:47 DEBUG - '.arsc' file not found
15:40:47 WARN  - Unknown 'R' class, create references to 'R'
-----------------------------------------------------------
package jadx.tests.integration.arith;

public class TestArith$TestCls {
    public void method(int a) {
        a += 2;
    }

    public void method2(int a) {
        a++;
    }
}
-----------------------------------------------------------
Compilation: PASSED
]]></system-out>
  <system-err><![CDATA[]]></system-err>
</testsuite>
