<?xml version="1.0" encoding="UTF-8"?>
<testsuite name="jadx.tests.integration.arrays.TestArrayFill2" tests="1" skipped="0" failures="0" errors="0" timestamp="2016-04-22T15:40:48" hostname="box723" time="0.068">
  <properties/>
  <testcase name="test" classname="jadx.tests.integration.arrays.TestArrayFill2" time="0.068"/>
  <system-out><![CDATA[15:40:48 INFO  - converting to dex: jadx-tmp-333061900670337028684916548515843.jar ...
15:40:48 INFO  - loading ...
15:40:48 DEBUG - Load: /tmp/jadx-tmp-333061900670337028684916548515843.jar
15:40:48 DEBUG - '.arsc' file not found
15:40:48 WARN  - Unknown 'R' class, create references to 'R'
-----------------------------------------------------------
package jadx.tests.integration.arrays;

public class TestArrayFill2$TestCls {
    public int[] test(int a) {
        return new int[]{1, a + 1, 2};
    }
}
-----------------------------------------------------------
Compilation: PASSED
]]></system-out>
  <system-err><![CDATA[]]></system-err>
</testsuite>
