<?xml version="1.0" encoding="UTF-8"?>
<testsuite name="jadx.tests.integration.TestWrongCode" tests="2" skipped="0" failures="0" errors="0" timestamp="2016-04-22T15:40:47" hostname="box723" time="0.239">
  <properties/>
  <testcase name="test" classname="jadx.tests.integration.TestWrongCode" time="0.065"/>
  <testcase name="testNoDebug" classname="jadx.tests.integration.TestWrongCode" time="0.174"/>
  <system-out><![CDATA[15:40:47 INFO  - converting to dex: jadx-tmp-583331321334024404284915238231555.jar ...
15:40:47 INFO  - loading ...
15:40:47 DEBUG - Load: /tmp/jadx-tmp-583331321334024404284915238231555.jar
15:40:47 DEBUG - '.arsc' file not found
15:40:47 WARN  - Unknown 'R' class, create references to 'R'
-----------------------------------------------------------
package jadx.tests.integration;

public class TestWrongCode$TestCls {
    private int test() {
        int[] a = null;
        return a.length;
    }

    private int test2(int a) {
        return a == 0 ? a : a;
    }
}
-----------------------------------------------------------
Compilation: PASSED
15:40:47 INFO  - converting to dex: jadx-tmp-202766801490542547684915397010241.jar ...
15:40:47 INFO  - loading ...
15:40:47 DEBUG - Load: /tmp/jadx-tmp-202766801490542547684915397010241.jar
15:40:47 DEBUG - '.arsc' file not found
15:40:47 WARN  - Unknown 'R' class, create references to 'R'
-----------------------------------------------------------
package jadx.tests.integration;

public class TestWrongCode$TestCls {
    private int test() {
        Object[] objArr = null;
        return objArr.length;
    }

    private int test2(int i) {
        return i == 0 ? i : i;
    }
}
-----------------------------------------------------------
Compilation: PASSED
]]></system-out>
  <system-err><![CDATA[]]></system-err>
</testsuite>
