<?xml version="1.0" encoding="UTF-8"?>
<testsuite name="jadx.tests.integration.inner.TestInnerClass" tests="1" skipped="0" failures="0" errors="0" timestamp="2016-04-22T15:40:55" hostname="box723" time="0.074">
  <properties/>
  <testcase name="test" classname="jadx.tests.integration.inner.TestInnerClass" time="0.074"/>
  <system-out><![CDATA[15:40:55 INFO  - converting to dex: jadx-tmp-527572942894306283384923713418665.jar ...
15:40:55 INFO  - loading ...
15:40:55 DEBUG - Load: /tmp/jadx-tmp-527572942894306283384923713418665.jar
15:40:55 DEBUG - '.arsc' file not found
15:40:55 WARN  - Unknown 'R' class, create references to 'R'
-----------------------------------------------------------
package jadx.tests.integration.inner;

public class TestInnerClass$TestCls {

    public class Inner {

        public class Inner2 extends Thread {
        }
    }
}
-----------------------------------------------------------
Compilation: PASSED
]]></system-out>
  <system-err><![CDATA[]]></system-err>
</testsuite>
