<?xml version="1.0" encoding="UTF-8"?>
<testsuite name="jadx.tests.integration.conditions.TestConditions6" tests="1" skipped="0" failures="0" errors="0" timestamp="2016-04-22T15:40:50" hostname="box723" time="0.055">
  <properties/>
  <testcase name="test" classname="jadx.tests.integration.conditions.TestConditions6" time="0.055"/>
  <system-out><![CDATA[15:40:50 INFO  - converting to dex: jadx-tmp-117136516206667015784918581538829.jar ...
15:40:50 INFO  - loading ...
15:40:50 DEBUG - Load: /tmp/jadx-tmp-117136516206667015784918581538829.jar
15:40:50 DEBUG - '.arsc' file not found
15:40:50 WARN  - Unknown 'R' class, create references to 'R'
-----------------------------------------------------------
package jadx.tests.integration.conditions;

import java.util.List;

public class TestConditions6$TestCls {
    public boolean test(List<String> l1, List<String> l2) {
        if (l2.size() > 0) {
            l1.clear();
        }
        return l1.size() == 0;
    }
}
-----------------------------------------------------------
Compilation: PASSED
]]></system-out>
  <system-err><![CDATA[]]></system-err>
</testsuite>
