<?xml version="1.0" encoding="UTF-8"?>
<testsuite name="jadx.tests.integration.inner.TestRFieldRestore2" tests="1" skipped="0" failures="0" errors="0" timestamp="2016-04-22T15:40:56" hostname="box723" time="0.032">
  <properties/>
  <testcase name="test" classname="jadx.tests.integration.inner.TestRFieldRestore2" time="0.032"/>
  <system-out><![CDATA[15:40:56 INFO  - converting to dex: jadx-tmp-775286137414963846384924260888439.jar ...
15:40:56 INFO  - loading ...
15:40:56 DEBUG - Load: /tmp/jadx-tmp-775286137414963846384924260888439.jar
15:40:56 DEBUG - '.arsc' file not found
-----------------------------------------------------------
package jadx.tests.integration.inner;

public class TestRFieldRestore2$TestCls {

    public static class R {
    }

    public int test() {
        return R.id.Button;
    }
}
-----------------------------------------------------------
]]></system-out>
  <system-err><![CDATA[]]></system-err>
</testsuite>
