<?xml version="1.0" encoding="UTF-8"?>
<testsuite name="jadx.tests.integration.invoke.TestOverloadedMethodInvoke" tests="1" skipped="0" failures="0" errors="0" timestamp="2016-04-22T15:40:56" hostname="box723" time="0.143">
  <properties/>
  <testcase name="test" classname="jadx.tests.integration.invoke.TestOverloadedMethodInvoke" time="0.143"/>
  <system-out><![CDATA[15:40:56 INFO  - converting to dex: jadx-tmp-297695267662745243284924540899220.jar ...
15:40:56 INFO  - loading ...
15:40:56 DEBUG - Load: /tmp/jadx-tmp-297695267662745243284924540899220.jar
15:40:56 DEBUG - '.arsc' file not found
15:40:56 WARN  - Unknown 'R' class, create references to 'R'
-----------------------------------------------------------
package jadx.tests.integration.invoke;

import org.junit.Assert;

public class TestOverloadedMethodInvoke$TestCls {
    int c;

    public void method(Throwable th, int a) {
        this.c++;
        if (th != null) {
            this.c += 100;
        }
        this.c += a;
    }

    public void method(Exception e, int a) {
        this.c += 1000;
        if (e != null) {
            this.c += 10000;
        }
        this.c += a;
    }

    public void test(Throwable th, Exception e) {
        method(e, 10);
        method(th, 100);
        method((Throwable) e, 1000);
        method((Exception) th, 10000);
    }

    public void check() {
        test(null, new Exception());
        Assert.assertEquals(23212, (long) this.c);
    }
}
-----------------------------------------------------------
Compilation: PASSED
Auto check: PASSED
]]></system-out>
  <system-err><![CDATA[]]></system-err>
</testsuite>
