<?xml version="1.0" encoding="UTF-8"?>
<testsuite name="jadx.tests.integration.synchronize.TestSynchronized2" tests="1" skipped="0" failures="0" errors="0" timestamp="2016-04-22T15:41:01" hostname="box723" time="0.045">
  <properties/>
  <testcase name="test" classname="jadx.tests.integration.synchronize.TestSynchronized2" time="0.045"/>
  <system-out><![CDATA[15:41:01 INFO  - converting to dex: jadx-tmp-157865805288628842884929925502986.jar ...
15:41:01 INFO  - loading ...
15:41:01 DEBUG - Load: /tmp/jadx-tmp-157865805288628842884929925502986.jar
15:41:01 DEBUG - '.arsc' file not found
15:41:01 WARN  - Unknown 'R' class, create references to 'R'
-----------------------------------------------------------
package jadx.tests.integration.synchronize;

public class TestSynchronized2$TestCls {
    private static synchronized boolean test(Object obj) {
        boolean z;
        synchronized (TestSynchronized2$TestCls.class) {
            z = obj.toString() != null;
        }
        return z;
    }
}
-----------------------------------------------------------
Compilation: PASSED
]]></system-out>
  <system-err><![CDATA[]]></system-err>
</testsuite>
