<?xml version="1.0" encoding="UTF-8"?>
<testsuite name="jadx.tests.integration.enums.TestEnums3" tests="1" skipped="0" failures="0" errors="0" timestamp="2016-04-22T15:40:52" hostname="box723" time="0.173">
  <properties/>
  <testcase name="test" classname="jadx.tests.integration.enums.TestEnums3" time="0.173"/>
  <system-out><![CDATA[15:40:52 INFO  - converting to dex: jadx-tmp-385682267722607715984920109506073.jar ...
15:40:52 INFO  - loading ...
15:40:52 DEBUG - Load: /tmp/jadx-tmp-385682267722607715984920109506073.jar
15:40:52 DEBUG - '.arsc' file not found
15:40:52 WARN  - Unknown 'R' class, create references to 'R'
-----------------------------------------------------------
package jadx.tests.integration.enums;

import org.junit.Assert;

public class TestEnums3$TestCls {
    private static int three = 3;

    public enum Numbers {
        ONE(1),
        TWO(2),
        THREE(TestEnums3$TestCls.three),
        FOUR(TestEnums3$TestCls.three + 1);
        
        private final int num;

        private Numbers(int n) {
            this.num = n;
        }

        public int getNum() {
            return this.num;
        }
    }

    public void check() {
        boolean z;
        boolean z2 = true;
        if (Numbers.ONE.getNum() == 1) {
            z = true;
        } else {
            z = false;
        }
        Assert.assertTrue(z);
        if (Numbers.THREE.getNum() == 3) {
            z = true;
        } else {
            z = false;
        }
        Assert.assertTrue(z);
        if (Numbers.FOUR.getNum() != 4) {
            z2 = false;
        }
        Assert.assertTrue(z2);
    }
}
-----------------------------------------------------------
Compilation: PASSED
Auto check: PASSED
]]></system-out>
  <system-err><![CDATA[]]></system-err>
</testsuite>
