<?xml version="1.0" encoding="UTF-8"?>
<testsuite name="jadx.tests.integration.enums.TestEnumsInterface" tests="1" skipped="0" failures="0" errors="0" timestamp="2016-04-22T15:40:52" hostname="box723" time="0.119">
  <properties/>
  <testcase name="test" classname="jadx.tests.integration.enums.TestEnumsInterface" time="0.119"/>
  <system-out><![CDATA[15:40:52 INFO  - converting to dex: jadx-tmp-163181810380599636584920474781542.jar ...
15:40:52 INFO  - loading ...
15:40:52 DEBUG - Load: /tmp/jadx-tmp-163181810380599636584920474781542.jar
15:40:52 DEBUG - '.arsc' file not found
15:40:52 WARN  - Unknown 'R' class, create references to 'R'
-----------------------------------------------------------
package jadx.tests.integration.enums;

public class TestEnumsInterface$TestCls {

    public interface IOperation {
        int apply(int i, int i2);
    }

    public enum Operation implements IOperation {
        PLUS {
            public int apply(int x, int y) {
                return x + y;
            }
        },
        MINUS {
            public int apply(int x, int y) {
                return x - y;
            }
        }
    }
}
-----------------------------------------------------------
Compilation: PASSED
]]></system-out>
  <system-err><![CDATA[]]></system-err>
</testsuite>
