<?xml version="1.0" encoding="UTF-8"?>
<testsuite name="jadx.tests.integration.TestStaticFieldsInit" tests="1" skipped="0" failures="0" errors="0" timestamp="2016-04-22T15:40:47" hostname="box723" time="0.087">
  <properties/>
  <testcase name="test" classname="jadx.tests.integration.TestStaticFieldsInit" time="0.087"/>
  <system-out><![CDATA[15:40:47 INFO  - converting to dex: jadx-tmp-589860703102746233584914983218482.jar ...
15:40:47 INFO  - loading ...
15:40:47 DEBUG - Load: /tmp/jadx-tmp-589860703102746233584914983218482.jar
15:40:47 DEBUG - '.arsc' file not found
15:40:47 WARN  - Unknown 'R' class, create references to 'R'
-----------------------------------------------------------
package jadx.tests.integration;

public class TestStaticFieldsInit$TestCls {
    public static final String s1 = "1";
    public static final String s2 = "12".substring(1);
    public static final String s3 = null;
    public static final String s4;
    public static final String s5 = "5";
    public static String s6 = "6";

    static {
        if (s5.equals("?")) {
            s4 = "?";
        } else {
            s4 = "4";
        }
    }
}
-----------------------------------------------------------
Compilation: PASSED
]]></system-out>
  <system-err><![CDATA[]]></system-err>
</testsuite>
