<?xml version="1.0" encoding="UTF-8"?>
<testsuite name="jadx.tests.integration.loops.TestLoopDetection" tests="1" skipped="0" failures="0" errors="0" timestamp="2016-04-22T15:40:59" hostname="box723" time="0.042">
  <properties/>
  <testcase name="test" classname="jadx.tests.integration.loops.TestLoopDetection" time="0.042"/>
  <system-out><![CDATA[15:40:59 INFO  - converting to dex: jadx-tmp-283843977960607343684927034198391.jar ...
15:40:59 INFO  - loading ...
15:40:59 DEBUG - Load: /tmp/jadx-tmp-283843977960607343684927034198391.jar
15:40:59 DEBUG - '.arsc' file not found
15:40:59 WARN  - Unknown 'R' class, create references to 'R'
-----------------------------------------------------------
package jadx.tests.integration.loops;

public class TestLoopDetection$TestCls {
    private void test(int[] a, int b) {
        int i = 0;
        while (i < a.length && i < b) {
            a[i] = a[i] + 1;
            i++;
        }
        while (i < a.length) {
            a[i] = a[i] - 1;
            i++;
        }
    }
}
-----------------------------------------------------------
Compilation: PASSED
]]></system-out>
  <system-err><![CDATA[]]></system-err>
</testsuite>
