<?xml version="1.0" encoding="UTF-8"?>
<testsuite name="jadx.tests.integration.generics.TestGenerics2" tests="1" skipped="0" failures="0" errors="0" timestamp="2016-04-22T15:40:53" hostname="box723" time="0.416">
  <properties/>
  <testcase name="test" classname="jadx.tests.integration.generics.TestGenerics2" time="0.416"/>
  <system-out><![CDATA[15:40:53 INFO  - converting to dex: jadx-tmp-490532464513338065384921281989658.jar ...
15:40:53 INFO  - loading ...
15:40:53 DEBUG - Load: /tmp/jadx-tmp-490532464513338065384921281989658.jar
15:40:53 DEBUG - '.arsc' file not found
15:40:53 WARN  - Unknown 'R' class, create references to 'R'
-----------------------------------------------------------
package jadx.tests.integration.generics;

import java.lang.ref.ReferenceQueue;
import java.lang.ref.WeakReference;
import java.util.Map;

public class TestGenerics2$TestCls {

    private static class ItemReference<V> extends WeakReference<V> {
        private Object id;

        public ItemReference(V item, Object id, ReferenceQueue<? super V> queue) {
            super(item, queue);
            this.id = id;
        }
    }

    public static class ItemReferences<V> {
        private Map<Object, ItemReference<V>> items;

        public V get(Object id) {
            WeakReference<V> ref = (WeakReference) this.items.get(id);
            return ref != null ? ref.get() : null;
        }
    }
}
-----------------------------------------------------------
Compilation: PASSED
]]></system-out>
  <system-err><![CDATA[Note: /jadx/tests/integration/generics/TestGenerics2$TestCls.java uses unchecked or unsafe operations.
Note: Recompile with -Xlint:unchecked for details.
]]></system-err>
</testsuite>
