<?xml version="1.0" encoding="UTF-8"?>
<testsuite name="jadx.tests.integration.inner.TestAnonymousClass7" tests="1" skipped="0" failures="0" errors="0" timestamp="2016-04-22T15:40:55" hostname="box723" time="0.078">
  <properties/>
  <testcase name="test" classname="jadx.tests.integration.inner.TestAnonymousClass7" time="0.078"/>
  <system-out><![CDATA[15:40:55 INFO  - converting to dex: jadx-tmp-803613594289246079184923464556748.jar ...
15:40:55 INFO  - loading ...
15:40:55 DEBUG - Load: /tmp/jadx-tmp-803613594289246079184923464556748.jar
15:40:55 DEBUG - '.arsc' file not found
15:40:55 WARN  - Unknown 'R' class, create references to 'R'
-----------------------------------------------------------
package jadx.tests.integration.inner;

public class TestAnonymousClass7$TestCls {
    public static Runnable test(final double d) {
        return new Runnable() {
            public void run() {
                System.out.println(d);
            }
        };
    }
}
-----------------------------------------------------------
Compilation: PASSED
]]></system-out>
  <system-err><![CDATA[]]></system-err>
</testsuite>
