<?xml version="1.0" encoding="UTF-8"?>
<testsuite name="jadx.tests.integration.arrays.TestArrays2" tests="1" skipped="0" failures="0" errors="0" timestamp="2016-04-22T15:40:48" hostname="box723" time="0.225">
  <properties/>
  <testcase name="test" classname="jadx.tests.integration.arrays.TestArrays2" time="0.225"/>
  <system-out><![CDATA[15:40:48 INFO  - converting to dex: jadx-tmp-604104851918042141084916916437473.jar ...
15:40:48 INFO  - loading ...
15:40:48 DEBUG - Load: /tmp/jadx-tmp-604104851918042141084916916437473.jar
15:40:49 DEBUG - '.arsc' file not found
15:40:49 WARN  - Unknown 'R' class, create references to 'R'
-----------------------------------------------------------
package jadx.tests.integration.arrays;

import org.hamcrest.CoreMatchers;
import org.junit.Assert;

public class TestArrays2$TestCls {
    private static Object test4(int i) {
        return i == 1 ? new int[]{1, 2} : i == 2 ? new float[]{1.0f, 2.0f} : i == 3 ? new short[]{(short) 1, (short) 2} : i == 4 ? new byte[]{(byte) 1, (byte) 2} : null;
    }

    public void check() {
        Assert.assertThat(test4(4), CoreMatchers.instanceOf(byte[].class));
    }
}
-----------------------------------------------------------
Compilation: PASSED
Auto check: PASSED
]]></system-out>
  <system-err><![CDATA[]]></system-err>
</testsuite>
