<?xml version="1.0" encoding="UTF-8"?>
<testsuite name="jadx.tests.integration.loops.TestIfInLoop2" tests="1" skipped="0" failures="0" errors="0" timestamp="2016-04-22T15:40:58" hostname="box723" time="0.053">
  <properties/>
  <testcase name="test" classname="jadx.tests.integration.loops.TestIfInLoop2" time="0.053"/>
  <system-out><![CDATA[15:40:58 INFO  - converting to dex: jadx-tmp-743523607274398134184926246324883.jar ...
15:40:58 INFO  - loading ...
15:40:58 DEBUG - Load: /tmp/jadx-tmp-743523607274398134184926246324883.jar
15:40:58 DEBUG - '.arsc' file not found
15:40:58 WARN  - Unknown 'R' class, create references to 'R'
-----------------------------------------------------------
package jadx.tests.integration.loops;

public class TestIfInLoop2$TestCls {
    public static void test(String str) {
        int len = str.length();
        int at = 0;
        while (at < len) {
            int endAt = at + 1;
            if (str.charAt(at) == 'A') {
                while (endAt < len && str.charAt(endAt) != 'B') {
                    endAt++;
                }
            }
            at = endAt;
        }
    }
}
-----------------------------------------------------------
Compilation: PASSED
]]></system-out>
  <system-err><![CDATA[]]></system-err>
</testsuite>
