<?xml version="1.0" encoding="UTF-8"?>
<testsuite name="jadx.tests.integration.loops.TestBreakWithLabel" tests="1" skipped="0" failures="0" errors="0" timestamp="2016-04-22T15:40:57" hostname="box723" time="0.085">
  <properties/>
  <testcase name="test" classname="jadx.tests.integration.loops.TestBreakWithLabel" time="0.085"/>
  <system-out><![CDATA[15:40:57 INFO  - converting to dex: jadx-tmp-189431201946340656684925869986552.jar ...
15:40:57 INFO  - loading ...
15:40:57 DEBUG - Load: /tmp/jadx-tmp-189431201946340656684925869986552.jar
15:40:57 DEBUG - '.arsc' file not found
15:40:57 WARN  - Unknown 'R' class, create references to 'R'
-----------------------------------------------------------
package jadx.tests.integration.loops;

public class TestBreakWithLabel$TestCls {
    public boolean test(int[][] arr, int b) {
        boolean found = false;
        loop0:
        for (int i = 0; i < arr.length; i++) {
            for (int i2 : arr[i]) {
                if (i2 == b) {
                    found = true;
                    break loop0;
                }
            }
        }
        System.out.println("found: " + found);
        return found;
    }
}
-----------------------------------------------------------
Compilation: PASSED
found: true
found: false
]]></system-out>
  <system-err><![CDATA[]]></system-err>
</testsuite>
