<?xml version="1.0" encoding="UTF-8"?>
<testsuite name="jadx.tests.integration.loops.TestDoWhileBreak" tests="1" skipped="0" failures="0" errors="0" timestamp="2016-04-22T15:40:58" hostname="box723" time="0.074">
  <properties/>
  <testcase name="test" classname="jadx.tests.integration.loops.TestDoWhileBreak" time="0.074"/>
  <system-out><![CDATA[15:40:58 INFO  - converting to dex: jadx-tmp-613952809828601856684926185446424.jar ...
15:40:58 INFO  - loading ...
15:40:58 DEBUG - Load: /tmp/jadx-tmp-613952809828601856684926185446424.jar
15:40:58 DEBUG - '.arsc' file not found
15:40:58 WARN  - Unknown 'R' class, create references to 'R'
-----------------------------------------------------------
package jadx.tests.integration.loops;

public class TestDoWhileBreak$TestCls {
    public int test(int k) throws InterruptedException {
        int i = 3;
        while (k <= 9) {
            i++;
            if (i >= 5) {
                return i;
            }
        }
        return 0;
    }
}
-----------------------------------------------------------
Compilation: PASSED
]]></system-out>
  <system-err><![CDATA[]]></system-err>
</testsuite>
