<?xml version="1.0" encoding="UTF-8"?>
<testsuite name="jadx.tests.integration.switches.TestSwitchReturnFromCase" tests="1" skipped="0" failures="0" errors="0" timestamp="2016-04-22T15:41:01" hostname="box723" time="0.046">
  <properties/>
  <testcase name="test" classname="jadx.tests.integration.switches.TestSwitchReturnFromCase" time="0.046"/>
  <system-out><![CDATA[15:41:01 INFO  - converting to dex: jadx-tmp-751176984573531299384929544327402.jar ...
15:41:01 INFO  - loading ...
15:41:01 DEBUG - Load: /tmp/jadx-tmp-751176984573531299384929544327402.jar
15:41:01 DEBUG - '.arsc' file not found
15:41:01 WARN  - Unknown 'R' class, create references to 'R'
-----------------------------------------------------------
package jadx.tests.integration.switches;

public class TestSwitchReturnFromCase$TestCls {
    public void test(int a) {
        if (a <= 1000) {
            String s;
            switch (a % 4) {
                case 1:
                    s = "1";
                    break;
                case 2:
                    s = "2";
                    break;
                case 3:
                case 4:
                    s = "4";
                    break;
                case 5:
                    return;
            }
            s = "5";
        }
    }
}
-----------------------------------------------------------
Compilation: PASSED
]]></system-out>
  <system-err><![CDATA[]]></system-err>
</testsuite>
