<?xml version="1.0" encoding="UTF-8"?>
<testsuite name="jadx.tests.integration.enums.TestEnums4" tests="1" skipped="0" failures="0" errors="0" timestamp="2016-04-22T15:40:52" hostname="box723" time="0.185">
  <properties/>
  <testcase name="test" classname="jadx.tests.integration.enums.TestEnums4" time="0.185"/>
  <system-out><![CDATA[15:40:52 INFO  - converting to dex: jadx-tmp-251729166587695710784920286263331.jar ...
15:40:52 INFO  - loading ...
15:40:52 DEBUG - Load: /tmp/jadx-tmp-251729166587695710784920286263331.jar
15:40:52 DEBUG - '.arsc' file not found
15:40:52 WARN  - Unknown 'R' class, create references to 'R'
-----------------------------------------------------------
package jadx.tests.integration.enums;

import org.hamcrest.Matchers;
import org.junit.Assert;

public class TestEnums4$TestCls {

    public enum ResType {
        CODE(".dex", ".class"),
        MANIFEST("AndroidManifest.xml"),
        XML(".xml"),
        ARSC(".arsc"),
        FONT(".ttf"),
        IMG(".png", ".gif", ".jpg"),
        LIB(".so"),
        UNKNOWN(new String[0]);
        
        private final String[] exts;

        private ResType(String... exts) {
            this.exts = exts;
        }

        public String[] getExts() {
            return this.exts;
        }
    }

    public void check() {
        Assert.assertThat(ResType.CODE.getExts(), Matchers.is(new String[]{".dex", ".class"}));
    }
}
-----------------------------------------------------------
Compilation: PASSED
Auto check: PASSED
]]></system-out>
  <system-err><![CDATA[]]></system-err>
</testsuite>
