<?xml version="1.0" encoding="UTF-8"?>
<testsuite name="jadx.tests.integration.inline.TestInlineInLoop" tests="1" skipped="0" failures="0" errors="0" timestamp="2016-04-22T15:40:54" hostname="box723" time="0.06">
  <properties/>
  <testcase name="test" classname="jadx.tests.integration.inline.TestInlineInLoop" time="0.06"/>
  <system-out><![CDATA[15:40:54 INFO  - converting to dex: jadx-tmp-164438318146704482984922298722164.jar ...
15:40:54 INFO  - loading ...
15:40:54 DEBUG - Load: /tmp/jadx-tmp-164438318146704482984922298722164.jar
15:40:54 DEBUG - '.arsc' file not found
15:40:54 WARN  - Unknown 'R' class, create references to 'R'
-----------------------------------------------------------
package jadx.tests.integration.inline;

public class TestInlineInLoop$TestCls {
    public static void main(String[] args) throws Exception {
        int a = 0;
        int b = 4;
        while (a < 12) {
            int c;
            if (a + 4 < 9 && b < 8) {
                if (b >= 2 && a > -1 && b < 6) {
                    System.out.println("OK");
                    c = b + 1;
                }
                c = b;
            }
            c = b;
            b++;
            b = c;
            a++;
        }
    }
}
-----------------------------------------------------------
Compilation: PASSED
]]></system-out>
  <system-err><![CDATA[]]></system-err>
</testsuite>
