<?xml version="1.0" encoding="UTF-8"?>
<testsuite name="jadx.tests.integration.loops.TestNestedLoops3" tests="1" skipped="0" failures="0" errors="0" timestamp="2016-04-22T15:40:59" hostname="box723" time="0.054">
  <properties/>
  <testcase name="test" classname="jadx.tests.integration.loops.TestNestedLoops3" time="0.054"/>
  <system-out><![CDATA[15:40:59 INFO  - converting to dex: jadx-tmp-456775050225367661384927407658939.jar ...
15:40:59 INFO  - loading ...
15:40:59 DEBUG - Load: /tmp/jadx-tmp-456775050225367661384927407658939.jar
15:40:59 DEBUG - '.arsc' file not found
15:40:59 WARN  - Unknown 'R' class, create references to 'R'
-----------------------------------------------------------
package jadx.tests.integration.loops;

import org.junit.Assert;

public class TestNestedLoops3$TestCls {
    int c = 0;

    public int test(int b) {
        int i;
        loop0:
        while (true) {
            f1();
            i = 0;
            while (true) {
                f2();
                if (i == 0) {
                    i += 3;
                    if (b >= 16) {
                        break loop0;
                    }
                    try {
                        exc();
                        break;
                    } catch (Exception e) {
                    }
                } else {
                    break loop0;
                }
            }
        }
        return i;
    }

    private void exc() throws Exception {
        if (this.c > 200) {
            throw new Exception();
        }
    }

    private void f1() {
        this.c++;
    }

    private void f2() {
        this.c += 100;
    }

    public void check() {
        test(1);
        Assert.assertEquals(302, (long) this.c);
    }
}
-----------------------------------------------------------
Compilation: PASSED
Auto check: PASSED
]]></system-out>
  <system-err><![CDATA[]]></system-err>
</testsuite>
