<?xml version="1.0" encoding="UTF-8"?>
<testsuite name="jadx.tests.integration.TestStringBuilderElimination" tests="1" skipped="0" failures="0" errors="0" timestamp="2016-04-22T15:40:47" hostname="box723" time="0.1">
  <properties/>
  <testcase name="test" classname="jadx.tests.integration.TestStringBuilderElimination" time="0.1"/>
  <system-out><![CDATA[15:40:47 INFO  - converting to dex: jadx-tmp-593129845626796250584915134743935.jar ...
15:40:47 INFO  - loading ...
15:40:47 DEBUG - Load: /tmp/jadx-tmp-593129845626796250584915134743935.jar
15:40:47 DEBUG - '.arsc' file not found
15:40:47 WARN  - Unknown 'R' class, create references to 'R'
-----------------------------------------------------------
package jadx.tests.integration;

public class TestStringBuilderElimination$MyException extends Exception {
    private static final long serialVersionUID = 4245254480662372757L;

    public TestStringBuilderElimination$MyException(String str, Exception e) {
        super("msg:" + str, e);
    }

    public void method(int k) {
        System.out.println("k=" + k);
    }
}
-----------------------------------------------------------
Compilation: PASSED
]]></system-out>
  <system-err><![CDATA[]]></system-err>
</testsuite>
