<?xml version="1.0" encoding="UTF-8"?>
<testsuite name="jadx.tests.integration.inner.TestAnonymousClass11" tests="1" skipped="0" failures="0" errors="0" timestamp="2016-04-22T15:40:54" hostname="box723" time="0.089">
  <properties/>
  <testcase name="test" classname="jadx.tests.integration.inner.TestAnonymousClass11" time="0.089"/>
  <system-out><![CDATA[15:40:54 INFO  - converting to dex: jadx-tmp-341456996141670910684922778514855.jar ...
15:40:54 INFO  - loading ...
15:40:54 DEBUG - Load: /tmp/jadx-tmp-341456996141670910684922778514855.jar
15:40:54 DEBUG - '.arsc' file not found
15:40:54 WARN  - Unknown 'R' class, create references to 'R'
-----------------------------------------------------------
package jadx.tests.integration.inner;

import java.util.Random;

public class TestAnonymousClass11$TestCls {

    public abstract class A {
        public abstract void m();

        public A(long l) {
        }
    }

    public void test() {
        final int a = new Random().nextInt();
        long l = new Random().nextLong();
        func(new A(l) {
            public void m() {
                System.out.println(a);
            }
        });
        System.out.println("a" + a);
        print(a);
        print2(1, a);
        print3(1, l);
    }

    private void func(A a) {
    }

    private void print(int a) {
    }

    private void print2(int i, int a) {
    }

    private void print3(int i, long l) {
    }
}
-----------------------------------------------------------
Compilation: PASSED
]]></system-out>
  <system-err><![CDATA[]]></system-err>
</testsuite>
