<?xml version="1.0" encoding="UTF-8"?>
<testsuite name="jadx.tests.integration.conditions.TestNestedIf" tests="1" skipped="0" failures="0" errors="0" timestamp="2016-04-22T15:40:50" hostname="box723" time="0.06">
  <properties/>
  <testcase name="test" classname="jadx.tests.integration.conditions.TestNestedIf" time="0.06"/>
  <system-out><![CDATA[15:40:50 INFO  - converting to dex: jadx-tmp-163094914182449811684918943921122.jar ...
15:40:50 INFO  - loading ...
15:40:50 DEBUG - Load: /tmp/jadx-tmp-163094914182449811684918943921122.jar
15:40:51 DEBUG - '.arsc' file not found
15:40:51 WARN  - Unknown 'R' class, create references to 'R'
-----------------------------------------------------------
package jadx.tests.integration.conditions;

public class TestNestedIf$TestCls {
    private boolean a0 = false;
    private int a1 = 1;
    private int a2 = 2;
    private int a3 = 1;
    private int a4 = 2;

    public boolean test1() {
        if (this.a0) {
            if (this.a1 == 0 || this.a2 == 0) {
                return false;
            }
        } else if (this.a3 == 0 || this.a4 == 0) {
            return false;
        }
        test1();
        return true;
    }
}
-----------------------------------------------------------
Compilation: PASSED
]]></system-out>
  <system-err><![CDATA[]]></system-err>
</testsuite>
