<?xml version="1.0" encoding="UTF-8"?>
<testsuite name="jadx.tests.integration.loops.TestBreakInLoop2" tests="1" skipped="0" failures="0" errors="0" timestamp="2016-04-22T15:40:57" hostname="box723" time="0.057">
  <properties/>
  <testcase name="test" classname="jadx.tests.integration.loops.TestBreakInLoop2" time="0.057"/>
  <system-out><![CDATA[15:40:57 INFO  - converting to dex: jadx-tmp-607460524532188264684925811392875.jar ...
15:40:57 INFO  - loading ...
15:40:57 DEBUG - Load: /tmp/jadx-tmp-607460524532188264684925811392875.jar
15:40:57 DEBUG - '.arsc' file not found
15:40:57 WARN  - Unknown 'R' class, create references to 'R'
-----------------------------------------------------------
package jadx.tests.integration.loops;

import java.util.List;

public class TestBreakInLoop2$TestCls {
    public void test(List<Integer> data) throws Exception {
        while (true) {
            try {
                funcB(data);
                break;
            } catch (Exception ex) {
                if (funcC()) {
                    throw ex;
                }
                data.clear();
                Thread.sleep(100);
            }
        }
    }

    private boolean funcB(List<Integer> list) {
        return false;
    }

    private boolean funcC() {
        return true;
    }
}
-----------------------------------------------------------
Compilation: PASSED
]]></system-out>
  <system-err><![CDATA[]]></system-err>
</testsuite>
