<?xml version="1.0" encoding="UTF-8"?>
<testsuite name="jadx.tests.integration.loops.TestIndexForLoop" tests="1" skipped="0" failures="0" errors="0" timestamp="2016-04-22T15:40:58" hostname="box723" time="0.041">
  <properties/>
  <testcase name="test" classname="jadx.tests.integration.loops.TestIndexForLoop" time="0.041"/>
  <system-out><![CDATA[15:40:58 INFO  - converting to dex: jadx-tmp-894620100606068641884926429806031.jar ...
15:40:58 INFO  - loading ...
15:40:58 DEBUG - Load: /tmp/jadx-tmp-894620100606068641884926429806031.jar
15:40:58 DEBUG - '.arsc' file not found
15:40:58 WARN  - Unknown 'R' class, create references to 'R'
-----------------------------------------------------------
package jadx.tests.integration.loops;

public class TestIndexForLoop$TestCls {
    private int test(int[] a, int b) {
        int sum = 0;
        for (int i = 0; i < b; i++) {
            sum += a[i];
        }
        return sum;
    }
}
-----------------------------------------------------------
Compilation: PASSED
]]></system-out>
  <system-err><![CDATA[]]></system-err>
</testsuite>
