<?xml version="1.0" encoding="UTF-8"?>
<testsuite name="jadx.tests.integration.types.TestTypeResolver2" tests="1" skipped="0" failures="0" errors="0" timestamp="2016-04-22T15:41:03" hostname="box723" time="0.07">
  <properties/>
  <testcase name="test" classname="jadx.tests.integration.types.TestTypeResolver2" time="0.07"/>
  <system-out><![CDATA[15:41:03 INFO  - converting to dex: jadx-tmp-637778604523539048184931770394133.jar ...
15:41:03 INFO  - loading ...
15:41:03 DEBUG - Load: /tmp/jadx-tmp-637778604523539048184931770394133.jar
15:41:03 DEBUG - '.arsc' file not found
15:41:03 WARN  - Unknown 'R' class, create references to 'R'
-----------------------------------------------------------
package jadx.tests.integration.types;

import java.io.IOException;

public class TestTypeResolver2$TestCls {
    private static boolean test(Object obj) throws IOException {
        if (obj != null) {
            return true;
        }
        throw new IOException();
    }
}
-----------------------------------------------------------
Compilation: PASSED
]]></system-out>
  <system-err><![CDATA[]]></system-err>
</testsuite>
