<?xml version="1.0" encoding="UTF-8"?>
<testsuite name="jadx.tests.integration.generics.TestGenerics" tests="1" skipped="0" failures="0" errors="0" timestamp="2016-04-22T15:40:53" hostname="box723" time="0.051">
  <properties/>
  <testcase name="test" classname="jadx.tests.integration.generics.TestGenerics" time="0.051"/>
  <system-out><![CDATA[15:40:53 INFO  - converting to dex: jadx-tmp-623496653005501293784921229468784.jar ...
15:40:53 INFO  - loading ...
15:40:53 DEBUG - Load: /tmp/jadx-tmp-623496653005501293784921229468784.jar
15:40:53 DEBUG - '.arsc' file not found
15:40:53 WARN  - Unknown 'R' class, create references to 'R'
-----------------------------------------------------------
package jadx.tests.integration.generics;

import java.util.List;

public class TestGenerics$TestCls {

    class A {
        A() {
        }
    }

    public static void mthWildcard(List<?> list) {
    }

    public static void mthExtends(List<? extends A> list) {
    }

    public static void mthSuper(List<? super A> list) {
    }
}
-----------------------------------------------------------
Compilation: PASSED
]]></system-out>
  <system-err><![CDATA[]]></system-err>
</testsuite>
