<?xml version="1.0" encoding="UTF-8"?>
<testsuite name="jadx.tests.integration.enums.TestEnums2" tests="1" skipped="0" failures="0" errors="0" timestamp="2016-04-22T15:40:52" hostname="box723" time="0.085">
  <properties/>
  <testcase name="test" classname="jadx.tests.integration.enums.TestEnums2" time="0.085"/>
  <system-out><![CDATA[15:40:52 INFO  - converting to dex: jadx-tmp-725304521493051988884920022945316.jar ...
15:40:52 INFO  - loading ...
15:40:52 DEBUG - Load: /tmp/jadx-tmp-725304521493051988884920022945316.jar
15:40:52 DEBUG - '.arsc' file not found
15:40:52 WARN  - Unknown 'R' class, create references to 'R'
-----------------------------------------------------------
package jadx.tests.integration.enums;

public class TestEnums2$TestCls {

    public enum Operation {
        PLUS {
            int apply(int x, int y) {
                return x + y;
            }
        },
        MINUS {
            int apply(int x, int y) {
                return x - y;
            }
        };

        abstract int apply(int i, int i2);
    }
}
-----------------------------------------------------------
Compilation: PASSED
]]></system-out>
  <system-err><![CDATA[]]></system-err>
</testsuite>
