<?xml version="1.0" encoding="UTF-8"?>
<testsuite name="jadx.tests.functional.JadxVisitorsOrderTest" tests="1" skipped="0" failures="0" errors="0" timestamp="2016-04-22T15:40:43" hostname="box723" time="0.03">
  <properties/>
  <testcase name="testOrder" classname="jadx.tests.functional.JadxVisitorsOrderTest" time="0.03"/>
  <system-out><![CDATA[15:40:43 WARN  - No JadxVisitor annotation for visitor: jadx.core.dex.visitors.blocksmaker.BlockSplitter
15:40:43 WARN  - No JadxVisitor annotation for visitor: jadx.core.dex.visitors.blocksmaker.BlockProcessor
15:40:43 WARN  - No JadxVisitor annotation for visitor: jadx.core.dex.visitors.blocksmaker.BlockExceptionHandler
15:40:43 WARN  - No JadxVisitor annotation for visitor: jadx.core.dex.visitors.blocksmaker.BlockFinallyExtract
15:40:43 WARN  - No JadxVisitor annotation for visitor: jadx.core.dex.visitors.blocksmaker.BlockFinish
15:40:43 WARN  - No JadxVisitor annotation for visitor: jadx.core.dex.visitors.DebugInfoVisitor
15:40:43 WARN  - No JadxVisitor annotation for visitor: jadx.core.dex.visitors.typeinference.TypeInference
15:40:43 WARN  - No JadxVisitor annotation for visitor: jadx.core.dex.visitors.ConstInlineVisitor
15:40:43 WARN  - No JadxVisitor annotation for visitor: jadx.core.dex.visitors.typeinference.FinishTypeInference
15:40:43 WARN  - No JadxVisitor annotation for visitor: jadx.core.dex.visitors.ssa.EliminatePhiNodes
15:40:43 WARN  - No JadxVisitor annotation for visitor: jadx.core.dex.visitors.CodeShrinker
15:40:43 WARN  - No JadxVisitor annotation for visitor: jadx.core.dex.visitors.regions.RegionMakerVisitor
15:40:43 WARN  - No JadxVisitor annotation for visitor: jadx.core.dex.visitors.regions.IfRegionVisitor
15:40:43 WARN  - No JadxVisitor annotation for visitor: jadx.core.dex.visitors.regions.ReturnVisitor
15:40:43 WARN  - No JadxVisitor annotation for visitor: jadx.core.dex.visitors.CodeShrinker
15:40:43 WARN  - No JadxVisitor annotation for visitor: jadx.core.dex.visitors.SimplifyVisitor
15:40:43 WARN  - No JadxVisitor annotation for visitor: jadx.core.dex.visitors.regions.CheckRegions
15:40:43 WARN  - No JadxVisitor annotation for visitor: jadx.core.dex.visitors.MethodInlineVisitor
15:40:43 WARN  - No JadxVisitor annotation for visitor: jadx.core.dex.visitors.regions.LoopRegionVisitor
15:40:43 WARN  - No JadxVisitor annotation for visitor: jadx.core.dex.visitors.regions.ProcessVariables
15:40:43 WARN  - No JadxVisitor annotation for visitor: jadx.core.dex.visitors.DependencyCollector
15:40:43 WARN  - No JadxVisitor annotation for visitor: jadx.core.dex.visitors.RenameVisitor
]]></system-out>
  <system-err><![CDATA[]]></system-err>
</testsuite>
