<?xml version="1.0" encoding="UTF-8"?>
<testsuite name="jadx.tests.integration.enums.TestEnumsWithConsts" tests="1" skipped="0" failures="0" errors="0" timestamp="2016-04-22T15:40:52" hostname="box723" time="0.069">
  <properties/>
  <testcase name="test" classname="jadx.tests.integration.enums.TestEnumsWithConsts" time="0.069"/>
  <system-out><![CDATA[15:40:52 INFO  - converting to dex: jadx-tmp-879781195113444388184920595586816.jar ...
15:40:52 INFO  - loading ...
15:40:52 DEBUG - Load: /tmp/jadx-tmp-879781195113444388184920595586816.jar
15:40:52 DEBUG - '.arsc' file not found
15:40:52 WARN  - Unknown 'R' class, create references to 'R'
-----------------------------------------------------------
package jadx.tests.integration.enums;

public class TestEnumsWithConsts$TestCls {
    public static final int C1 = 1;
    public static final int C2 = 2;
    public static final int C4 = 4;
    public static final String S = "NORTH";

    public enum Direction {
        NORTH,
        SOUTH,
        EAST,
        WEST
    }
}
-----------------------------------------------------------
Compilation: PASSED
]]></system-out>
  <system-err><![CDATA[]]></system-err>
</testsuite>
