<?xml version="1.0" encoding="UTF-8"?>
<testsuite name="jadx.tests.integration.inline.TestInline6" tests="1" skipped="0" failures="0" errors="0" timestamp="2016-04-22T15:40:54" hostname="box723" time="0.069">
  <properties/>
  <testcase name="test" classname="jadx.tests.integration.inline.TestInline6" time="0.069"/>
  <system-out><![CDATA[15:40:54 INFO  - converting to dex: jadx-tmp-199931158484117999484922228486296.jar ...
15:40:54 INFO  - loading ...
15:40:54 DEBUG - Load: /tmp/jadx-tmp-199931158484117999484922228486296.jar
15:40:54 DEBUG - '.arsc' file not found
15:40:54 WARN  - Unknown 'R' class, create references to 'R'
-----------------------------------------------------------
package jadx.tests.integration.inline;

public class TestInline6$TestCls {
    public void f() {
    }

    public void test(int a, int b) {
        long start = System.nanoTime();
        f();
        System.out.println(System.nanoTime() - start);
    }
}
-----------------------------------------------------------
Compilation: PASSED
]]></system-out>
  <system-err><![CDATA[]]></system-err>
</testsuite>
