<?xml version="1.0" encoding="UTF-8"?>
<testsuite name="jadx.tests.TestNameMapper" tests="2" skipped="0" failures="0" errors="0" timestamp="2016-04-22T15:40:42" hostname="box723" time="0.026">
  <properties/>
  <testcase name="test is Valid Full Identifier" classname="jadx.tests.TestNameMapper" time="0.018"/>
  <testcase name="test is not Valid Full Identifier" classname="jadx.tests.TestNameMapper" time="0.005"/>
  <system-out><![CDATA[]]></system-out>
  <system-err><![CDATA[]]></system-err>
</testsuite>
