<?xml version="1.0" encoding="UTF-8"?>
<testsuite name="jadx.tests.integration.trycatch.TestTryCatchFinally2" tests="1" skipped="0" failures="0" errors="0" timestamp="2016-04-22T15:41:03" hostname="box723" time="0.137">
  <properties/>
  <testcase name="test" classname="jadx.tests.integration.trycatch.TestTryCatchFinally2" time="0.137"/>
  <system-out><![CDATA[15:41:03 INFO  - converting to dex: jadx-tmp-499397600768113958684931132308649.jar ...
15:41:03 INFO  - loading ...
15:41:03 DEBUG - Load: /tmp/jadx-tmp-499397600768113958684931132308649.jar
15:41:03 DEBUG - '.arsc' file not found
15:41:03 WARN  - Unknown 'R' class, create references to 'R'
-----------------------------------------------------------
package jadx.tests.integration.trycatch;

import jadx.core.clsp.NClass;
import java.io.DataOutputStream;
import java.io.IOException;
import java.io.OutputStream;

public class TestTryCatchFinally2$TestCls {
    private NClass[] classes;

    public void test(OutputStream output) throws IOException {
        DataOutputStream out = new DataOutputStream(output);
        try {
            out.writeByte(1);
            out.writeInt(this.classes.length);
            for (NClass cls : this.classes) {
                writeString(out, cls.getName());
            }
            for (NClass cls2 : this.classes) {
                NClass[] parents = cls2.getParents();
                out.writeByte(parents.length);
                for (NClass parent : parents) {
                    out.writeInt(parent.getId());
                }
            }
        } finally {
            out.close();
        }
    }

    private void writeString(DataOutputStream out, String name) {
    }
}
-----------------------------------------------------------
Compilation: PASSED
]]></system-out>
  <system-err><![CDATA[]]></system-err>
</testsuite>
