<?xml version="1.0" encoding="UTF-8"?>
<testsuite name="jadx.tests.integration.loops.TestIterableForEach3" tests="1" skipped="0" failures="0" errors="0" timestamp="2016-04-22T15:40:58" hostname="box723" time="0.078">
  <properties/>
  <testcase name="test" classname="jadx.tests.integration.loops.TestIterableForEach3" time="0.078"/>
  <system-out><![CDATA[15:40:58 INFO  - converting to dex: jadx-tmp-110661295212762729284926649078711.jar ...
15:40:58 INFO  - loading ...
15:40:58 DEBUG - Load: /tmp/jadx-tmp-110661295212762729284926649078711.jar
15:40:58 DEBUG - '.arsc' file not found
15:40:58 WARN  - Unknown 'R' class, create references to 'R'
-----------------------------------------------------------
package jadx.tests.integration.loops;

import java.util.Set;

public class TestIterableForEach3$TestCls<T extends String> {
    private Set<T> a;
    private Set<T> b;

    private void test(T str) {
        Set<T> set = str.length() == 1 ? this.a : this.b;
        for (T s : set) {
            if (s.length() == str.length()) {
                if (str.length() == 0) {
                    set.remove(s);
                    return;
                } else {
                    set.add(str);
                    return;
                }
            }
        }
    }
}
-----------------------------------------------------------
Compilation: PASSED
]]></system-out>
  <system-err><![CDATA[]]></system-err>
</testsuite>
