<?xml version="1.0" encoding="UTF-8"?>
<testsuite name="jadx.tests.integration.trycatch.TestTryCatch" tests="1" skipped="0" failures="0" errors="0" timestamp="2016-04-22T15:41:02" hostname="box723" time="0.039">
  <properties/>
  <testcase name="test" classname="jadx.tests.integration.trycatch.TestTryCatch" time="0.039"/>
  <system-out><![CDATA[15:41:02 INFO  - converting to dex: jadx-tmp-419928242777253826484930348591023.jar ...
15:41:02 INFO  - loading ...
15:41:02 DEBUG - Load: /tmp/jadx-tmp-419928242777253826484930348591023.jar
15:41:02 DEBUG - '.arsc' file not found
15:41:02 WARN  - Unknown 'R' class, create references to 'R'
-----------------------------------------------------------
package jadx.tests.integration.trycatch;

public class TestTryCatch$TestCls {
    private void f() {
        try {
            Thread.sleep(50);
        } catch (InterruptedException e) {
        }
    }
}
-----------------------------------------------------------
Compilation: PASSED
]]></system-out>
  <system-err><![CDATA[]]></system-err>
</testsuite>
