<?xml version="1.0" encoding="UTF-8"?>
<testsuite name="jadx.tests.integration.inner.TestInnerClass3" tests="1" skipped="0" failures="0" errors="0" timestamp="2016-04-22T15:40:55" hostname="box723" time="0.056">
  <properties/>
  <testcase name="test" classname="jadx.tests.integration.inner.TestInnerClass3" time="0.056"/>
  <system-out><![CDATA[15:40:55 INFO  - converting to dex: jadx-tmp-770295388221929950684923887627528.jar ...
15:40:55 INFO  - loading ...
15:40:55 DEBUG - Load: /tmp/jadx-tmp-770295388221929950684923887627528.jar
15:40:55 DEBUG - '.arsc' file not found
15:40:55 WARN  - Unknown 'R' class, create references to 'R'
-----------------------------------------------------------
package jadx.tests.integration.inner;

public class TestInnerClass3$TestCls {
    private String c;

    public class C {
        public String c() {
            TestInnerClass3$TestCls.this.setC("c");
            return TestInnerClass3$TestCls.this.c;
        }
    }

    private void setC(String c) {
        this.c = c;
    }
}
-----------------------------------------------------------
Compilation: PASSED
]]></system-out>
  <system-err><![CDATA[]]></system-err>
</testsuite>
