<?xml version="1.0" encoding="UTF-8"?>
<testsuite name="jadx.tests.integration.enums.TestSwitchOverEnum" tests="1" skipped="0" failures="0" errors="0" timestamp="2016-04-22T15:40:52" hostname="box723" time="0.326">
  <properties/>
  <testcase name="test" classname="jadx.tests.integration.enums.TestSwitchOverEnum" time="0.326"/>
  <system-out><![CDATA[15:40:52 INFO  - converting to dex: jadx-tmp-836256077863891609984920666826164.jar ...
15:40:52 INFO  - loading ...
15:40:52 DEBUG - Load: /tmp/jadx-tmp-836256077863891609984920666826164.jar
15:40:52 DEBUG - Class not found: jadx.tests.api.IntegrationTest
15:40:52 DEBUG - Class not found: jadx.tests.api.IntegrationTest
15:40:52 DEBUG - '.arsc' file not found
15:40:52 WARN  - Unknown 'R' class, create references to 'R'
-----------------------------------------------------------
package jadx.tests.integration.enums;

import jadx.tests.api.IntegrationTest;
import jadx.tests.api.utils.JadxMatchers;
import org.junit.Assert;
import org.junit.Test;

public class TestSwitchOverEnum extends IntegrationTest {

    public enum Count {
        ONE,
        TWO,
        THREE
    }

    public int testEnum(Count c) {
        switch (c) {
            case ONE:
                return 1;
            case TWO:
                return 2;
            default:
                return 0;
        }
    }

    public void check() {
        Assert.assertEquals(1, (long) testEnum(Count.ONE));
        Assert.assertEquals(2, (long) testEnum(Count.TWO));
        Assert.assertEquals(0, (long) testEnum(Count.THREE));
    }

    @Test
    public void test() {
        String code = getClassNode(TestSwitchOverEnum.class).getCode().toString();
        Assert.assertThat(code, JadxMatchers.countString(1, "synthetic"));
        Assert.assertThat(code, JadxMatchers.countString(2, "switch (c) {"));
        Assert.assertThat(code, JadxMatchers.countString(2, "case ONE:"));
    }
}
-----------------------------------------------------------
Compilation: PASSED
Auto check: PASSED
]]></system-out>
  <system-err><![CDATA[]]></system-err>
</testsuite>
