<?xml version="1.0" encoding="UTF-8"?>
<testsuite name="jadx.tests.integration.loops.TestLoopCondition3" tests="1" skipped="0" failures="0" errors="0" timestamp="2016-04-22T15:40:58" hostname="box723" time="0.054">
  <properties/>
  <testcase name="test" classname="jadx.tests.integration.loops.TestLoopCondition3" time="0.054"/>
  <system-out><![CDATA[15:40:58 INFO  - converting to dex: jadx-tmp-67324002956038597784926865143889.jar ...
15:40:58 INFO  - loading ...
15:40:58 DEBUG - Load: /tmp/jadx-tmp-67324002956038597784926865143889.jar
15:40:58 DEBUG - '.arsc' file not found
15:40:58 WARN  - Unknown 'R' class, create references to 'R'
-----------------------------------------------------------
package jadx.tests.integration.loops;

public class TestLoopCondition3$TestCls {
    public static void test(int a, int b, int c) {
        while (a < 12) {
            if (b + a < 9 && b < 8) {
                if (b >= 2 && a > -1 && b < 6) {
                    System.out.println("OK");
                    c = b + 1;
                }
                b = a;
            }
            c = b;
            b++;
            b = c;
            a++;
        }
    }
}
-----------------------------------------------------------
Compilation: PASSED
]]></system-out>
  <system-err><![CDATA[]]></system-err>
</testsuite>
