<?xml version="1.0" encoding="UTF-8"?>
<testsuite name="jadx.tests.integration.loops.TestIterableForEach" tests="1" skipped="0" failures="0" errors="0" timestamp="2016-04-22T15:40:58" hostname="box723" time="0.075">
  <properties/>
  <testcase name="test" classname="jadx.tests.integration.loops.TestIterableForEach" time="0.075"/>
  <system-out><![CDATA[15:40:58 INFO  - converting to dex: jadx-tmp-57039660785871120884926473319439.jar ...
15:40:58 INFO  - loading ...
15:40:58 DEBUG - Load: /tmp/jadx-tmp-57039660785871120884926473319439.jar
15:40:58 DEBUG - '.arsc' file not found
15:40:58 WARN  - Unknown 'R' class, create references to 'R'
-----------------------------------------------------------
package jadx.tests.integration.loops;

public class TestIterableForEach$TestCls {
    private String test(Iterable<String> a) {
        StringBuilder sb = new StringBuilder();
        for (String s : a) {
            sb.append(s);
        }
        return sb.toString();
    }
}
-----------------------------------------------------------
Compilation: PASSED
]]></system-out>
  <system-err><![CDATA[]]></system-err>
</testsuite>
