<?xml version="1.0" encoding="UTF-8"?>
<testsuite name="jadx.tests.integration.inner.TestAnonymousClass10" tests="1" skipped="0" failures="0" errors="0" timestamp="2016-04-22T15:40:54" hostname="box723" time="0.064">
  <properties/>
  <testcase name="test" classname="jadx.tests.integration.inner.TestAnonymousClass10" time="0.064"/>
  <system-out><![CDATA[15:40:54 INFO  - converting to dex: jadx-tmp-283872938765015583584922713063779.jar ...
15:40:54 INFO  - loading ...
15:40:54 DEBUG - Load: /tmp/jadx-tmp-283872938765015583584922713063779.jar
15:40:54 DEBUG - '.arsc' file not found
15:40:54 WARN  - Unknown 'R' class, create references to 'R'
-----------------------------------------------------------
package jadx.tests.integration.inner;

import java.util.Random;

public class TestAnonymousClass10$TestCls {

    public abstract class A {
        public abstract void m();

        public A(TestAnonymousClass10$TestCls a1, int a2, int a3, int a4, int a5, double a6) {
        }
    }

    public A test() {
        Random random = new Random();
        int a2 = random.nextInt();
        return new A(this, a2, a2 + 3, 4, 5, random.nextDouble()) {
            public void m() {
                System.out.println(1);
            }
        };
    }
}
-----------------------------------------------------------
Compilation: PASSED
]]></system-out>
  <system-err><![CDATA[]]></system-err>
</testsuite>
