<?xml version="1.0" encoding="UTF-8"?>
<testsuite name="jadx.tests.TestAPI" tests="7" skipped="0" failures="0" errors="0" timestamp="2016-04-22T15:40:41" hostname="box723" time="0.785">
  <properties/>
  <testcase name="no loaded files" classname="jadx.tests.TestAPI" time="0.7"/>
  <testcase name="save with no loaded files" classname="jadx.tests.TestAPI" time="0.009"/>
  <testcase name="load empty files list" classname="jadx.tests.TestAPI" time="0.021"/>
  <testcase name="load null" classname="jadx.tests.TestAPI" time="0.004"/>
  <testcase name="load missing file" classname="jadx.tests.TestAPI" time="0.009"/>
  <testcase name="pass decompiler args" classname="jadx.tests.TestAPI" time="0.04"/>
  <testcase name="get errors count for new decompiler" classname="jadx.tests.TestAPI" time="0.001"/>
  <system-out><![CDATA[]]></system-out>
  <system-err><![CDATA[]]></system-err>
</testsuite>
