<?xml version="1.0" encoding="UTF-8"?>
<testsuite name="jadx.tests.integration.loops.TestTryCatchInLoop" tests="1" skipped="0" failures="0" errors="0" timestamp="2016-04-22T15:40:59" hostname="box723" time="0.068">
  <properties/>
  <testcase name="test" classname="jadx.tests.integration.loops.TestTryCatchInLoop" time="0.068"/>
  <system-out><![CDATA[15:40:59 INFO  - converting to dex: jadx-tmp-515706510002793179684927497323332.jar ...
15:40:59 INFO  - loading ...
15:40:59 DEBUG - Load: /tmp/jadx-tmp-515706510002793179684927497323332.jar
15:40:59 DEBUG - '.arsc' file not found
15:40:59 WARN  - Unknown 'R' class, create references to 'R'
-----------------------------------------------------------
package jadx.tests.integration.loops;

import org.junit.Assert;

public class TestTryCatchInLoop$TestCls {
    int c = 0;

    public int test() {
        while (true) {
            try {
                exc();
                break;
            } catch (Exception e) {
            }
        }
        if (this.c == 5) {
            System.out.println(this.c);
        }
        return 0;
    }

    private void exc() throws Exception {
        this.c++;
        if (this.c < 3) {
            throw new Exception();
        }
    }

    public void check() {
        test();
        Assert.assertEquals(3, (long) this.c);
    }
}
-----------------------------------------------------------
Compilation: PASSED
Auto check: PASSED
]]></system-out>
  <system-err><![CDATA[]]></system-err>
</testsuite>
