<?xml version="1.0" encoding="UTF-8"?>
<testsuite name="jadx.tests.integration.others.TestFieldInit2" tests="1" skipped="0" failures="0" errors="0" timestamp="2016-04-22T15:40:59" hostname="box723" time="0.055">
  <properties/>
  <testcase name="test" classname="jadx.tests.integration.others.TestFieldInit2" time="0.055"/>
  <system-out><![CDATA[15:40:59 INFO  - converting to dex: jadx-tmp-635362816624825398684927840116403.jar ...
15:40:59 INFO  - loading ...
15:40:59 DEBUG - Load: /tmp/jadx-tmp-635362816624825398684927840116403.jar
15:40:59 DEBUG - '.arsc' file not found
15:40:59 WARN  - Unknown 'R' class, create references to 'R'
-----------------------------------------------------------
package jadx.tests.integration.others;

public class TestFieldInit2$TestCls {
    private BasicAbstract x = new BasicAbstract() {
        public void doSomething() {
            TestFieldInit2$TestCls.this.y = 1;
        }
    };
    private int y = 0;

    public interface BasicAbstract {
        void doSomething();
    }

    public TestFieldInit2$TestCls(int z) {
    }
}
-----------------------------------------------------------
Compilation: PASSED
]]></system-out>
  <system-err><![CDATA[]]></system-err>
</testsuite>
