<?xml version="1.0" encoding="UTF-8"?>
<testsuite name="jadx.tests.integration.arrays.TestArrayFillConstReplace" tests="1" skipped="0" failures="0" errors="0" timestamp="2016-04-22T15:40:48" hostname="box723" time="0.051">
  <properties/>
  <testcase name="test" classname="jadx.tests.integration.arrays.TestArrayFillConstReplace" time="0.051"/>
  <system-out><![CDATA[15:40:48 INFO  - converting to dex: jadx-tmp-261804081903435639884916619140115.jar ...
15:40:48 INFO  - loading ...
15:40:48 DEBUG - Load: /tmp/jadx-tmp-261804081903435639884916619140115.jar
15:40:48 DEBUG - '.arsc' file not found
15:40:48 WARN  - Unknown 'R' class, create references to 'R'
-----------------------------------------------------------
package jadx.tests.integration.arrays;

public class TestArrayFillConstReplace$TestCls {
    public static final int CONST_INT = 65535;

    public int[] test() {
        return new int[]{127, 129, CONST_INT};
    }
}
-----------------------------------------------------------
Compilation: PASSED
]]></system-out>
  <system-err><![CDATA[]]></system-err>
</testsuite>
