<?xml version="1.0" encoding="UTF-8"?>
<testsuite name="jadx.tests.integration.loops.TestLoopConditionInvoke" tests="1" skipped="0" failures="0" errors="0" timestamp="2016-04-22T15:40:58" hostname="box723" time="0.06">
  <properties/>
  <testcase name="test" classname="jadx.tests.integration.loops.TestLoopConditionInvoke" time="0.06"/>
  <system-out><![CDATA[15:40:59 INFO  - converting to dex: jadx-tmp-646377089483191794584926980836697.jar ...
15:40:59 INFO  - loading ...
15:40:59 DEBUG - Load: /tmp/jadx-tmp-646377089483191794584926980836697.jar
15:40:59 DEBUG - '.arsc' file not found
15:40:59 WARN  - Unknown 'R' class, create references to 'R'
-----------------------------------------------------------
package jadx.tests.integration.loops;

public class TestLoopConditionInvoke$TestCls {
    private static final char STOP_CHAR = '\u0000';
    private int pos;

    private boolean test(char lastChar) {
        int startPos = this.pos;
        char ch;
        do {
            ch = next();
            if (ch == '\u0000') {
                this.pos = startPos;
                return false;
            }
        } while (ch != lastChar);
        return true;
    }

    private char next() {
        return '\u0000';
    }
}
-----------------------------------------------------------
Compilation: PASSED
]]></system-out>
  <system-err><![CDATA[]]></system-err>
</testsuite>
