<?xml version="1.0" encoding="UTF-8"?>
<testsuite name="jadx.cli.JadxCLIArgsTest" tests="1" skipped="0" failures="0" errors="0" timestamp="2016-04-22T15:40:31" hostname="box723" time="0.286">
  <properties/>
  <testcase name="testInvertedBooleanOption" classname="jadx.cli.JadxCLIArgsTest" time="0.286"/>
  <system-out><![CDATA[]]></system-out>
  <system-err><![CDATA[]]></system-err>
</testsuite>
